2023-04-28 10:11:19,166 [INFO] Activator:176 - 


2023-04-28 10:11:19,174 [INFO] Activator:177 - !SESSION log4j initialized
2023-04-28 10:11:26,683 [INFO] LogOutputStream:77 - [STDOUT_REDIRECT] 
2023-04-28 10:11:40,918 [INFO] ApplicationProperties:184 - Using Application install path: C:\ST\STM32CubeIDE_1.12.0\STM32CubeIDE\plugins\com.st.stm32cube.common.mx_6.8.0.202302231600
2023-04-28 10:11:40,942 [INFO] DbMcusXml:78 - Set database path to: C:\ST\STM32CubeIDE_1.12.0\STM32CubeIDE\plugins\com.st.stm32cube.common.mx_6.8.0.202302231600\\db\/mcu/
2023-04-28 10:11:40,942 [INFO] ApiDb:274 - Set plugin database path to: C:\ST\STM32CubeIDE_1.12.0\STM32CubeIDE\plugins\com.st.stm32cube.common.mx_6.8.0.202302231600\\db\/plugins/boardmanager/
2023-04-28 10:11:40,950 [WARN] ApiDb:259 - Overriding images path with different value:  => C:\ST\STM32CubeIDE_1.12.0\STM32CubeIDE\plugins\com.st.stm32cube.common.mx_6.8.0.202302231600\\db\/plugins/mcufinder/images/
2023-04-28 10:11:40,966 [INFO] ApiDb:250 - Set database path to: C:\Users\james\.stmcufinder\plugins\mcufinder//mcu/
2023-04-28 10:11:40,975 [INFO] DbMcusAds:125 - Set database path to: C:\Users\james\.stmcufinder\plugins\mcufinder//mcu/
2023-04-28 10:11:40,983 [INFO] CrossReferenceDbSqlite:203 - Set database path to: C:\Users\james\.stmcufinder\plugins\mcufinder//mcu/cs/
2023-04-28 10:11:41,137 [INFO] RulesReader:64 - Compatibility file has been processed (293 Rules)
2023-04-28 10:11:41,242 [INFO] DbMcusXml:78 - Set database path to: C:\ST\STM32CubeIDE_1.12.0\STM32CubeIDE\plugins\com.st.stm32cube.common.mx_6.8.0.202302231600\\db\/mcu/
2023-04-28 10:11:41,242 [INFO] ApiDb:274 - Set plugin database path to: C:\ST\STM32CubeIDE_1.12.0\STM32CubeIDE\plugins\com.st.stm32cube.common.mx_6.8.0.202302231600\\db\/plugins/boardmanager/
2023-04-28 10:11:41,242 [INFO] ApiDb:261 - Set plugin images path to: C:\ST\STM32CubeIDE_1.12.0\STM32CubeIDE\plugins\com.st.stm32cube.common.mx_6.8.0.202302231600\\db\/plugins/mcufinder/images/
2023-04-28 10:11:41,242 [WARN] DbFile:41 - Overriding database path with different value: C:\Users\james\.stmcufinder\plugins\mcufinder/ => C:\Users\james\.stmcufinder\plugins\mcufinder
2023-04-28 10:11:41,242 [INFO] ApiDb:250 - Set database path to: C:\Users\james\.stmcufinder\plugins\mcufinder//mcu/
2023-04-28 10:11:41,242 [WARN] DbFile:41 - Overriding database path with different value: C:\Users\james\.stmcufinder\plugins\mcufinder/ => C:\Users\james\.stmcufinder\plugins\mcufinder
2023-04-28 10:11:41,242 [INFO] DbMcusAds:125 - Set database path to: C:\Users\james\.stmcufinder\plugins\mcufinder//mcu/
2023-04-28 10:11:41,242 [WARN] DbFile:41 - Overriding database path with different value: C:\Users\james\.stmcufinder\plugins\mcufinder/ => C:\Users\james\.stmcufinder\plugins\mcufinder
2023-04-28 10:11:41,242 [WARN] DbFile:41 - Overriding database path with different value: C:\Users\james\.stmcufinder\plugins\mcufinder/ => C:\Users\james\.stmcufinder\plugins\mcufinder
2023-04-28 10:11:41,242 [INFO] CrossReferenceDbSqlite:203 - Set database path to: C:\Users\james\.stmcufinder\plugins\mcufinder//mcu/cs/
2023-04-28 10:11:41,348 [INFO] MainPanel:253 - HeapMemory: 268435456
2023-04-28 10:11:41,494 [INFO] DbMcusXml:78 - Set database path to: C:\ST\STM32CubeIDE_1.12.0\STM32CubeIDE\plugins\com.st.stm32cube.common.mx_6.8.0.202302231600\\db\/mcu/
2023-04-28 10:11:41,494 [INFO] ApiDb:274 - Set plugin database path to: C:\ST\STM32CubeIDE_1.12.0\STM32CubeIDE\plugins\com.st.stm32cube.common.mx_6.8.0.202302231600\\db\/plugins/boardmanager/
2023-04-28 10:11:41,494 [INFO] ApiDb:261 - Set plugin images path to: C:\ST\STM32CubeIDE_1.12.0\STM32CubeIDE\plugins\com.st.stm32cube.common.mx_6.8.0.202302231600\\db\/plugins/mcufinder/images/
2023-04-28 10:11:41,494 [WARN] DbFile:41 - Overriding database path with different value: C:\Users\james\.stmcufinder\plugins\mcufinder/ => C:\Users\james\.stmcufinder\plugins\mcufinder
2023-04-28 10:11:41,494 [INFO] ApiDb:250 - Set database path to: C:\Users\james\.stmcufinder\plugins\mcufinder//mcu/
2023-04-28 10:11:41,494 [WARN] DbFile:41 - Overriding database path with different value: C:\Users\james\.stmcufinder\plugins\mcufinder/ => C:\Users\james\.stmcufinder\plugins\mcufinder
2023-04-28 10:11:41,494 [INFO] DbMcusAds:125 - Set database path to: C:\Users\james\.stmcufinder\plugins\mcufinder//mcu/
2023-04-28 10:11:41,494 [WARN] DbFile:41 - Overriding database path with different value: C:\Users\james\.stmcufinder\plugins\mcufinder/ => C:\Users\james\.stmcufinder\plugins\mcufinder
2023-04-28 10:11:41,494 [WARN] DbFile:41 - Overriding database path with different value: C:\Users\james\.stmcufinder\plugins\mcufinder/ => C:\Users\james\.stmcufinder\plugins\mcufinder
2023-04-28 10:11:41,494 [INFO] CrossReferenceDbSqlite:203 - Set database path to: C:\Users\james\.stmcufinder\plugins\mcufinder//mcu/cs/
2023-04-28 10:11:41,518 [INFO] ApplicationProperties:184 - Using Application install path: C:\ST\STM32CubeIDE_1.12.0\STM32CubeIDE\plugins\com.st.stm32cube.common.mx_6.8.0.202302231600
2023-04-28 10:11:41,527 [INFO] PluginManage:196 - Search for loadable plugins [exclusion list=, ]
2023-04-28 10:11:41,527 [INFO] PluginManage:310 - Check plugin analytics
2023-04-28 10:11:41,739 [INFO] AnalyticsPlugin:253 - Accepted Software Licenses: 
2023-04-28 10:11:41,739 [INFO] AnalyticsPlugin:255 - Accepted CMSIS Pack Licenses: 
2023-04-28 10:11:41,739 [INFO] AnalyticsPlugin:257 - Accepted Firmware Licenses: 
2023-04-28 10:11:41,747 [INFO] PluginManage:359 - Loaded plugin analytics (category:tool,tabindex:-1)
2023-04-28 10:11:41,747 [INFO] PluginManage:310 - Check plugin cadmodel
2023-04-28 10:11:41,771 [INFO] CADModel:105 - Init CAD model plugin
2023-04-28 10:11:41,771 [INFO] PluginManage:359 - Loaded plugin cadmodel (category:power,tabindex:5)
2023-04-28 10:11:41,771 [INFO] PluginManage:310 - Check plugin clock
2023-04-28 10:11:41,795 [INFO] PluginManage:359 - Loaded plugin clock (category:base,tabindex:2)
2023-04-28 10:11:41,795 [INFO] PluginManage:310 - Check plugin ddr
2023-04-28 10:11:41,795 [INFO] PluginManage:359 - Loaded plugin ddr (category:tool,tabindex:6)
2023-04-28 10:11:41,795 [INFO] PluginManage:310 - Check plugin filemanager
2023-04-28 10:11:41,974 [INFO] PluginManage:359 - Loaded plugin filemanager (category:base,tabindex:10)
2023-04-28 10:11:41,974 [INFO] PluginManage:310 - Check plugin ipmanager
2023-04-28 10:11:41,982 [INFO] PluginManage:359 - Loaded plugin ipmanager (category:base,tabindex:5)
2023-04-28 10:11:41,982 [INFO] PluginManage:310 - Check plugin lpbam
2023-04-28 10:11:42,007 [INFO] PluginManage:359 - Loaded plugin lpbam (category:base,tabindex:0)
2023-04-28 10:11:42,007 [INFO] PluginManage:310 - Check plugin pinoutandconfiguration
2023-04-28 10:11:42,023 [INFO] PluginManage:359 - Loaded plugin pinoutandconfiguration (category:base,tabindex:1)
2023-04-28 10:11:42,023 [INFO] PluginManage:310 - Check plugin pinoutconfig
2023-04-28 10:11:42,153 [WARN] SupportedApi:132 - Cannot load RTOS API schema: s4s-elt-must-match.1: The content of 'definitions' must match (annotation?, (simpleType | complexType)?, (unique | key | keyref)*)). A problem was found starting at: attribute.
2023-04-28 10:11:42,340 [INFO] PluginManage:359 - Loaded plugin pinoutconfig (category:base,tabindex:0)
2023-04-28 10:11:42,340 [INFO] PluginManage:310 - Check plugin power
2023-04-28 10:11:42,364 [INFO] PluginManage:359 - Loaded plugin power (category:power,tabindex:4)
2023-04-28 10:11:42,364 [INFO] PluginManage:310 - Check plugin projectmanager
2023-04-28 10:11:42,389 [INFO] PluginManage:359 - Loaded plugin projectmanager (category:projectmanager,tabindex:3)
2023-04-28 10:11:42,389 [INFO] PluginManage:310 - Check plugin thirdparty
2023-04-28 10:11:42,681 [INFO] PluginManage:359 - Loaded plugin thirdparty (category:base,tabindex:-1)
2023-04-28 10:11:42,681 [WARN] IntegrityCheckThread:84 - waiting for thirdparty lock release [integrity check]
2023-04-28 10:11:42,681 [INFO] PluginManage:310 - Check plugin tools
2023-04-28 10:11:42,681 [INFO] IntegrityCheckThread:86 - entering critical section [integrity check]
2023-04-28 10:11:42,681 [INFO] ThirdPartyUpdaterWithRetryManager:70 - Updater plugin not ready yet. [1/15]
2023-04-28 10:11:42,714 [INFO] PluginManage:359 - Loaded plugin tools (category:base,tabindex:7)
2023-04-28 10:11:42,714 [INFO] PluginManage:310 - Check plugin tutovideos
2023-04-28 10:11:43,007 [INFO] PluginManage:359 - Loaded plugin tutovideos (category:base,tabindex:-1)
2023-04-28 10:11:43,007 [INFO] PluginManage:310 - Check plugin updater
2023-04-28 10:11:43,031 [INFO] PluginManage:359 - Loaded plugin updater (category:base,tabindex:12)
2023-04-28 10:11:43,031 [INFO] PluginManage:283 - PluginManage : Loaded plugins [15]
2023-04-28 10:11:43,348 [INFO] PinOutPanel:1499 - setPackage(No Configuration,No Configuration)
2023-04-28 10:11:43,430 [INFO] CADModel:165 - CPN selected for project level
2023-04-28 10:11:43,430 [INFO] CADModel:114 - Register for checkConnection events
2023-04-28 10:11:43,462 [INFO] IPUIPlugin:80 - create IPUIPlugin
2023-04-28 10:11:43,462 [INFO] PluginManager:220 - loadIPPluginJar : add adc
2023-04-28 10:11:43,503 [INFO] IPUIPlugin:80 - create IPUIPlugin
2023-04-28 10:11:43,503 [INFO] PluginManager:220 - loadIPPluginJar : add aes
2023-04-28 10:11:43,544 [INFO] IPUIPlugin:80 - create IPUIPlugin
2023-04-28 10:11:43,544 [INFO] PluginManager:220 - loadIPPluginJar : add can
2023-04-28 10:11:43,568 [INFO] IPUIPlugin:80 - create IPUIPlugin
2023-04-28 10:11:43,568 [INFO] PluginManager:220 - loadIPPluginJar : add comp
2023-04-28 10:11:43,600 [INFO] IPUIPlugin:80 - create IPUIPlugin
2023-04-28 10:11:43,600 [INFO] PluginManager:220 - loadIPPluginJar : add cryp
2023-04-28 10:11:43,633 [INFO] IPUIPlugin:80 - create IPUIPlugin
2023-04-28 10:11:43,633 [INFO] PluginManager:220 - loadIPPluginJar : add dfsdm
2023-04-28 10:11:43,649 [INFO] IPUIPlugin:80 - create IPUIPlugin
2023-04-28 10:11:43,649 [INFO] PluginManager:220 - loadIPPluginJar : add dma
2023-04-28 10:11:43,698 [INFO] IPUIPlugin:80 - create IPUIPlugin
2023-04-28 10:11:43,698 [INFO] PluginManager:220 - loadIPPluginJar : add dma3
2023-04-28 10:11:43,714 [INFO] IPUIPlugin:80 - create IPUIPlugin
2023-04-28 10:11:43,714 [INFO] PluginManager:220 - loadIPPluginJar : add fatfs
2023-04-28 10:11:43,771 [INFO] IPUIPlugin:80 - create IPUIPlugin
2023-04-28 10:11:43,771 [INFO] PluginManager:220 - loadIPPluginJar : add fmc
2023-04-28 10:11:43,787 [INFO] IPUIPlugin:80 - create IPUIPlugin
2023-04-28 10:11:43,787 [INFO] PluginManager:220 - loadIPPluginJar : add freertos
2023-04-28 10:11:43,812 [INFO] IPUIPlugin:80 - create IPUIPlugin
2023-04-28 10:11:43,812 [INFO] PluginManager:220 - loadIPPluginJar : add genericplugin
2023-04-28 10:11:43,901 [INFO] IPUIPlugin:80 - create IPUIPlugin
2023-04-28 10:11:43,901 [INFO] PluginManager:220 - loadIPPluginJar : add gfxmmu
2023-04-28 10:11:44,048 [INFO] IPUIPlugin:80 - create IPUIPlugin
2023-04-28 10:11:44,048 [INFO] PluginManager:220 - loadIPPluginJar : add gic
2023-04-28 10:11:44,064 [INFO] IPUIPlugin:80 - create IPUIPlugin
2023-04-28 10:11:44,064 [INFO] PluginManager:220 - loadIPPluginJar : add gpio
2023-04-28 10:11:44,154 [INFO] IPUIPlugin:80 - create IPUIPlugin
2023-04-28 10:11:44,154 [INFO] PluginManager:220 - loadIPPluginJar : add gtzc
2023-04-28 10:11:44,186 [INFO] IPUIPlugin:80 - create IPUIPlugin
2023-04-28 10:11:44,186 [INFO] PluginManager:220 - loadIPPluginJar : add hash
2023-04-28 10:11:44,243 [INFO] IPUIPlugin:80 - create IPUIPlugin
2023-04-28 10:11:44,243 [INFO] PluginManager:220 - loadIPPluginJar : add i2c
2023-04-28 10:11:44,284 [INFO] IPUIPlugin:80 - create IPUIPlugin
2023-04-28 10:11:44,284 [INFO] PluginManager:220 - loadIPPluginJar : add i2s
2023-04-28 10:11:44,324 [INFO] IPUIPlugin:80 - create IPUIPlugin
2023-04-28 10:11:44,324 [INFO] PluginManager:220 - loadIPPluginJar : add i3c
2023-04-28 10:11:44,438 [INFO] IPUIPlugin:80 - create IPUIPlugin
2023-04-28 10:11:44,438 [INFO] PluginManager:220 - loadIPPluginJar : add ipddr
2023-04-28 10:11:44,535 [INFO] IPUIPlugin:80 - create IPUIPlugin
2023-04-28 10:11:44,535 [INFO] PluginManager:220 - loadIPPluginJar : add linkedlist
2023-04-28 10:11:44,568 [INFO] IPUIPlugin:80 - create IPUIPlugin
2023-04-28 10:11:44,568 [INFO] PluginManager:220 - loadIPPluginJar : add lorawan
2023-04-28 10:11:44,617 [INFO] IPUIPlugin:80 - create IPUIPlugin
2023-04-28 10:11:44,617 [INFO] PluginManager:220 - loadIPPluginJar : add ltdc
2023-04-28 10:11:44,633 [INFO] IPUIPlugin:80 - create IPUIPlugin
2023-04-28 10:11:44,633 [INFO] PluginManager:220 - loadIPPluginJar : add mdma
2023-04-28 10:11:44,649 [INFO] IPUIPlugin:80 - create IPUIPlugin
2023-04-28 10:11:44,649 [INFO] PluginManager:220 - loadIPPluginJar : add nvic
2023-04-28 10:11:44,690 [INFO] IPUIPlugin:80 - create IPUIPlugin
2023-04-28 10:11:44,690 [INFO] PluginManager:220 - loadIPPluginJar : add opamp
2023-04-28 10:11:44,755 [INFO] IPUIPlugin:80 - create IPUIPlugin
2023-04-28 10:11:44,755 [INFO] PluginManager:220 - loadIPPluginJar : add openamp
2023-04-28 10:11:44,804 [INFO] IPUIPlugin:80 - create IPUIPlugin
2023-04-28 10:11:44,804 [INFO] PluginManager:220 - loadIPPluginJar : add pdm2pcm
2023-04-28 10:11:44,820 [INFO] IPUIPlugin:80 - create IPUIPlugin
2023-04-28 10:11:44,828 [INFO] PluginManager:220 - loadIPPluginJar : add plateformsettings
2023-04-28 10:11:44,845 [INFO] IPUIPlugin:80 - create IPUIPlugin
2023-04-28 10:11:44,845 [INFO] PluginManager:220 - loadIPPluginJar : add quadspi
2023-04-28 10:11:44,861 [INFO] IPUIPlugin:80 - create IPUIPlugin
2023-04-28 10:11:44,861 [INFO] PluginManager:220 - loadIPPluginJar : add resmgrutility
2023-04-28 10:11:44,918 [INFO] IPUIPlugin:80 - create IPUIPlugin
2023-04-28 10:11:44,918 [INFO] PluginManager:220 - loadIPPluginJar : add sai
2023-04-28 10:11:44,950 [INFO] IPUIPlugin:80 - create IPUIPlugin
2023-04-28 10:11:44,950 [INFO] PluginManager:220 - loadIPPluginJar : add spi
2023-04-28 10:11:45,015 [INFO] IPUIPlugin:80 - create IPUIPlugin
2023-04-28 10:11:45,015 [INFO] PluginManager:220 - loadIPPluginJar : add stm32_wpan
2023-04-28 10:11:45,031 [INFO] IPUIPlugin:80 - create IPUIPlugin
2023-04-28 10:11:45,031 [INFO] PluginManager:220 - loadIPPluginJar : add tim
2023-04-28 10:11:45,088 [INFO] IPUIPlugin:80 - create IPUIPlugin
2023-04-28 10:11:45,088 [INFO] PluginManager:220 - loadIPPluginJar : add touchsensing
2023-04-28 10:11:45,113 [INFO] IPUIPlugin:80 - create IPUIPlugin
2023-04-28 10:11:45,113 [INFO] PluginManager:220 - loadIPPluginJar : add tracer_emb
2023-04-28 10:11:45,137 [INFO] IPUIPlugin:80 - create IPUIPlugin
2023-04-28 10:11:45,137 [INFO] PluginManager:220 - loadIPPluginJar : add ts
2023-04-28 10:11:45,161 [INFO] IPUIPlugin:80 - create IPUIPlugin
2023-04-28 10:11:45,161 [INFO] PluginManager:220 - loadIPPluginJar : add tsc
2023-04-28 10:11:45,178 [INFO] IPUIPlugin:80 - create IPUIPlugin
2023-04-28 10:11:45,178 [INFO] PluginManager:220 - loadIPPluginJar : add ucpd
2023-04-28 10:11:45,226 [INFO] IPUIPlugin:80 - create IPUIPlugin
2023-04-28 10:11:45,226 [INFO] PluginManager:220 - loadIPPluginJar : add usart
2023-04-28 10:11:45,267 [INFO] IPUIPlugin:80 - create IPUIPlugin
2023-04-28 10:11:45,267 [INFO] PluginManager:220 - loadIPPluginJar : add usbx
2023-04-28 10:11:45,451 [INFO] CADModel:165 - CPN selected for project level
2023-04-28 10:11:45,451 [INFO] CADModel:114 - Register for checkConnection events
2023-04-28 10:11:45,451 [FATAL] Updater:308 - Updater called before beeing initialized
2023-04-28 10:11:45,451 [ERROR] CADModel:125 - Updater not yet initialized, retry later 
2023-04-28 10:11:45,630 [INFO] CADModel:165 - CPN selected for project level
2023-04-28 10:11:45,630 [INFO] CADModel:114 - Register for checkConnection events
2023-04-28 10:11:45,630 [FATAL] Updater:308 - Updater called before beeing initialized
2023-04-28 10:11:45,630 [ERROR] CADModel:125 - Updater not yet initialized, retry later 
2023-04-28 10:11:45,638 [FATAL] Updater:308 - Updater called before beeing initialized
2023-04-28 10:11:45,686 [INFO] ThirdPartyUpdaterWithRetryManager:70 - Updater plugin not ready yet. [2/15]
2023-04-28 10:11:45,767 [FATAL] Updater:308 - Updater called before beeing initialized
2023-04-28 10:11:45,784 [INFO] DbMcusAds:53 - JSON generation date=Tue Mar 07 00:50:55 PST 2023 (1678179055335)
2023-04-28 10:11:45,784 [FATAL] Updater:308 - Updater called before beeing initialized
2023-04-28 10:11:45,873 [WARN] DetailPanel:346 - Failed to get advertising image, set to default
2023-04-28 10:11:46,028 [FATAL] Updater:308 - Updater called before beeing initialized
2023-04-28 10:11:46,060 [FATAL] Updater:308 - Updater called before beeing initialized
2023-04-28 10:11:46,060 [FATAL] Updater:308 - Updater called before beeing initialized
2023-04-28 10:11:46,060 [WARN] DetailPanel:346 - Failed to get advertising image, set to default
2023-04-28 10:11:46,060 [FATAL] Updater:308 - Updater called before beeing initialized
2023-04-28 10:11:46,133 [ERROR] Updater:1120 - MainUpdater not yet initialized. External WinMGr cannot be set.
2023-04-28 10:11:46,150 [INFO] Updater:1056 - Updater Version found : 6.8.0
2023-04-28 10:11:46,174 [INFO] ApplicationProperties:184 - Using Application install path: C:\ST\STM32CubeIDE_1.12.0\STM32CubeIDE\plugins\com.st.stm32cube.common.mx_6.8.0.202302231600
2023-04-28 10:11:46,336 [INFO] MainUpdater:2854 - connection check result : 10
2023-04-28 10:11:46,336 [INFO] MainUpdater:3548 - Updater definition file requires update
2023-04-28 10:11:46,336 [INFO] MainUpdater:283 - Updater Check For Update Now.
2023-04-28 10:11:46,336 [INFO] MicroXplorer:498 - Change Database Version : DB.6.0.80
2023-04-28 10:11:46,402 [INFO] ServerAccessManage:473 - Download File updaters.zip
2023-04-28 10:11:46,475 [INFO] FileExtend:240 - Unzip File : updaters.zip
2023-04-28 10:11:46,475 [INFO] FileExtend:255 - Standard Zip Deflate
2023-04-28 10:11:46,964 [INFO] ServerAccessManage:473 - Download File PacksControlFlags.xml
2023-04-28 10:11:47,121 [INFO] ServerAccessManage:473 - Download File cubemx.pidx
2023-04-28 10:11:47,838 [INFO] ServerAccessManage:473 - Download File STMicroelectronics.X-CUBE-MEMS1.pdsc
2023-04-28 10:11:48,698 [WARN] MainUpdater:1187 - Updater busy. Cannot search thirdparties
2023-04-28 10:11:48,698 [INFO] ThirdPartyUpdaterWithRetryManager:96 - Updater plugin is busy. [1/15]
2023-04-28 10:11:48,771 [INFO] ServerAccessManage:473 - Download File STMicroelectronics.X-CUBE-AZRTOS-G4.pdsc
2023-04-28 10:11:49,267 [WARN] PackLoader:240 - Cannot read IP mode file for STMicroelectronics.X-CUBE-MEMS1.9.6.0
2023-04-28 10:11:49,292 [INFO] CheckServerUpdateThread:120 - End of CheckServer Thread
2023-04-28 10:11:49,308 [INFO] MainUpdater:2854 - connection check result : 10
2023-04-28 10:11:49,332 [INFO] McuFinderGlobals:66 - Set McuFinderConnectedMode to true
2023-04-28 10:11:49,560 [WARN] PackLoader:240 - Cannot read IP mode file for STMicroelectronics.X-CUBE-AZRTOS-G4.2.0.0
2023-04-28 10:11:49,560 [INFO] PopulateThirdPartyThread:66 - Ending populate Thread
2023-04-28 10:11:49,568 [INFO] ThirdParty:1030 - CMSIS Pack Vendor :STMicroelectronics X-CUBE-AZRTOS-G4 2.0.0
2023-04-28 10:11:49,568 [INFO] ThirdParty:1030 - CMSIS Pack Vendor :STMicroelectronics X-CUBE-MEMS1 9.6.0
2023-04-28 10:11:49,568 [INFO] LoadServerUpdatesThread:373 - End of LoadServerUpdate Thread
2023-04-28 10:11:49,625 [INFO] ServerAccessManage:473 - Download File mcusAds.json._tmp_
2023-04-28 10:11:49,739 [INFO] LoadUrlFilesThread:156 - End of LoadUrlFiles Thread
2023-04-28 10:11:49,852 [ERROR] LogOutputStream:75 - [STDERR_REDIRECT] SLF4J: Failed to load class "org.slf4j.impl.StaticLoggerBinder".
2023-04-28 10:11:49,852 [ERROR] LogOutputStream:75 - [STDERR_REDIRECT] SLF4J: Defaulting to no-operation (NOP) logger implementation
2023-04-28 10:11:49,860 [ERROR] LogOutputStream:75 - [STDERR_REDIRECT] SLF4J: See http://www.slf4j.org/codes.html#StaticLoggerBinder for further details.
2023-04-28 10:11:49,876 [INFO] ServerAccessManage:473 - Download File cube-finder-db.zip
2023-04-28 10:11:50,924 [INFO] FileExtend:240 - Unzip File : cube-finder-db.zip
2023-04-28 10:11:50,924 [INFO] FileExtend:255 - Standard Zip Deflate
2023-04-28 10:11:51,713 [WARN] MainUpdater:1187 - Updater busy. Cannot search thirdparties
2023-04-28 10:11:51,713 [INFO] ThirdPartyUpdaterWithRetryManager:96 - Updater plugin is busy. [2/15]
2023-04-28 10:11:51,908 [INFO] LoadUrlFilesThread:156 - End of LoadUrlFiles Thread
2023-04-28 10:11:52,747 [INFO] ServerAccessManage:473 - Download File crdb.zip
2023-04-28 10:11:53,822 [INFO] FileExtend:240 - Unzip File : crdb.zip
2023-04-28 10:11:53,822 [INFO] FileExtend:255 - Standard Zip Deflate
2023-04-28 10:11:54,002 [INFO] LoadUrlFilesThread:156 - End of LoadUrlFiles Thread
2023-04-28 10:11:54,133 [INFO] ServerAccessManage:473 - Download File tutoVideoDB.zip
2023-04-28 10:11:54,133 [INFO] FileExtend:240 - Unzip File : tutoVideoDB.zip
2023-04-28 10:11:54,133 [INFO] FileExtend:255 - Standard Zip Deflate
2023-04-28 10:11:54,263 [INFO] LoadUrlFilesThread:156 - End of LoadUrlFiles Thread
2023-04-28 10:11:54,263 [WARN] DbFile:41 - Overriding database path with different value: C:\Users\james\.stmcufinder\plugins\mcufinder/ => C:\Users\james\.stmcufinder\plugins\mcufinder
2023-04-28 10:11:54,728 [WARN] MainUpdater:1187 - Updater busy. Cannot search thirdparties
2023-04-28 10:11:54,728 [INFO] ThirdPartyUpdaterWithRetryManager:96 - Updater plugin is busy. [3/15]
2023-04-28 10:11:54,930 [INFO] ServerAccessManage:473 - Download File api_config.json
2023-04-28 10:11:55,046 [INFO] LoadUrlFilesThread:156 - End of LoadUrlFiles Thread
2023-04-28 10:11:55,054 [INFO] DbMcusAds:53 - JSON generation date=Tue Mar 07 00:50:55 PST 2023 (1678179055335)
2023-04-28 10:11:55,078 [INFO] LoadUrlFilesThread:185 - End of LoadServerUrlFiles without Thread
2023-04-28 10:11:55,078 [INFO] TargetSelectorAdapter:259 - Refresh data is successful
2023-04-28 10:11:55,233 [INFO] ApiDb:581 - Connected to CubeFinder SQLite database (C:\Users\james\.stmcufinder\plugins\mcufinder\mcu\cube-finder-db.db)
2023-04-28 10:11:55,323 [INFO] ApiDb:668 - CubeFinder database Data Model version=2.1
2023-04-28 10:11:55,323 [INFO] ApiDb:669 - CubeFinder database Configuration version=3.0.35
2023-04-28 10:11:55,323 [INFO] ApiDb:670 - CubeFinder database generation date=2023-04-03 (1680511692)
2023-04-28 10:11:55,323 [INFO] ApiDb:671 - CubeFinder database FW Pack versions=[FP-ATR-ASTRA1_V2.0.0, STM32Cube_FW_C0_V1.0.1, STM32Cube_FW_F0_V1.11.4, STM32Cube_FW_F3_V1.11.4, STM32Cube_FW_F4_V1.27.1, STM32Cube_FW_F7_V1.17.0, STM32Cube_FW_G0_V1.6.1, STM32Cube_FW_G4_V1.5.1, STM32Cube_FW_H5_V0.5.1, STM32Cube_FW_H5_V1.0.0, STM32Cube_FW_H7_V1.11.0, STM32Cube_FW_L0_V1.12.2, STM32Cube_FW_L5_V1.5.0, STM32Cube_FW_U5_V1.2.0, STM32Cube_FW_WBA_V1.0.0, STM32Cube_FW_WBA_V1.0.0RC1, STM32Cube_FW_WBA_V1.0.0RC3, STM32Cube_FW_WB_V1.15.0RC1, STM32Cube_FW_WB_V1.16.0, STM32Cube_FW_WB_V1.16.0RC2, STM32Cube_FW_WL_V1.3.0, X-CUBE-ALGOBUILD_V1.3.0, X-CUBE-ALS_V1.0.1, X-CUBE-AZRTOS-F4_V1.1.0, X-CUBE-AZRTOS-F7_V1.1.0, X-CUBE-AZRTOS-G0_V1.1.0, X-CUBE-AZRTOS-G4_V1.0.0, X-CUBE-AZRTOS-H7_V3.0.0, X-CUBE-AZRTOS-L4_V1.0.0, X-CUBE-AZRTOS-L5_V1.1.0, X-CUBE-AZRTOS-WB_V1.1.0, X-CUBE-AZRTOS-WL_V1.0.0, X-CUBE-BLE1_V6.2.4, X-CUBE-BLE2_V3.3.0, X-CUBE-BLEMGR_V1.3.0, X-CUBE-EEPRMA1_V4.1.0, X-CUBE-FREERTOS_V1.0.1, X-CUBE-GNSS1_V6.0.0, X-CUBE-MEMS1_V9.1.0, X-CUBE-MEMS1_V9.4.0, X-CUBE-MEMS1_V9.5.0, X-CUBE-NFC4_V3.0.0, X-CUBE-NFC7_V1.0.0, X-CUBE-SFXS2LP1_V4.0.0, X-CUBE-SUBG2_V5.0.0]
2023-04-28 10:11:57,577 [INFO] ApiDb:240 - Found 297 in-development CPN: [B-G473E-ZEST1S, B-WB1M-WPAN1, B-WL5M-SUBG1, NUCLEO-C031C6, NUCLEO-H503RB, NUCLEO-H563ZI, NUCLEO-U545RE-Q, NUCLEO-U5A5ZJ-Q, NUCLEO-WBA52CG, STEVAL-PROTEUS1, STEVAL-STWINBX1, STM320518-EVAL, STM32C0116-DK, STM32C011D6Y3TR, STM32C011D6Y6TR, STM32C011F4P3, STM32C011F4P6, STM32C011F4U3, STM32C011F4U6TR, STM32C011F6P3, STM32C011F6P6, STM32C011F6U3, STM32C011F6U6TR, STM32C011J4M3, STM32C011J4M6, STM32C011J6M3, STM32C011J6M6, STM32C0316-DK, STM32C031C4T3, STM32C031C4T6, STM32C031C4U3, STM32C031C4U6, STM32C031C6T3, STM32C031C6T6, STM32C031C6U3, STM32C031C6U6, STM32C031F4P3, STM32C031F4P6, STM32C031F6P3, STM32C031F6P6, STM32C031G4U3, STM32C031G4U6, STM32C031G6U3, STM32C031G6U6, STM32C031K4T3, STM32C031K4T6, STM32C031K4U3, STM32C031K4U6, STM32C031K6T3, STM32C031K6T6, STM32C031K6U3, STM32C031K6U6, STM32G071K8TXN, STM32G071K8UXN, STM32G081GBU6N, STM32G081KBT6N, STM32G081KBUXN, STM32G0B1CCT6N, STM32G0B1KCT6, STM32G0B1NEY6TR, STM32G0B1RCT6N, STM32G0C1CCT6, STM32G0C1CCT6N, STM32G0C1CCU6N, STM32G0C1CET6N, STM32G0C1CEU6N, STM32G0C1KCT6, STM32G0C1NEY6TR, STM32G0C1RCI6N, STM32G0C1RCT6N, STM32G0C1REI6N, STM32G0C1RET6N, STM32G0C1VCI6, STM32G0C1VEI6, STM32G471CCT6, STM32G471CCU6, STM32G471CET3, STM32G471CET6, STM32G471CEU3, STM32G471CEU6, STM32G471MCT6, STM32G471MET3, STM32G471MET6, STM32G471MEY6TR, STM32G471QCT6, STM32G471QET3, STM32G471RCT6, STM32G471RET3, STM32G471RET6, STM32G471VCH6, STM32G471VCI6, STM32G471VCT6, STM32G471VEH3, STM32G471VEH6, STM32G471VEI3, STM32G471VEI6, STM32G471VET3, STM32G471VET6, STM32G474CCT6, STM32H503CBT6, STM32H503CBU6, STM32H503EBY6TR, STM32H503KBU6, STM32H503RBT6, STM32H562AGI6, STM32H562AII6, STM32H562IGK6, STM32H562IGT6, STM32H562IIK6, STM32H562IIT6, STM32H562RGT6, STM32H562RGV6, STM32H562RIT6, STM32H562RIV6, STM32H562VGT6, STM32H562VIT6, STM32H562ZGT6, STM32H562ZIT6, STM32H563AGI6, STM32H563AII3Q, STM32H563AII6, STM32H563IGK6, STM32H563IGT6, STM32H563IIK3Q, STM32H563IIK6, STM32H563IIT3Q, STM32H563IIT6, STM32H563MIY3QTR, STM32H563RGT6, STM32H563RGV6, STM32H563RIT6, STM32H563RIV6, STM32H563VGT6, STM32H563VIT3Q, STM32H563VIT6, STM32H563ZGT6, STM32H563ZIT3Q, STM32H563ZIT6, STM32H573AII3Q, STM32H573AII6, STM32H573I-DK, STM32H573IIK3Q, STM32H573IIK6, STM32H573IIT3Q, STM32H573IIT6, STM32H573MIY3QTR, STM32H573RIT6, STM32H573RIV6, STM32H573VIT3Q, STM32H573VIT6, STM32H573ZIT3Q, STM32H573ZIT6, STM32L4R5QGI6STR, STM32MP131AAE3, STM32MP131AAF3, STM32MP131AAG3, STM32MP131CAE3, STM32MP131CAF3, STM32MP131CAG3, STM32MP131DAE7, STM32MP131DAF7, STM32MP131DAG7, STM32MP131FAE7, STM32MP131FAF7, STM32MP131FAG7, STM32MP133AAE3, STM32MP133AAF3, STM32MP133AAG3, STM32MP133CAE3, STM32MP133CAF3, STM32MP133CAG3, STM32MP133DAE7, STM32MP133DAF7, STM32MP133DAG7, STM32MP133FAE7, STM32MP133FAF7, STM32MP133FAG7, STM32MP135AAE3, STM32MP135AAF3, STM32MP135AAG3, STM32MP135CAE3, STM32MP135CAF3, STM32MP135CAG3, STM32MP135DAE7, STM32MP135DAF7, STM32MP135DAG7, STM32MP135F-DK, STM32MP135FAE7, STM32MP135FAF7, STM32MP135FAF7T, STM32MP135FAF7U, STM32MP135FAG7, STM32U535CBT6, STM32U535CBT6Q, STM32U535CBU6, STM32U535CBU6Q, STM32U535CCT6, STM32U535CCT6Q, STM32U535CCU6, STM32U535CCU6Q, STM32U535CET6, STM32U535CET6Q, STM32U535CEU6, STM32U535CEU6Q, STM32U535JEY6QTR, STM32U535NCY6QTR, STM32U535NEY6QTR, STM32U535RBI6, STM32U535RBI6Q, STM32U535RBT6, STM32U535RBT6Q, STM32U535RCI6, STM32U535RCI6Q, STM32U535RCT6, STM32U535RCT6Q, STM32U535REI6, STM32U535REI6Q, STM32U535RET6, STM32U535RET6Q, STM32U535VCI6, STM32U535VCI6Q, STM32U535VCT6, STM32U535VCT6Q, STM32U535VEI6, STM32U535VEI6Q, STM32U535VET6, STM32U535VET6Q, STM32U545CET6, STM32U545CET6Q, STM32U545CEU6, STM32U545CEU6Q, STM32U545JEY6QTR, STM32U545NEY6QTR, STM32U545REI6, STM32U545REI6Q, STM32U545RET6, STM32U545RET6Q, STM32U545VEI6, STM32U545VEI6Q, STM32U545VET6, STM32U545VET6Q, STM32U595AIH6, STM32U595AIH6Q, STM32U595AJH6, STM32U595AJH6Q, STM32U595QII6, STM32U595QII6Q, STM32U595QJI6, STM32U595QJI6Q, STM32U595RIT6, STM32U595RIT6Q, STM32U595RJT6, STM32U595RJT6Q, STM32U595VIT6, STM32U595VIT6Q, STM32U595VJT6, STM32U595VJT6Q, STM32U595ZIT6, STM32U595ZIT6Q, STM32U595ZIY6QTR, STM32U595ZJT6, STM32U595ZJT6Q, STM32U595ZJY6QTR, STM32U599BJY6QTR, STM32U599NIH6Q, STM32U599NJH6Q, STM32U599VIT6Q, STM32U599VJT6, STM32U599VJT6Q, STM32U599ZIT6Q, STM32U599ZIY6QTR, STM32U599ZJT6Q, STM32U599ZJY6QTR, STM32U5A5AJH6, STM32U5A5AJH6Q, STM32U5A5QJI6, STM32U5A5QJI6Q, STM32U5A5RJT6, STM32U5A5RJT6Q, STM32U5A5VJT6, STM32U5A5VJT6Q, STM32U5A5ZJT6, STM32U5A5ZJT6Q, STM32U5A5ZJY6QTR, STM32U5A9BJY6QTR, STM32U5A9J-DK, STM32U5A9NJH6Q, STM32U5A9VJT6Q, STM32U5A9ZJT6Q, STM32U5A9ZJY6QTR, STM32WB1MMCH6, STM32WBA52CEU6, STM32WBA52CEU6T, STM32WBA52CGU6, STM32WBA52CGU6T, STM32WL5MOCH6, STM32WL5MOCH6TR]
2023-04-28 10:11:57,585 [INFO] DbMcus:216 - Found 3775 MCUs, 3775 are supported
2023-04-28 10:11:57,593 [INFO] ApiDb:423 - Load user favorites file C:\Users\james/.stm32cubeide/favorites.mcus.txt: 0 item(s)
2023-04-28 10:11:57,593 [INFO] ApiDb:427 - User favorites MCUs=[]
2023-04-28 10:11:57,593 [INFO] DbMcus:222 - Set 0 / 0 favorites MCUs
2023-04-28 10:11:57,894 [WARN] PackLoader:240 - Cannot read IP mode file for STMicroelectronics.X-CUBE-GNSS1.6.0.0
2023-04-28 10:11:57,918 [INFO] ApiDb:668 - CubeFinder database Data Model version=2.1
2023-04-28 10:11:57,918 [INFO] ApiDb:669 - CubeFinder database Configuration version=3.0.35
2023-04-28 10:11:57,918 [INFO] ApiDb:670 - CubeFinder database generation date=2023-04-03 (1680511692)
2023-04-28 10:11:57,918 [INFO] ApiDb:671 - CubeFinder database FW Pack versions=[FP-ATR-ASTRA1_V2.0.0, STM32Cube_FW_C0_V1.0.1, STM32Cube_FW_F0_V1.11.4, STM32Cube_FW_F3_V1.11.4, STM32Cube_FW_F4_V1.27.1, STM32Cube_FW_F7_V1.17.0, STM32Cube_FW_G0_V1.6.1, STM32Cube_FW_G4_V1.5.1, STM32Cube_FW_H5_V0.5.1, STM32Cube_FW_H5_V1.0.0, STM32Cube_FW_H7_V1.11.0, STM32Cube_FW_L0_V1.12.2, STM32Cube_FW_L5_V1.5.0, STM32Cube_FW_U5_V1.2.0, STM32Cube_FW_WBA_V1.0.0, STM32Cube_FW_WBA_V1.0.0RC1, STM32Cube_FW_WBA_V1.0.0RC3, STM32Cube_FW_WB_V1.15.0RC1, STM32Cube_FW_WB_V1.16.0, STM32Cube_FW_WB_V1.16.0RC2, STM32Cube_FW_WL_V1.3.0, X-CUBE-ALGOBUILD_V1.3.0, X-CUBE-ALS_V1.0.1, X-CUBE-AZRTOS-F4_V1.1.0, X-CUBE-AZRTOS-F7_V1.1.0, X-CUBE-AZRTOS-G0_V1.1.0, X-CUBE-AZRTOS-G4_V1.0.0, X-CUBE-AZRTOS-H7_V3.0.0, X-CUBE-AZRTOS-L4_V1.0.0, X-CUBE-AZRTOS-L5_V1.1.0, X-CUBE-AZRTOS-WB_V1.1.0, X-CUBE-AZRTOS-WL_V1.0.0, X-CUBE-BLE1_V6.2.4, X-CUBE-BLE2_V3.3.0, X-CUBE-BLEMGR_V1.3.0, X-CUBE-EEPRMA1_V4.1.0, X-CUBE-FREERTOS_V1.0.1, X-CUBE-GNSS1_V6.0.0, X-CUBE-MEMS1_V9.1.0, X-CUBE-MEMS1_V9.4.0, X-CUBE-MEMS1_V9.5.0, X-CUBE-NFC4_V3.0.0, X-CUBE-NFC7_V1.0.0, X-CUBE-SFXS2LP1_V4.0.0, X-CUBE-SUBG2_V5.0.0]
2023-04-28 10:11:57,926 [WARN] PackLoader:240 - Cannot read IP mode file for STMicroelectronics.X-CUBE-AZRTOS-F4.1.1.0
2023-04-28 10:11:57,950 [WARN] PackLoader:240 - Cannot read IP mode file for STMicroelectronics.X-CUBE-SMBUS.2.1.0
2023-04-28 10:11:57,959 [WARN] PackLoader:240 - Cannot read IP mode file for wolfSSL.I-CUBE-wolfSSL.5.6.0
2023-04-28 10:11:57,991 [WARN] PackLoader:240 - Cannot read IP mode file for STMicroelectronics.X-CUBE-AZRTOS-F7.1.1.0
2023-04-28 10:11:58,000 [INFO] DbBoardsSqlite:226 - include board P-NUCLEO-WB55-NUCLEO as a kit item of type 'Nucleo-64'
2023-04-28 10:11:58,000 [INFO] DbBoardsSqlite:226 - include board P-NUCLEO-WB55-USBDONGLE as a kit item of type 'Nucleo USB Dongle'
2023-04-28 10:11:58,000 [INFO] DbBoardsSqlite:226 - include board STEVAL-IDP005V1 as a kit item of type 'Evaluation Board'
2023-04-28 10:11:58,000 [INFO] DbBoardsSqlite:226 - include board STEVAL-IDP005V2 as a kit item of type 'Evaluation Board'
2023-04-28 10:11:58,075 [WARN] PackLoader:240 - Cannot read IP mode file for STMicroelectronics.X-CUBE-MEMS1.9.6.0
2023-04-28 10:11:58,108 [INFO] ApiDb:240 - Found 297 in-development CPN: [B-G473E-ZEST1S, B-WB1M-WPAN1, B-WL5M-SUBG1, NUCLEO-C031C6, NUCLEO-H503RB, NUCLEO-H563ZI, NUCLEO-U545RE-Q, NUCLEO-U5A5ZJ-Q, NUCLEO-WBA52CG, STEVAL-PROTEUS1, STEVAL-STWINBX1, STM320518-EVAL, STM32C0116-DK, STM32C011D6Y3TR, STM32C011D6Y6TR, STM32C011F4P3, STM32C011F4P6, STM32C011F4U3, STM32C011F4U6TR, STM32C011F6P3, STM32C011F6P6, STM32C011F6U3, STM32C011F6U6TR, STM32C011J4M3, STM32C011J4M6, STM32C011J6M3, STM32C011J6M6, STM32C0316-DK, STM32C031C4T3, STM32C031C4T6, STM32C031C4U3, STM32C031C4U6, STM32C031C6T3, STM32C031C6T6, STM32C031C6U3, STM32C031C6U6, STM32C031F4P3, STM32C031F4P6, STM32C031F6P3, STM32C031F6P6, STM32C031G4U3, STM32C031G4U6, STM32C031G6U3, STM32C031G6U6, STM32C031K4T3, STM32C031K4T6, STM32C031K4U3, STM32C031K4U6, STM32C031K6T3, STM32C031K6T6, STM32C031K6U3, STM32C031K6U6, STM32G071K8TXN, STM32G071K8UXN, STM32G081GBU6N, STM32G081KBT6N, STM32G081KBUXN, STM32G0B1CCT6N, STM32G0B1KCT6, STM32G0B1NEY6TR, STM32G0B1RCT6N, STM32G0C1CCT6, STM32G0C1CCT6N, STM32G0C1CCU6N, STM32G0C1CET6N, STM32G0C1CEU6N, STM32G0C1KCT6, STM32G0C1NEY6TR, STM32G0C1RCI6N, STM32G0C1RCT6N, STM32G0C1REI6N, STM32G0C1RET6N, STM32G0C1VCI6, STM32G0C1VEI6, STM32G471CCT6, STM32G471CCU6, STM32G471CET3, STM32G471CET6, STM32G471CEU3, STM32G471CEU6, STM32G471MCT6, STM32G471MET3, STM32G471MET6, STM32G471MEY6TR, STM32G471QCT6, STM32G471QET3, STM32G471RCT6, STM32G471RET3, STM32G471RET6, STM32G471VCH6, STM32G471VCI6, STM32G471VCT6, STM32G471VEH3, STM32G471VEH6, STM32G471VEI3, STM32G471VEI6, STM32G471VET3, STM32G471VET6, STM32G474CCT6, STM32H503CBT6, STM32H503CBU6, STM32H503EBY6TR, STM32H503KBU6, STM32H503RBT6, STM32H562AGI6, STM32H562AII6, STM32H562IGK6, STM32H562IGT6, STM32H562IIK6, STM32H562IIT6, STM32H562RGT6, STM32H562RGV6, STM32H562RIT6, STM32H562RIV6, STM32H562VGT6, STM32H562VIT6, STM32H562ZGT6, STM32H562ZIT6, STM32H563AGI6, STM32H563AII3Q, STM32H563AII6, STM32H563IGK6, STM32H563IGT6, STM32H563IIK3Q, STM32H563IIK6, STM32H563IIT3Q, STM32H563IIT6, STM32H563MIY3QTR, STM32H563RGT6, STM32H563RGV6, STM32H563RIT6, STM32H563RIV6, STM32H563VGT6, STM32H563VIT3Q, STM32H563VIT6, STM32H563ZGT6, STM32H563ZIT3Q, STM32H563ZIT6, STM32H573AII3Q, STM32H573AII6, STM32H573I-DK, STM32H573IIK3Q, STM32H573IIK6, STM32H573IIT3Q, STM32H573IIT6, STM32H573MIY3QTR, STM32H573RIT6, STM32H573RIV6, STM32H573VIT3Q, STM32H573VIT6, STM32H573ZIT3Q, STM32H573ZIT6, STM32L4R5QGI6STR, STM32MP131AAE3, STM32MP131AAF3, STM32MP131AAG3, STM32MP131CAE3, STM32MP131CAF3, STM32MP131CAG3, STM32MP131DAE7, STM32MP131DAF7, STM32MP131DAG7, STM32MP131FAE7, STM32MP131FAF7, STM32MP131FAG7, STM32MP133AAE3, STM32MP133AAF3, STM32MP133AAG3, STM32MP133CAE3, STM32MP133CAF3, STM32MP133CAG3, STM32MP133DAE7, STM32MP133DAF7, STM32MP133DAG7, STM32MP133FAE7, STM32MP133FAF7, STM32MP133FAG7, STM32MP135AAE3, STM32MP135AAF3, STM32MP135AAG3, STM32MP135CAE3, STM32MP135CAF3, STM32MP135CAG3, STM32MP135DAE7, STM32MP135DAF7, STM32MP135DAG7, STM32MP135F-DK, STM32MP135FAE7, STM32MP135FAF7, STM32MP135FAF7T, STM32MP135FAF7U, STM32MP135FAG7, STM32U535CBT6, STM32U535CBT6Q, STM32U535CBU6, STM32U535CBU6Q, STM32U535CCT6, STM32U535CCT6Q, STM32U535CCU6, STM32U535CCU6Q, STM32U535CET6, STM32U535CET6Q, STM32U535CEU6, STM32U535CEU6Q, STM32U535JEY6QTR, STM32U535NCY6QTR, STM32U535NEY6QTR, STM32U535RBI6, STM32U535RBI6Q, STM32U535RBT6, STM32U535RBT6Q, STM32U535RCI6, STM32U535RCI6Q, STM32U535RCT6, STM32U535RCT6Q, STM32U535REI6, STM32U535REI6Q, STM32U535RET6, STM32U535RET6Q, STM32U535VCI6, STM32U535VCI6Q, STM32U535VCT6, STM32U535VCT6Q, STM32U535VEI6, STM32U535VEI6Q, STM32U535VET6, STM32U535VET6Q, STM32U545CET6, STM32U545CET6Q, STM32U545CEU6, STM32U545CEU6Q, STM32U545JEY6QTR, STM32U545NEY6QTR, STM32U545REI6, STM32U545REI6Q, STM32U545RET6, STM32U545RET6Q, STM32U545VEI6, STM32U545VEI6Q, STM32U545VET6, STM32U545VET6Q, STM32U595AIH6, STM32U595AIH6Q, STM32U595AJH6, STM32U595AJH6Q, STM32U595QII6, STM32U595QII6Q, STM32U595QJI6, STM32U595QJI6Q, STM32U595RIT6, STM32U595RIT6Q, STM32U595RJT6, STM32U595RJT6Q, STM32U595VIT6, STM32U595VIT6Q, STM32U595VJT6, STM32U595VJT6Q, STM32U595ZIT6, STM32U595ZIT6Q, STM32U595ZIY6QTR, STM32U595ZJT6, STM32U595ZJT6Q, STM32U595ZJY6QTR, STM32U599BJY6QTR, STM32U599NIH6Q, STM32U599NJH6Q, STM32U599VIT6Q, STM32U599VJT6, STM32U599VJT6Q, STM32U599ZIT6Q, STM32U599ZIY6QTR, STM32U599ZJT6Q, STM32U599ZJY6QTR, STM32U5A5AJH6, STM32U5A5AJH6Q, STM32U5A5QJI6, STM32U5A5QJI6Q, STM32U5A5RJT6, STM32U5A5RJT6Q, STM32U5A5VJT6, STM32U5A5VJT6Q, STM32U5A5ZJT6, STM32U5A5ZJT6Q, STM32U5A5ZJY6QTR, STM32U5A9BJY6QTR, STM32U5A9J-DK, STM32U5A9NJH6Q, STM32U5A9VJT6Q, STM32U5A9ZJT6Q, STM32U5A9ZJY6QTR, STM32WB1MMCH6, STM32WBA52CEU6, STM32WBA52CEU6T, STM32WBA52CGU6, STM32WBA52CGU6T, STM32WL5MOCH6, STM32WL5MOCH6TR]
2023-04-28 10:11:58,254 [WARN] PackLoader:240 - Cannot read IP mode file for STMicroelectronics.X-CUBE-BLE1.6.2.4
2023-04-28 10:11:58,270 [WARN] PackLoader:240 - Cannot read IP mode file for emotas.I-CUBE-CANOPEN.1.1.3
2023-04-28 10:11:58,313 [INFO] BoardInfo:880 - No configuration file found for board P-NUCLEO-WB55
2023-04-28 10:11:58,313 [INFO] DbBoards:157 - Kit is not supported: P-NUCLEO-WB55
2023-04-28 10:11:58,313 [WARN] PackLoader:240 - Cannot read IP mode file for STMicroelectronics.X-CUBE-BLEMGR.2.0.0
2023-04-28 10:11:58,321 [INFO] BoardInfo:880 - No configuration file found for board STEVAL-BFA001V1B
2023-04-28 10:11:58,321 [INFO] DbBoards:157 - Kit is not supported: STEVAL-BFA001V1B
2023-04-28 10:11:58,332 [INFO] BoardInfo:880 - No configuration file found for board STEVAL-BFA001V2B
2023-04-28 10:11:58,332 [INFO] DbBoards:157 - Kit is not supported: STEVAL-BFA001V2B
2023-04-28 10:11:58,372 [WARN] ConditionMgr:438 - getConditionDescription Invalid condition id : UX DEVICE CLASS RTOS Condition cause : null
2023-04-28 10:11:58,372 [WARN] ConditionMgr:438 - getConditionDescription Invalid condition id : UX DEVICE CLASS RTOS Condition cause : null
2023-04-28 10:11:58,380 [WARN] PackLoader:240 - Cannot read IP mode file for STMicroelectronics.X-CUBE-AZRTOS-H7.3.1.0
2023-04-28 10:11:58,380 [WARN] ConditionMgr:1039 - genDependencies : Invalid condition id : UX DEVICE CLASS RTOS Condition cause : null
2023-04-28 10:11:58,380 [WARN] ConditionMgr:1039 - genDependencies : Invalid condition id : UX DEVICE CLASS RTOS Condition cause : null
2023-04-28 10:11:58,380 [WARN] ConditionMgr:1039 - genDependencies : Invalid condition id : UX DEVICE CLASS RTOS Condition cause : null
2023-04-28 10:11:58,380 [WARN] ConditionMgr:1039 - genDependencies : Invalid condition id : UX DEVICE CLASS RTOS Condition cause : null
2023-04-28 10:11:58,380 [WARN] ConditionMgr:1039 - genDependencies : Invalid condition id : UX DEVICE CLASS RTOS Condition cause : null
2023-04-28 10:11:58,406 [WARN] PackLoader:240 - Cannot read IP mode file for STMicroelectronics.X-CUBE-DISPLAY.3.0.0
2023-04-28 10:11:58,430 [WARN] PackLoader:240 - Cannot read IP mode file for STMicroelectronics.X-CUBE-NFC7.1.0.0
2023-04-28 10:11:58,455 [WARN] PackLoader:240 - Cannot read IP mode file for STMicroelectronics.X-CUBE-EEPRMA1.4.1.0
2023-04-28 10:11:58,496 [WARN] PackLoader:240 - Cannot read IP mode file for WES.I-CUBE-Cesium.1.3.0
2023-04-28 10:11:58,512 [WARN] PackLoader:240 - Cannot read IP mode file for STMicroelectronics.X-CUBE-SFXS2LP1.4.0.0
2023-04-28 10:11:58,536 [WARN] PackLoader:240 - Cannot read IP mode file for STMicroelectronics.X-CUBE-BLE2.3.3.0
2023-04-28 10:11:58,577 [WARN] PackLoader:240 - Cannot read IP mode file for STMicroelectronics.X-CUBE-AZRTOS-H7.3.0.0
2023-04-28 10:11:58,585 [INFO] DbBoards:161 - Found 187 boards, 184 are supported
2023-04-28 10:11:58,585 [INFO] ApiDb:423 - Load user favorites file C:\Users\james/.stm32cubeide/favorites.boards.txt: 0 item(s)
2023-04-28 10:11:58,585 [INFO] ApiDb:427 - User favorites Boards=[]
2023-04-28 10:11:58,585 [INFO] DbBoards:190 - Set 0 / 0 favorites Boards
2023-04-28 10:11:58,593 [WARN] PackLoader:240 - Cannot read IP mode file for STMicroelectronics.X-CUBE-ISPU.1.1.0
2023-04-28 10:11:58,593 [INFO] ApiDb:668 - CubeFinder database Data Model version=2.1
2023-04-28 10:11:58,593 [INFO] ApiDb:669 - CubeFinder database Configuration version=3.0.35
2023-04-28 10:11:58,593 [INFO] ApiDb:670 - CubeFinder database generation date=2023-04-03 (1680511692)
2023-04-28 10:11:58,593 [INFO] ApiDb:671 - CubeFinder database FW Pack versions=[FP-ATR-ASTRA1_V2.0.0, STM32Cube_FW_C0_V1.0.1, STM32Cube_FW_F0_V1.11.4, STM32Cube_FW_F3_V1.11.4, STM32Cube_FW_F4_V1.27.1, STM32Cube_FW_F7_V1.17.0, STM32Cube_FW_G0_V1.6.1, STM32Cube_FW_G4_V1.5.1, STM32Cube_FW_H5_V0.5.1, STM32Cube_FW_H5_V1.0.0, STM32Cube_FW_H7_V1.11.0, STM32Cube_FW_L0_V1.12.2, STM32Cube_FW_L5_V1.5.0, STM32Cube_FW_U5_V1.2.0, STM32Cube_FW_WBA_V1.0.0, STM32Cube_FW_WBA_V1.0.0RC1, STM32Cube_FW_WBA_V1.0.0RC3, STM32Cube_FW_WB_V1.15.0RC1, STM32Cube_FW_WB_V1.16.0, STM32Cube_FW_WB_V1.16.0RC2, STM32Cube_FW_WL_V1.3.0, X-CUBE-ALGOBUILD_V1.3.0, X-CUBE-ALS_V1.0.1, X-CUBE-AZRTOS-F4_V1.1.0, X-CUBE-AZRTOS-F7_V1.1.0, X-CUBE-AZRTOS-G0_V1.1.0, X-CUBE-AZRTOS-G4_V1.0.0, X-CUBE-AZRTOS-H7_V3.0.0, X-CUBE-AZRTOS-L4_V1.0.0, X-CUBE-AZRTOS-L5_V1.1.0, X-CUBE-AZRTOS-WB_V1.1.0, X-CUBE-AZRTOS-WL_V1.0.0, X-CUBE-BLE1_V6.2.4, X-CUBE-BLE2_V3.3.0, X-CUBE-BLEMGR_V1.3.0, X-CUBE-EEPRMA1_V4.1.0, X-CUBE-FREERTOS_V1.0.1, X-CUBE-GNSS1_V6.0.0, X-CUBE-MEMS1_V9.1.0, X-CUBE-MEMS1_V9.4.0, X-CUBE-MEMS1_V9.5.0, X-CUBE-NFC4_V3.0.0, X-CUBE-NFC7_V1.0.0, X-CUBE-SFXS2LP1_V4.0.0, X-CUBE-SUBG2_V5.0.0]
2023-04-28 10:11:58,617 [WARN] PackLoader:240 - Cannot read IP mode file for RoweBots.I-CUBE-UNISONRTOS.5.5.0-4
2023-04-28 10:11:58,634 [WARN] PackLoader:240 - Cannot read IP mode file for STMicroelectronics.X-CUBE-AI.8.0.0
2023-04-28 10:11:58,650 [WARN] PackLoader:240 - Cannot read IP mode file for STMicroelectronics.X-CUBE-FREERTOS.1.0.0
2023-04-28 10:11:58,666 [WARN] PackLoader:240 - Cannot read IP mode file for STMicroelectronics.X-CUBE-FREERTOS.1.0.1
2023-04-28 10:11:58,674 [WARN] PackLoader:240 - Cannot read IP mode file for STMicroelectronics.X-CUBE-TOUCHGFX.4.21.3
2023-04-28 10:11:58,691 [WARN] PackLoader:240 - Cannot read IP mode file for STMicroelectronics.X-CUBE-ALGOBUILD.1.3.0
2023-04-28 10:11:58,731 [WARN] PackLoader:240 - Cannot read IP mode file for STMicroelectronics.X-CUBE-AZRTOS-L5.1.1.0
2023-04-28 10:11:58,764 [WARN] PackLoader:240 - Cannot read IP mode file for STMicroelectronics.X-CUBE-AZRTOS-G0.1.1.0
2023-04-28 10:11:58,788 [WARN] PackLoader:240 - Cannot read IP mode file for STMicroelectronics.X-CUBE-SUBG2.5.0.0
2023-04-28 10:11:58,829 [WARN] PackLoader:240 - Cannot read IP mode file for STMicroelectronics.X-CUBE-NFC4.3.0.0
2023-04-28 10:11:58,846 [WARN] PackLoader:240 - Cannot read IP mode file for STMicroelectronics.X-CUBE-AZRTOS-G4.2.0.0
2023-04-28 10:11:58,871 [WARN] PackLoader:240 - Cannot read IP mode file for STMicroelectronics.X-CUBE-TOF1.3.3.0
2023-04-28 10:11:58,896 [WARN] PackLoader:240 - Cannot read IP mode file for STMicroelectronics.FP-ATR-ASTRA1.1.1.1
2023-04-28 10:11:58,928 [WARN] PackLoader:240 - Cannot read IP mode file for STMicroelectronics.X-CUBE-AZRTOS-G4.1.0.0
2023-04-28 10:11:58,936 [WARN] PackLoader:240 - Cannot read IP mode file for STMicroelectronics.FP-ATR-SIGFOX1.3.2.0
2023-04-28 10:11:58,961 [WARN] PackLoader:240 - Cannot read IP mode file for STMicroelectronics.X-CUBE-AZRTOS-L4.1.0.0
2023-04-28 10:11:58,985 [WARN] PackLoader:240 - Cannot read IP mode file for STMicroelectronics.X-CUBE-AZRTOS-WL.1.0.0
2023-04-28 10:11:59,009 [WARN] PackLoader:240 - Cannot read IP mode file for portGmbH.I-Cube-SoM-uGOAL.1.1.0
2023-04-28 10:11:59,018 [WARN] PackLoader:240 - Cannot read IP mode file for STMicroelectronics.X-CUBE-ALS.1.0.1
2023-04-28 10:11:59,074 [WARN] PackLoader:240 - Cannot read IP mode file for STMicroelectronics.X-CUBE-MEMS1.9.5.0
2023-04-28 10:11:59,269 [WARN] PackLoader:240 - Cannot read IP mode file for STMicroelectronics.X-CUBE-AZRTOS-WB.1.1.0
2023-04-28 10:11:59,318 [WARN] PackLoader:240 - Cannot read IP mode file for SEGGER.I-CUBE-embOS.1.3.1
2023-04-28 10:11:59,359 [WARN] PackLoader:240 - Cannot read IP mode file for STMicroelectronics.FP-ATR-ASTRA1.2.0.0
2023-04-28 10:11:59,359 [INFO] ThirdParty:978 - Integrity check success = true
2023-04-28 10:11:59,359 [INFO] IntegrityCheckThread:100 - exiting critical section [integrity check]
2023-04-28 10:11:59,359 [INFO] IntegrityCheckThread:103 - End integrity checks thread
2023-04-28 10:11:59,909 [INFO] DbExamplesSqlite:376 - Ignored 46 examples not supported by CubeIDE
2023-04-28 10:11:59,917 [INFO] DbExamplesSqlite:377 - Found 7336 examples active
2023-04-28 10:11:59,917 [INFO] DbExamplesSqlite:378 - Found 1095 examples obsolete
2023-04-28 10:11:59,917 [INFO] DbExamplesSqlite:379 - Found 0 examples under development
2023-04-28 10:11:59,917 [INFO] DbExamplesSqlite:380 - Found 77 examples not building
2023-04-28 10:11:59,917 [INFO] DbExamples:125 - Found 7367 examples
2023-04-28 10:11:59,933 [INFO] DbExamples:222 - Found 92 boards with related examples
2023-04-28 10:11:59,933 [INFO] DbExamples:235 - Found 78 MCUs with related examples
2023-04-28 10:11:59,958 [INFO] ApiDb:414 - User favorites file not found: C:\Users\james/.stm32cubeide/favorites.examples.txt
2023-04-28 10:11:59,958 [INFO] DbExamples:250 - Set 0 / 0 favorites Examples
2023-04-28 10:12:00,322 [INFO] McuFinderGlobals:66 - Set McuFinderConnectedMode to true
2023-04-28 10:12:00,330 [INFO] MultiScanPanel:200 - Auto-refresh data requested => check proxy status ongoing
2023-04-28 10:12:00,338 [INFO] FinderPluginLoader:95 - Searching for filters in installed packs
2023-04-28 10:12:02,632 [INFO] LoadUrlFilesThread:185 - End of LoadServerUrlFiles without Thread
2023-04-28 10:12:02,648 [INFO] DetailPanel:341 - Set advertising image to C:/Users/james/STM32Cube/Repository/\en.prom-stm32h5-mcu-finder.jpg
2023-04-28 10:13:13,867 [INFO] MainUpdater:2854 - connection check result : 10
2023-04-28 10:13:13,867 [INFO] MainUpdater:2854 - connection check result : 10
2023-04-28 10:13:13,907 [INFO] MicroXplorer:468 - Change Database Path : 
2023-04-28 10:13:13,907 [INFO] MicroXplorer:498 - Change Database Version : DB.6.0.80
2023-04-28 10:13:13,907 [WARN] ThirdParty:871 - waiting for thirdparty lock release [close project]
2023-04-28 10:13:13,907 [INFO] ThirdParty:873 - entering critical section [close project]
2023-04-28 10:13:13,907 [INFO] ThirdParty:883 - exiting critical section [close project]
2023-04-28 10:13:13,915 [INFO] PinOutPanel:1499 - setPackage(No Configuration,No Configuration)
2023-04-28 10:13:13,915 [INFO] UtilMem:75 - Begin LoadConfig() Used Memory: 527990896 Bytes (605028352)
2023-04-28 10:13:13,923 [INFO] MicroXplorer:468 - Change Database Path : 
2023-04-28 10:13:13,923 [INFO] MicroXplorer:498 - Change Database Version : DB.6.0.80
2023-04-28 10:13:13,923 [INFO] OpenFileManager:308 - Change cursor
2023-04-28 10:13:13,995 [INFO] Mcu:1937 - Initializing MCU STM32L4A6ZGTx STM32L4A6ZGTx 
2023-04-28 10:13:13,995 [INFO] Mcu:1950 - No CPN specified => set CPN to STM32L4A6ZGT6
2023-04-28 10:13:17,592 [INFO] Context:659 - Trying to add GPIOservice into a context  which must be forbidden
2023-04-28 10:13:18,460 [INFO] ImportTextPane:194 - (OptionalMessage_ERROR) Unable to find key (Mcu.ThirdPartyNb) in loaded IOC file
2023-04-28 10:13:18,460 [INFO] ImportTextPane:194 - (OptionalMessage_ERROR) Unable to find key (Mcu.PinsNb) in loaded IOC file
2023-04-28 10:13:18,460 [INFO] ImportTextPane:194 - (OptionalMessage_ERROR) Unable to find key (Mcu.IPNb) in loaded IOC file
2023-04-28 10:13:18,779 [INFO] RtosManager:555 - Registered RTOS mode: class=CMSIS, group=RTOS, mode=CMSIS_V1, owner=FREERTOS
2023-04-28 10:13:18,779 [INFO] RtosManager:555 - Registered RTOS mode: class=CMSIS, group=RTOS2, mode=CMSIS_V2, owner=FREERTOS
2023-04-28 10:13:18,779 [INFO] RtosManager:555 - Registered RTOS mode: class=RTOS, group=Core, mode=CMSIS_V1, owner=FREERTOS
2023-04-28 10:13:18,779 [INFO] RtosManager:555 - Registered RTOS mode: class=RTOS, group=Core, mode=CMSIS_V2, owner=FREERTOS
2023-04-28 10:13:18,779 [WARN] ModelIntegratedComponent:184 - Missing modes for component STMicroelectronics:FreeRTOS:0.0.1:STMicroelectronics:RTOS:FreeRTOS:Core:::10.2.0:
2023-04-28 10:13:18,796 [WARN] ModelIntegratedComponent:63 - No mode defined for component null
2023-04-28 10:13:18,796 [WARN] ModelIntegratedComponent:63 - No mode defined for component null
2023-04-28 10:13:18,796 [WARN] ModelIntegratedComponent:63 - No mode defined for component null
2023-04-28 10:13:18,796 [WARN] ModelIntegratedComponent:63 - No mode defined for component null
2023-04-28 10:13:18,796 [WARN] ModelIntegratedComponent:63 - No mode defined for component null
2023-04-28 10:13:18,796 [WARN] ModelIntegratedComponent:63 - No mode defined for component null
2023-04-28 10:13:18,796 [WARN] ModelIntegratedComponent:63 - No mode defined for component null
2023-04-28 10:13:18,796 [WARN] ModelIntegratedComponent:63 - No mode defined for component null
2023-04-28 10:13:18,796 [WARN] ModelIntegratedComponent:63 - No mode defined for component null
2023-04-28 10:13:18,796 [WARN] ModelIntegratedComponent:63 - No mode defined for component null
2023-04-28 10:13:18,796 [WARN] ModelIntegratedComponent:63 - No mode defined for component null
2023-04-28 10:13:18,796 [WARN] ModelIntegratedComponent:63 - No mode defined for component null
2023-04-28 10:13:18,796 [WARN] ModelIntegratedComponent:63 - No mode defined for component null
2023-04-28 10:13:18,796 [WARN] ModelIntegratedComponent:63 - No mode defined for component null
2023-04-28 10:13:18,796 [WARN] ModelIntegratedComponent:63 - No mode defined for component null
2023-04-28 10:13:18,796 [WARN] ModelIntegratedComponent:63 - No mode defined for component null
2023-04-28 10:13:18,796 [WARN] ModelIntegratedComponent:63 - No mode defined for component null
2023-04-28 10:13:18,796 [WARN] ModelIntegratedComponent:63 - No mode defined for component null
2023-04-28 10:13:18,796 [WARN] ModelIntegratedComponent:63 - No mode defined for component null
2023-04-28 10:13:18,796 [WARN] ModelIntegratedComponent:63 - No mode defined for component null
2023-04-28 10:13:18,804 [WARN] ModelIntegratedComponent:63 - No mode defined for component null
2023-04-28 10:13:18,804 [WARN] ModelIntegratedComponent:63 - No mode defined for component null
2023-04-28 10:13:18,804 [WARN] ModelIntegratedComponent:63 - No mode defined for component null
2023-04-28 10:13:18,804 [WARN] ModelIntegratedComponent:63 - No mode defined for component null
2023-04-28 10:13:18,804 [WARN] ModelIntegratedComponent:63 - No mode defined for component null
2023-04-28 10:13:18,804 [WARN] ModelIntegratedComponent:63 - No mode defined for component null
2023-04-28 10:13:18,804 [WARN] ModelIntegratedComponent:63 - No mode defined for component null
2023-04-28 10:13:18,804 [WARN] ModelIntegratedComponent:63 - No mode defined for component null
2023-04-28 10:13:18,804 [WARN] ModelIntegratedComponent:63 - No mode defined for component null
2023-04-28 10:13:18,804 [WARN] ModelIntegratedComponent:63 - No mode defined for component null
2023-04-28 10:13:18,804 [WARN] ModelIntegratedComponent:63 - No mode defined for component null
2023-04-28 10:13:18,804 [WARN] ModelIntegratedComponent:63 - No mode defined for component null
2023-04-28 10:13:18,804 [WARN] ModelIntegratedComponent:63 - No mode defined for component null
2023-04-28 10:13:18,975 [INFO] ThirdPartyModel:298 - Start build external matchings
2023-04-28 10:13:19,868 [INFO] ThirdPartyModel:316 - End build external matchings
2023-04-28 10:13:20,549 [INFO] UtilMem:75 - End LoadConfig() Used Memory: 522466016 Bytes (623902720)
2023-04-28 10:13:20,590 [WARN] ThirdParty:833 - waiting for thirdparty lock release [change project]
2023-04-28 10:13:20,590 [INFO] ThirdParty:835 - entering critical section [change project]
2023-04-28 10:13:20,590 [INFO] ThirdParty:1030 - CMSIS Pack Vendor :STMicroelectronics X-CUBE-ISPU 1.1.0
2023-04-28 10:13:20,590 [INFO] ThirdParty:1030 - CMSIS Pack Vendor :RoweBots I-CUBE-UNISONRTOS 5.5.0-4
2023-04-28 10:13:20,590 [INFO] ThirdParty:1030 - CMSIS Pack Vendor :STMicroelectronics X-CUBE-GNSS1 6.0.0
2023-04-28 10:13:20,590 [INFO] ThirdParty:1030 - CMSIS Pack Vendor :STMicroelectronics USB_HOST 2.0.0
2023-04-28 10:13:20,590 [INFO] ThirdParty:1030 - CMSIS Pack Vendor :STMicroelectronics X-CUBE-AZRTOS-F4 1.1.0
2023-04-28 10:13:20,590 [INFO] ThirdParty:1030 - CMSIS Pack Vendor :STMicroelectronics LIBJPEG 8.0.0
2023-04-28 10:13:20,590 [INFO] ThirdParty:1030 - CMSIS Pack Vendor :STMicroelectronics X-CUBE-SMBUS 2.1.0
2023-04-28 10:13:20,590 [INFO] ThirdParty:1030 - CMSIS Pack Vendor :wolfSSL I-CUBE-wolfSSL 5.6.0
2023-04-28 10:13:20,590 [INFO] ThirdParty:1030 - CMSIS Pack Vendor :STMicroelectronics USB_DEVICE 3.0.0
2023-04-28 10:13:20,590 [INFO] ThirdParty:1030 - CMSIS Pack Vendor :STMicroelectronics X-CUBE-AI 8.0.0
2023-04-28 10:13:20,590 [INFO] ThirdParty:1030 - CMSIS Pack Vendor :STMicroelectronics X-CUBE-FREERTOS 1.0.0
2023-04-28 10:13:20,590 [INFO] ThirdParty:1030 - CMSIS Pack Vendor :STMicroelectronics X-CUBE-FREERTOS 1.0.1
2023-04-28 10:13:20,590 [INFO] ThirdParty:1030 - CMSIS Pack Vendor :STMicroelectronics X-CUBE-TOUCHGFX 4.21.3
2023-04-28 10:13:20,590 [INFO] ThirdParty:1030 - CMSIS Pack Vendor :STMicroelectronics X-CUBE-AZRTOS-F7 1.1.0
2023-04-28 10:13:20,590 [INFO] ThirdParty:1030 - CMSIS Pack Vendor :STMicroelectronics USB_DEVICE 2.0.0
2023-04-28 10:13:20,590 [INFO] ThirdParty:1030 - CMSIS Pack Vendor :STMicroelectronics X-CUBE-MEMS1 9.6.0
2023-04-28 10:13:20,590 [INFO] ThirdParty:1030 - CMSIS Pack Vendor :STMicroelectronics X-CUBE-ALGOBUILD 1.3.0
2023-04-28 10:13:20,598 [INFO] ThirdParty:1030 - CMSIS Pack Vendor :STMicroelectronics X-CUBE-BLE1 6.2.4
2023-04-28 10:13:20,598 [INFO] ThirdParty:1030 - CMSIS Pack Vendor :STMicroelectronics X-CUBE-AZRTOS-L5 1.1.0
2023-04-28 10:13:20,598 [INFO] ThirdParty:1030 - CMSIS Pack Vendor :STMicroelectronics FreeRTOS 0.0.1
2023-04-28 10:13:20,598 [INFO] ThirdParty:1030 - CMSIS Pack Vendor :emotas I-CUBE-CANOPEN 1.1.3
2023-04-28 10:13:20,598 [INFO] ThirdParty:1030 - CMSIS Pack Vendor :STMicroelectronics X-CUBE-AZRTOS-G0 1.1.0
2023-04-28 10:13:20,598 [INFO] ThirdParty:1030 - CMSIS Pack Vendor :STMicroelectronics X-CUBE-BLEMGR 2.0.0
2023-04-28 10:13:20,598 [INFO] ThirdParty:1030 - CMSIS Pack Vendor :STMicroelectronics X-CUBE-SUBG2 5.0.0
2023-04-28 10:13:20,598 [INFO] ThirdParty:1030 - CMSIS Pack Vendor :STMicroelectronics X-CUBE-NFC4 3.0.0
2023-04-28 10:13:20,598 [INFO] ThirdParty:1030 - CMSIS Pack Vendor :STMicroelectronics STM32_WPAN 1.0.0
2023-04-28 10:13:20,598 [INFO] ThirdParty:1030 - CMSIS Pack Vendor :STMicroelectronics lwIP 2.0.3
2023-04-28 10:13:20,598 [INFO] ThirdParty:1030 - CMSIS Pack Vendor :STMicroelectronics USB_HOST 1.0.0
2023-04-28 10:13:20,598 [INFO] ThirdParty:1030 - CMSIS Pack Vendor :STMicroelectronics X-CUBE-AZRTOS-G4 2.0.0
2023-04-28 10:13:20,598 [INFO] ThirdParty:1030 - CMSIS Pack Vendor :STMicroelectronics PDM2PCM 3.1.0
2023-04-28 10:13:20,598 [INFO] ThirdParty:1030 - CMSIS Pack Vendor :STMicroelectronics X-CUBE-AZRTOS-H7 3.1.0
2023-04-28 10:13:20,598 [INFO] ThirdParty:1030 - CMSIS Pack Vendor :STMicroelectronics X-CUBE-TOF1 3.3.0
2023-04-28 10:13:20,598 [INFO] ThirdParty:1030 - CMSIS Pack Vendor :STMicroelectronics FP-ATR-ASTRA1 1.1.1
2023-04-28 10:13:20,598 [INFO] ThirdParty:1030 - CMSIS Pack Vendor :STMicroelectronics PDM2PCM 3.3.0
2023-04-28 10:13:20,598 [INFO] ThirdParty:1030 - CMSIS Pack Vendor :STMicroelectronics X-CUBE-DISPLAY 3.0.0
2023-04-28 10:13:20,598 [INFO] ThirdParty:1030 - CMSIS Pack Vendor :STMicroelectronics X-CUBE-AZRTOS-G4 1.0.0
2023-04-28 10:13:20,598 [INFO] ThirdParty:1030 - CMSIS Pack Vendor :STMicroelectronics FP-ATR-SIGFOX1 3.2.0
2023-04-28 10:13:20,598 [INFO] ThirdParty:1030 - CMSIS Pack Vendor :STMicroelectronics X-CUBE-AZRTOS-L4 1.0.0
2023-04-28 10:13:20,598 [INFO] ThirdParty:1030 - CMSIS Pack Vendor :STMicroelectronics HAL Drivers 0.0.0
2023-04-28 10:13:20,598 [INFO] ThirdParty:1030 - CMSIS Pack Vendor :STMicroelectronics MBEDTLS 2.16.2
2023-04-28 10:13:20,598 [INFO] ThirdParty:1030 - CMSIS Pack Vendor :STMicroelectronics MBEDTLS 2.14.1
2023-04-28 10:13:20,598 [INFO] ThirdParty:1030 - CMSIS Pack Vendor :STMicroelectronics X-CUBE-NFC7 1.0.0
2023-04-28 10:13:20,598 [INFO] ThirdParty:1030 - CMSIS Pack Vendor :STMicroelectronics X-CUBE-AZRTOS-WL 1.0.0
2023-04-28 10:13:20,598 [INFO] ThirdParty:1030 - CMSIS Pack Vendor :STMicroelectronics X-CUBE-EEPRMA1 4.1.0
2023-04-28 10:13:20,598 [INFO] ThirdParty:1030 - CMSIS Pack Vendor :portGmbH I-Cube-SoM-uGOAL 1.1.0
2023-04-28 10:13:20,598 [INFO] ThirdParty:1030 - CMSIS Pack Vendor :STMicroelectronics X-CUBE-ALS 1.0.1
2023-04-28 10:13:20,598 [INFO] ThirdParty:1030 - CMSIS Pack Vendor :STMicroelectronics X-CUBE-MEMS1 9.5.0
2023-04-28 10:13:20,598 [INFO] ThirdParty:1030 - CMSIS Pack Vendor :STMicroelectronics ThreadX 1.0.0
2023-04-28 10:13:20,598 [INFO] ThirdParty:1030 - CMSIS Pack Vendor :STMicroelectronics X-CUBE-AZRTOS-WB 1.1.0
2023-04-28 10:13:20,598 [INFO] ThirdParty:1030 - CMSIS Pack Vendor :SEGGER I-CUBE-embOS 1.3.1
2023-04-28 10:13:20,598 [INFO] ThirdParty:1030 - CMSIS Pack Vendor :STMicroelectronics USB_DEVICE 1.0.0
2023-04-28 10:13:20,598 [INFO] ThirdParty:1030 - CMSIS Pack Vendor :STMicroelectronics ThreadX 0.0.2
2023-04-28 10:13:20,598 [INFO] ThirdParty:1030 - CMSIS Pack Vendor :WES I-CUBE-Cesium 1.3.0
2023-04-28 10:13:20,598 [INFO] ThirdParty:1030 - CMSIS Pack Vendor :STMicroelectronics FP-ATR-ASTRA1 2.0.0
2023-04-28 10:13:20,598 [INFO] ThirdParty:1030 - CMSIS Pack Vendor :STMicroelectronics lwIP 2.1.2
2023-04-28 10:13:20,598 [INFO] ThirdParty:1030 - CMSIS Pack Vendor :STMicroelectronics X-CUBE-SFXS2LP1 4.0.0
2023-04-28 10:13:20,598 [INFO] ThirdParty:1030 - CMSIS Pack Vendor :STMicroelectronics X-CUBE-BLE2 3.3.0
2023-04-28 10:13:20,598 [INFO] ThirdParty:1030 - CMSIS Pack Vendor :STMicroelectronics PDM2PCM 3.2.0
2023-04-28 10:13:20,598 [INFO] ThirdParty:1030 - CMSIS Pack Vendor :STMicroelectronics X-CUBE-AZRTOS-H7 3.0.0
2023-04-28 10:13:20,598 [INFO] ThirdParty:841 - exiting critical section [change project]
2023-04-28 10:13:21,283 [INFO] PinOutPanel:1499 - setPackage(No Configuration,No Configuration)
2023-04-28 10:13:21,283 [INFO] PinOutPanel:1499 - setPackage(STM32L4A6ZGTx,LQFP144)
2023-04-28 10:13:22,015 [INFO] UtilMem:75 - Before build in PCC Used Memory: 490431872 Bytes (623902720)
2023-04-28 10:13:23,008 [INFO] UtilMem:75 - After build in PCC Used Memory: 504815488 Bytes (623902720)
2023-04-28 10:13:23,049 [INFO] IPUIPlugin:80 - create IPUIPlugin
2023-04-28 10:13:23,049 [INFO] IPUIPlugin:80 - create IPUIPlugin
2023-04-28 10:13:23,049 [INFO] IPUIPlugin:80 - create IPUIPlugin
2023-04-28 10:13:23,049 [INFO] IPUIPlugin:80 - create IPUIPlugin
2023-04-28 10:13:23,049 [INFO] IPUIPlugin:80 - create IPUIPlugin
2023-04-28 10:13:23,049 [INFO] IPUIPlugin:80 - create IPUIPlugin
2023-04-28 10:13:23,049 [INFO] IPUIPlugin:80 - create IPUIPlugin
2023-04-28 10:13:23,049 [INFO] IPUIPlugin:80 - create IPUIPlugin
2023-04-28 10:13:23,049 [INFO] IPUIPlugin:80 - create IPUIPlugin
2023-04-28 10:13:23,049 [INFO] IPUIPlugin:80 - create IPUIPlugin
2023-04-28 10:13:23,049 [INFO] IPUIPlugin:80 - create IPUIPlugin
2023-04-28 10:13:23,049 [INFO] IPUIPlugin:80 - create IPUIPlugin
2023-04-28 10:13:23,049 [INFO] IPUIPlugin:80 - create IPUIPlugin
2023-04-28 10:13:23,049 [INFO] IPUIPlugin:80 - create IPUIPlugin
2023-04-28 10:13:23,049 [INFO] IPUIPlugin:80 - create IPUIPlugin
2023-04-28 10:13:23,049 [INFO] IPUIPlugin:80 - create IPUIPlugin
2023-04-28 10:13:23,049 [INFO] IPUIPlugin:80 - create IPUIPlugin
2023-04-28 10:13:23,049 [INFO] IPUIPlugin:80 - create IPUIPlugin
2023-04-28 10:13:23,049 [INFO] IPUIPlugin:80 - create IPUIPlugin
2023-04-28 10:13:23,049 [INFO] IPUIPlugin:80 - create IPUIPlugin
2023-04-28 10:13:23,049 [INFO] IPUIPlugin:80 - create IPUIPlugin
2023-04-28 10:13:23,049 [INFO] IPUIPlugin:80 - create IPUIPlugin
2023-04-28 10:13:23,049 [INFO] IPUIPlugin:80 - create IPUIPlugin
2023-04-28 10:13:23,049 [INFO] IPUIPlugin:80 - create IPUIPlugin
2023-04-28 10:13:23,049 [INFO] IPUIPlugin:80 - create IPUIPlugin
2023-04-28 10:13:23,049 [INFO] IPUIPlugin:80 - create IPUIPlugin
2023-04-28 10:13:23,049 [INFO] IPUIPlugin:80 - create IPUIPlugin
2023-04-28 10:13:23,049 [INFO] IPUIPlugin:80 - create IPUIPlugin
2023-04-28 10:13:23,049 [INFO] IPUIPlugin:80 - create IPUIPlugin
2023-04-28 10:13:23,049 [INFO] IPUIPlugin:80 - create IPUIPlugin
2023-04-28 10:13:23,049 [INFO] IPUIPlugin:80 - create IPUIPlugin
2023-04-28 10:13:23,049 [INFO] IPUIPlugin:80 - create IPUIPlugin
2023-04-28 10:13:23,049 [INFO] IPUIPlugin:80 - create IPUIPlugin
2023-04-28 10:13:23,049 [INFO] IPUIPlugin:80 - create IPUIPlugin
2023-04-28 10:13:23,049 [INFO] IPUIPlugin:80 - create IPUIPlugin
2023-04-28 10:13:23,049 [INFO] IPUIPlugin:80 - create IPUIPlugin
2023-04-28 10:13:23,049 [INFO] IPUIPlugin:80 - create IPUIPlugin
2023-04-28 10:13:23,049 [INFO] IPUIPlugin:80 - create IPUIPlugin
2023-04-28 10:13:23,049 [INFO] IPUIPlugin:80 - create IPUIPlugin
2023-04-28 10:13:23,049 [INFO] IPUIPlugin:80 - create IPUIPlugin
2023-04-28 10:13:23,049 [INFO] IPUIPlugin:80 - create IPUIPlugin
2023-04-28 10:13:23,049 [INFO] IPUIPlugin:80 - create IPUIPlugin
2023-04-28 10:13:23,057 [INFO] IPUIPlugin:80 - create IPUIPlugin
2023-04-28 10:13:23,057 [INFO] IPUIPlugin:80 - create IPUIPlugin
2023-04-28 10:13:23,057 [INFO] IPUIPlugin:80 - create IPUIPlugin
2023-04-28 10:13:23,057 [INFO] IPUIPlugin:80 - create IPUIPlugin
2023-04-28 10:13:23,057 [INFO] IPUIPlugin:80 - create IPUIPlugin
2023-04-28 10:13:23,057 [INFO] IPUIPlugin:80 - create IPUIPlugin
2023-04-28 10:13:23,057 [INFO] IPUIPlugin:80 - create IPUIPlugin
2023-04-28 10:13:23,057 [INFO] IPUIPlugin:80 - create IPUIPlugin
2023-04-28 10:13:23,057 [INFO] IPUIPlugin:80 - create IPUIPlugin
2023-04-28 10:13:23,057 [INFO] IPUIPlugin:80 - create IPUIPlugin
2023-04-28 10:13:23,057 [INFO] IPUIPlugin:80 - create IPUIPlugin
2023-04-28 10:13:23,057 [INFO] IPUIPlugin:80 - create IPUIPlugin
2023-04-28 10:13:23,057 [INFO] IPUIPlugin:80 - create IPUIPlugin
2023-04-28 10:13:23,065 [INFO] IPUIPlugin:80 - create IPUIPlugin
2023-04-28 10:13:23,065 [INFO] IPUIPlugin:80 - create IPUIPlugin
2023-04-28 10:13:23,065 [INFO] IPUIPlugin:80 - create IPUIPlugin
2023-04-28 10:13:23,065 [INFO] IPUIPlugin:80 - create IPUIPlugin
2023-04-28 10:13:23,065 [INFO] IPUIPlugin:80 - create IPUIPlugin
2023-04-28 10:13:23,065 [INFO] IPUIPlugin:80 - create IPUIPlugin
2023-04-28 10:13:23,065 [INFO] IPUIPlugin:80 - create IPUIPlugin
2023-04-28 10:13:23,065 [INFO] IPUIPlugin:80 - create IPUIPlugin
2023-04-28 10:13:23,065 [INFO] IPUIPlugin:80 - create IPUIPlugin
2023-04-28 10:13:23,065 [INFO] IPUIPlugin:80 - create IPUIPlugin
2023-04-28 10:13:23,065 [INFO] IPUIPlugin:80 - create IPUIPlugin
2023-04-28 10:13:23,277 [INFO] CADModel:165 - CPN selected for project levelSTM32L4A6ZGT6
2023-04-28 10:13:23,277 [INFO] CADModel:114 - Register for checkConnection events
2023-04-28 10:13:23,342 [INFO] OpenFileManager:328 - Restore cursor
2023-04-28 10:13:24,502 [INFO] UtilMem:75 - End SaveConfig() Used Memory: 524338392 Bytes (623902720)
2023-04-28 10:13:24,592 [INFO] UtilMem:75 - End SaveConfig() Used Memory: 501374160 Bytes (623902720)
2023-04-28 10:13:25,295 [INFO] BlockDiagram:2759 - set Specific Code input for plugin: RCC
2023-04-28 10:13:25,295 [INFO] BlockDiagram:2759 - set Specific Code input for plugin: NVIC
2023-04-28 10:13:25,295 [INFO] CodeGenerator:793 - code generatio: config db path: C:\ST\STM32CubeIDE_1.12.0\STM32CubeIDE\plugins\com.st.stm32cube.common.mx_6.8.0.202302231600\\db\
2023-04-28 10:13:25,971 [INFO] CodeEngine:255 - oldGeneratedFile, C:\Users\james\STM32CubeIDE\workspace_1.12.0\A4\MXTmpFiles\license.tmp_save
2023-04-28 10:13:26,468 [INFO] CodeEngine:279 - Generated code: C:\Users\james\STM32CubeIDE\workspace_1.12.0\A4\MXTmpFiles\license.tmp
2023-04-28 10:13:26,501 [INFO] CodeEngine:255 - oldGeneratedFile, C:\Users\james\STM32CubeIDE\workspace_1.12.0\A4\Core\Src\stm32l4xx_it.c_save
2023-04-28 10:13:26,707 [INFO] CodeEngine:279 - Generated code: C:\Users\james\STM32CubeIDE\workspace_1.12.0\A4\Core\Src\stm32l4xx_it.c
2023-04-28 10:13:26,723 [INFO] CodeEngine:255 - oldGeneratedFile, C:\Users\james\STM32CubeIDE\workspace_1.12.0\A4\Core\Inc\stm32l4xx_it.h_save
2023-04-28 10:13:26,845 [INFO] CodeEngine:279 - Generated code: C:\Users\james\STM32CubeIDE\workspace_1.12.0\A4\Core\Inc\stm32l4xx_it.h
2023-04-28 10:13:26,999 [INFO] CodeEngine:255 - oldGeneratedFile, C:\Users\james\STM32CubeIDE\workspace_1.12.0\A4\Core\Src\stm32l4xx_hal_msp.c_save
2023-04-28 10:13:27,275 [INFO] CodeEngine:279 - Generated code: C:\Users\james\STM32CubeIDE\workspace_1.12.0\A4\Core\Src\stm32l4xx_hal_msp.c
2023-04-28 10:13:27,291 [INFO] CodeEngine:255 - oldGeneratedFile, C:\Users\james\STM32CubeIDE\workspace_1.12.0\A4\MXTmpFiles\system.tmp_save
2023-04-28 10:13:27,404 [INFO] CodeEngine:279 - Generated code: C:\Users\james\STM32CubeIDE\workspace_1.12.0\A4\MXTmpFiles\system.tmp
2023-04-28 10:13:27,429 [INFO] CodeEngine:311 - oldGeneratedFile, C:\Users\james\STM32CubeIDE\workspace_1.12.0\A4\Core\Inc\stm32l4xx_hal_conf.h_save
2023-04-28 10:13:27,634 [INFO] CodeEngine:335 - Generated code: C:\Users\james\STM32CubeIDE\workspace_1.12.0\A4\Core\Inc\stm32l4xx_hal_conf.h
2023-04-28 10:13:27,742 [INFO] CodeEngine:255 - oldGeneratedFile, C:\Users\james\STM32CubeIDE\workspace_1.12.0\A4\Core\Inc\main.h_save
2023-04-28 10:13:27,937 [INFO] CodeEngine:279 - Generated code: C:\Users\james\STM32CubeIDE\workspace_1.12.0\A4\Core\Inc\main.h
2023-04-28 10:13:27,945 [INFO] CodeEngine:255 - oldGeneratedFile, C:\Users\james\STM32CubeIDE\workspace_1.12.0\A4\Core\Src\main.c_save
2023-04-28 10:13:28,117 [INFO] CodeEngine:279 - Generated code: C:\Users\james\STM32CubeIDE\workspace_1.12.0\A4\Core\Src\main.c
2023-04-28 10:13:29,099 [INFO] ProjectBuilder:2996 - Time for Copy HAL[1] : 251mS.
2023-04-28 10:13:29,147 [INFO] ProjectBuilder:4304 - Project Generator version: 3.19.2
2023-04-28 10:13:29,554 [INFO] ConfigFileManager:1483 - The Die is : DIE461
2023-04-28 10:13:29,578 [INFO] ApiDbMcu:507 - Load IP Config File for FATFS
2023-04-28 10:13:29,603 [INFO] ApiDbMcu:507 - Load IP Config File for FREERTOS
2023-04-28 10:13:29,627 [INFO] ApiDbMcu:507 - Load IP Config File for TOUCHSENSING
2023-04-28 10:13:29,643 [INFO] ApiDbMcu:507 - Load IP Config File for USB_DEVICE
2023-04-28 10:13:29,659 [INFO] ApiDbMcu:507 - Load IP Config File for USB_HOST
2023-04-28 10:13:30,999 [INFO] LogOutputStream:77 - [STDOUT_REDIRECT] 
2023-04-28 10:13:36,128 [INFO] ProjectBuilder:4505 - Time for Generating toolchain IDE Files: 6981mS.
2023-04-28 10:13:36,128 [INFO] ProjectBuilder:2867 - Time for Copy CMSIS : 0mS.
2023-04-28 10:13:36,136 [INFO] ProjectBuilder:2867 - Time for Copy CMSIS : 0mS.
2023-04-28 10:13:37,100 [INFO] McuFinderGlobals:66 - Set McuFinderConnectedMode to true
2023-04-28 10:13:37,100 [INFO] ApiDb:448 - Save user favorites file C:\Users\james/.stm32cubeide/favorites.mcus.txt: 0 item(s)
2023-04-28 10:13:37,100 [INFO] ApiDb:452 - User favorites MCUs=[]
