2023-04-18 16:43:46,156 [INFO] Activator:176 - 


2023-04-18 16:43:46,160 [INFO] Activator:177 - !SESSION log4j initialized
2023-04-18 16:43:50,862 [INFO] LogOutputStream:77 - [STDOUT_REDIRECT] 
2023-04-18 16:44:12,384 [ERROR] LogOutputStream:75 - [STDERR_REDIRECT] SLF4J: Failed to load class "org.slf4j.impl.StaticLoggerBinder".
2023-04-18 16:44:12,385 [ERROR] LogOutputStream:75 - [STDERR_REDIRECT] SLF4J: Defaulting to no-operation (NOP) logger implementation
2023-04-18 16:44:12,386 [ERROR] LogOutputStream:75 - [STDERR_REDIRECT] SLF4J: See http://www.slf4j.org/codes.html#StaticLoggerBinder for further details.
2023-04-18 17:04:58,958 [INFO] ApplicationProperties:184 - Using Application install path: C:\ST\STM32CubeIDE_1.12.0\STM32CubeIDE\plugins\com.st.stm32cube.common.mx_6.8.0.202302231600
2023-04-18 17:04:58,975 [INFO] DbMcusXml:78 - Set database path to: C:\ST\STM32CubeIDE_1.12.0\STM32CubeIDE\plugins\com.st.stm32cube.common.mx_6.8.0.202302231600\\db\/mcu/
2023-04-18 17:04:58,976 [INFO] ApiDb:274 - Set plugin database path to: C:\ST\STM32CubeIDE_1.12.0\STM32CubeIDE\plugins\com.st.stm32cube.common.mx_6.8.0.202302231600\\db\/plugins/boardmanager/
2023-04-18 17:04:58,977 [WARN] ApiDb:259 - Overriding images path with different value:  => C:\ST\STM32CubeIDE_1.12.0\STM32CubeIDE\plugins\com.st.stm32cube.common.mx_6.8.0.202302231600\\db\/plugins/mcufinder/images/
2023-04-18 17:04:58,991 [INFO] ApiDb:250 - Set database path to: C:\Users\james\.stmcufinder\plugins\mcufinder//mcu/
2023-04-18 17:04:58,992 [INFO] DbMcusAds:125 - Set database path to: C:\Users\james\.stmcufinder\plugins\mcufinder//mcu/
2023-04-18 17:04:58,999 [INFO] CrossReferenceDbSqlite:203 - Set database path to: C:\Users\james\.stmcufinder\plugins\mcufinder//mcu/cs/
2023-04-18 17:04:59,094 [INFO] RulesReader:64 - Compatibility file has been processed (293 Rules)
2023-04-18 17:04:59,163 [INFO] DbMcusXml:78 - Set database path to: C:\ST\STM32CubeIDE_1.12.0\STM32CubeIDE\plugins\com.st.stm32cube.common.mx_6.8.0.202302231600\\db\/mcu/
2023-04-18 17:04:59,163 [INFO] ApiDb:274 - Set plugin database path to: C:\ST\STM32CubeIDE_1.12.0\STM32CubeIDE\plugins\com.st.stm32cube.common.mx_6.8.0.202302231600\\db\/plugins/boardmanager/
2023-04-18 17:04:59,164 [INFO] ApiDb:261 - Set plugin images path to: C:\ST\STM32CubeIDE_1.12.0\STM32CubeIDE\plugins\com.st.stm32cube.common.mx_6.8.0.202302231600\\db\/plugins/mcufinder/images/
2023-04-18 17:04:59,164 [WARN] DbFile:41 - Overriding database path with different value: C:\Users\james\.stmcufinder\plugins\mcufinder/ => C:\Users\james\.stmcufinder\plugins\mcufinder
2023-04-18 17:04:59,164 [INFO] ApiDb:250 - Set database path to: C:\Users\james\.stmcufinder\plugins\mcufinder//mcu/
2023-04-18 17:04:59,164 [WARN] DbFile:41 - Overriding database path with different value: C:\Users\james\.stmcufinder\plugins\mcufinder/ => C:\Users\james\.stmcufinder\plugins\mcufinder
2023-04-18 17:04:59,164 [INFO] DbMcusAds:125 - Set database path to: C:\Users\james\.stmcufinder\plugins\mcufinder//mcu/
2023-04-18 17:04:59,164 [WARN] DbFile:41 - Overriding database path with different value: C:\Users\james\.stmcufinder\plugins\mcufinder/ => C:\Users\james\.stmcufinder\plugins\mcufinder
2023-04-18 17:04:59,164 [WARN] DbFile:41 - Overriding database path with different value: C:\Users\james\.stmcufinder\plugins\mcufinder/ => C:\Users\james\.stmcufinder\plugins\mcufinder
2023-04-18 17:04:59,164 [INFO] CrossReferenceDbSqlite:203 - Set database path to: C:\Users\james\.stmcufinder\plugins\mcufinder//mcu/cs/
2023-04-18 17:04:59,231 [INFO] MainPanel:253 - HeapMemory: 437256192
2023-04-18 17:04:59,320 [INFO] DbMcusXml:78 - Set database path to: C:\ST\STM32CubeIDE_1.12.0\STM32CubeIDE\plugins\com.st.stm32cube.common.mx_6.8.0.202302231600\\db\/mcu/
2023-04-18 17:04:59,320 [INFO] ApiDb:274 - Set plugin database path to: C:\ST\STM32CubeIDE_1.12.0\STM32CubeIDE\plugins\com.st.stm32cube.common.mx_6.8.0.202302231600\\db\/plugins/boardmanager/
2023-04-18 17:04:59,320 [INFO] ApiDb:261 - Set plugin images path to: C:\ST\STM32CubeIDE_1.12.0\STM32CubeIDE\plugins\com.st.stm32cube.common.mx_6.8.0.202302231600\\db\/plugins/mcufinder/images/
2023-04-18 17:04:59,320 [WARN] DbFile:41 - Overriding database path with different value: C:\Users\james\.stmcufinder\plugins\mcufinder/ => C:\Users\james\.stmcufinder\plugins\mcufinder
2023-04-18 17:04:59,320 [INFO] ApiDb:250 - Set database path to: C:\Users\james\.stmcufinder\plugins\mcufinder//mcu/
2023-04-18 17:04:59,321 [WARN] DbFile:41 - Overriding database path with different value: C:\Users\james\.stmcufinder\plugins\mcufinder/ => C:\Users\james\.stmcufinder\plugins\mcufinder
2023-04-18 17:04:59,321 [INFO] DbMcusAds:125 - Set database path to: C:\Users\james\.stmcufinder\plugins\mcufinder//mcu/
2023-04-18 17:04:59,321 [WARN] DbFile:41 - Overriding database path with different value: C:\Users\james\.stmcufinder\plugins\mcufinder/ => C:\Users\james\.stmcufinder\plugins\mcufinder
2023-04-18 17:04:59,321 [WARN] DbFile:41 - Overriding database path with different value: C:\Users\james\.stmcufinder\plugins\mcufinder/ => C:\Users\james\.stmcufinder\plugins\mcufinder
2023-04-18 17:04:59,321 [INFO] CrossReferenceDbSqlite:203 - Set database path to: C:\Users\james\.stmcufinder\plugins\mcufinder//mcu/cs/
2023-04-18 17:04:59,337 [INFO] ApplicationProperties:184 - Using Application install path: C:\ST\STM32CubeIDE_1.12.0\STM32CubeIDE\plugins\com.st.stm32cube.common.mx_6.8.0.202302231600
2023-04-18 17:04:59,338 [INFO] PluginManage:196 - Search for loadable plugins [exclusion list=, ]
2023-04-18 17:04:59,340 [INFO] PluginManage:310 - Check plugin analytics
2023-04-18 17:04:59,484 [INFO] AnalyticsPlugin:253 - Accepted Software Licenses: 
2023-04-18 17:04:59,484 [INFO] AnalyticsPlugin:255 - Accepted CMSIS Pack Licenses: 
2023-04-18 17:04:59,484 [INFO] AnalyticsPlugin:257 - Accepted Firmware Licenses: 
2023-04-18 17:04:59,491 [INFO] PluginManage:359 - Loaded plugin analytics (category:tool,tabindex:-1)
2023-04-18 17:04:59,491 [INFO] PluginManage:310 - Check plugin cadmodel
2023-04-18 17:04:59,505 [INFO] CADModel:105 - Init CAD model plugin
2023-04-18 17:04:59,505 [INFO] PluginManage:359 - Loaded plugin cadmodel (category:power,tabindex:5)
2023-04-18 17:04:59,505 [INFO] PluginManage:310 - Check plugin clock
2023-04-18 17:04:59,522 [INFO] PluginManage:359 - Loaded plugin clock (category:base,tabindex:2)
2023-04-18 17:04:59,522 [INFO] PluginManage:310 - Check plugin ddr
2023-04-18 17:04:59,524 [INFO] PluginManage:359 - Loaded plugin ddr (category:tool,tabindex:6)
2023-04-18 17:04:59,524 [INFO] PluginManage:310 - Check plugin filemanager
2023-04-18 17:04:59,637 [INFO] PluginManage:359 - Loaded plugin filemanager (category:base,tabindex:10)
2023-04-18 17:04:59,638 [INFO] PluginManage:310 - Check plugin ipmanager
2023-04-18 17:04:59,644 [INFO] PluginManage:359 - Loaded plugin ipmanager (category:base,tabindex:5)
2023-04-18 17:04:59,644 [INFO] PluginManage:310 - Check plugin lpbam
2023-04-18 17:04:59,660 [INFO] PluginManage:359 - Loaded plugin lpbam (category:base,tabindex:0)
2023-04-18 17:04:59,660 [INFO] PluginManage:310 - Check plugin pinoutandconfiguration
2023-04-18 17:04:59,674 [INFO] PluginManage:359 - Loaded plugin pinoutandconfiguration (category:base,tabindex:1)
2023-04-18 17:04:59,674 [INFO] PluginManage:310 - Check plugin pinoutconfig
2023-04-18 17:04:59,751 [WARN] SupportedApi:132 - Cannot load RTOS API schema: s4s-elt-must-match.1: The content of 'definitions' must match (annotation?, (simpleType | complexType)?, (unique | key | keyref)*)). A problem was found starting at: attribute.
2023-04-18 17:04:59,863 [INFO] PluginManage:359 - Loaded plugin pinoutconfig (category:base,tabindex:0)
2023-04-18 17:04:59,863 [INFO] PluginManage:310 - Check plugin power
2023-04-18 17:04:59,881 [INFO] PluginManage:359 - Loaded plugin power (category:power,tabindex:4)
2023-04-18 17:04:59,881 [INFO] PluginManage:310 - Check plugin projectmanager
2023-04-18 17:04:59,894 [INFO] PluginManage:359 - Loaded plugin projectmanager (category:projectmanager,tabindex:3)
2023-04-18 17:04:59,894 [INFO] PluginManage:310 - Check plugin thirdparty
2023-04-18 17:05:00,102 [INFO] PluginManage:359 - Loaded plugin thirdparty (category:base,tabindex:-1)
2023-04-18 17:05:00,102 [WARN] IntegrityCheckThread:84 - waiting for thirdparty lock release [integrity check]
2023-04-18 17:05:00,102 [INFO] PluginManage:310 - Check plugin tools
2023-04-18 17:05:00,102 [INFO] IntegrityCheckThread:86 - entering critical section [integrity check]
2023-04-18 17:05:00,103 [INFO] ThirdPartyUpdaterWithRetryManager:70 - Updater plugin not ready yet. [1/15]
2023-04-18 17:05:00,122 [INFO] PluginManage:359 - Loaded plugin tools (category:base,tabindex:7)
2023-04-18 17:05:00,123 [INFO] PluginManage:310 - Check plugin tutovideos
2023-04-18 17:05:00,310 [INFO] PluginManage:359 - Loaded plugin tutovideos (category:base,tabindex:-1)
2023-04-18 17:05:00,310 [INFO] PluginManage:310 - Check plugin updater
2023-04-18 17:05:00,323 [INFO] PluginManage:359 - Loaded plugin updater (category:base,tabindex:12)
2023-04-18 17:05:00,323 [INFO] PluginManage:283 - PluginManage : Loaded plugins [15]
2023-04-18 17:05:00,520 [INFO] PinOutPanel:1499 - setPackage(No Configuration,No Configuration)
2023-04-18 17:05:00,573 [INFO] CADModel:165 - CPN selected for project level
2023-04-18 17:05:00,573 [INFO] CADModel:114 - Register for checkConnection events
2023-04-18 17:05:00,598 [INFO] IPUIPlugin:80 - create IPUIPlugin
2023-04-18 17:05:00,598 [INFO] PluginManager:220 - loadIPPluginJar : add adc
2023-04-18 17:05:00,622 [INFO] IPUIPlugin:80 - create IPUIPlugin
2023-04-18 17:05:00,622 [INFO] PluginManager:220 - loadIPPluginJar : add aes
2023-04-18 17:05:00,649 [INFO] IPUIPlugin:80 - create IPUIPlugin
2023-04-18 17:05:00,649 [INFO] PluginManager:220 - loadIPPluginJar : add can
2023-04-18 17:05:00,665 [INFO] IPUIPlugin:80 - create IPUIPlugin
2023-04-18 17:05:00,665 [INFO] PluginManager:220 - loadIPPluginJar : add comp
2023-04-18 17:05:00,687 [INFO] IPUIPlugin:80 - create IPUIPlugin
2023-04-18 17:05:00,687 [INFO] PluginManager:220 - loadIPPluginJar : add cryp
2023-04-18 17:05:00,711 [INFO] IPUIPlugin:80 - create IPUIPlugin
2023-04-18 17:05:00,711 [INFO] PluginManager:220 - loadIPPluginJar : add dfsdm
2023-04-18 17:05:00,723 [INFO] IPUIPlugin:80 - create IPUIPlugin
2023-04-18 17:05:00,724 [INFO] PluginManager:220 - loadIPPluginJar : add dma
2023-04-18 17:05:00,754 [INFO] IPUIPlugin:80 - create IPUIPlugin
2023-04-18 17:05:00,754 [INFO] PluginManager:220 - loadIPPluginJar : add dma3
2023-04-18 17:05:00,767 [INFO] IPUIPlugin:80 - create IPUIPlugin
2023-04-18 17:05:00,767 [INFO] PluginManager:220 - loadIPPluginJar : add fatfs
2023-04-18 17:05:00,796 [INFO] IPUIPlugin:80 - create IPUIPlugin
2023-04-18 17:05:00,796 [INFO] PluginManager:220 - loadIPPluginJar : add fmc
2023-04-18 17:05:00,809 [INFO] IPUIPlugin:80 - create IPUIPlugin
2023-04-18 17:05:00,810 [INFO] PluginManager:220 - loadIPPluginJar : add freertos
2023-04-18 17:05:00,823 [INFO] IPUIPlugin:80 - create IPUIPlugin
2023-04-18 17:05:00,823 [INFO] PluginManager:220 - loadIPPluginJar : add genericplugin
2023-04-18 17:05:00,881 [INFO] IPUIPlugin:80 - create IPUIPlugin
2023-04-18 17:05:00,881 [INFO] PluginManager:220 - loadIPPluginJar : add gfxmmu
2023-04-18 17:05:00,963 [INFO] IPUIPlugin:80 - create IPUIPlugin
2023-04-18 17:05:00,963 [INFO] PluginManager:220 - loadIPPluginJar : add gic
2023-04-18 17:05:00,974 [INFO] IPUIPlugin:80 - create IPUIPlugin
2023-04-18 17:05:00,974 [INFO] PluginManager:220 - loadIPPluginJar : add gpio
2023-04-18 17:05:01,032 [INFO] IPUIPlugin:80 - create IPUIPlugin
2023-04-18 17:05:01,032 [INFO] PluginManager:220 - loadIPPluginJar : add gtzc
2023-04-18 17:05:01,052 [INFO] IPUIPlugin:80 - create IPUIPlugin
2023-04-18 17:05:01,052 [INFO] PluginManager:220 - loadIPPluginJar : add hash
2023-04-18 17:05:01,083 [INFO] IPUIPlugin:80 - create IPUIPlugin
2023-04-18 17:05:01,083 [INFO] PluginManager:220 - loadIPPluginJar : add i2c
2023-04-18 17:05:01,107 [INFO] IPUIPlugin:80 - create IPUIPlugin
2023-04-18 17:05:01,107 [INFO] PluginManager:220 - loadIPPluginJar : add i2s
2023-04-18 17:05:01,133 [INFO] IPUIPlugin:80 - create IPUIPlugin
2023-04-18 17:05:01,133 [INFO] PluginManager:220 - loadIPPluginJar : add i3c
2023-04-18 17:05:01,200 [INFO] IPUIPlugin:80 - create IPUIPlugin
2023-04-18 17:05:01,200 [INFO] PluginManager:220 - loadIPPluginJar : add ipddr
2023-04-18 17:05:01,258 [INFO] IPUIPlugin:80 - create IPUIPlugin
2023-04-18 17:05:01,258 [INFO] PluginManager:220 - loadIPPluginJar : add linkedlist
2023-04-18 17:05:01,279 [INFO] IPUIPlugin:80 - create IPUIPlugin
2023-04-18 17:05:01,279 [INFO] PluginManager:220 - loadIPPluginJar : add lorawan
2023-04-18 17:05:01,302 [INFO] IPUIPlugin:80 - create IPUIPlugin
2023-04-18 17:05:01,302 [INFO] PluginManager:220 - loadIPPluginJar : add ltdc
2023-04-18 17:05:01,313 [INFO] IPUIPlugin:80 - create IPUIPlugin
2023-04-18 17:05:01,313 [INFO] PluginManager:220 - loadIPPluginJar : add mdma
2023-04-18 17:05:01,324 [INFO] IPUIPlugin:80 - create IPUIPlugin
2023-04-18 17:05:01,324 [INFO] PluginManager:220 - loadIPPluginJar : add nvic
2023-04-18 17:05:01,346 [INFO] IPUIPlugin:80 - create IPUIPlugin
2023-04-18 17:05:01,346 [INFO] PluginManager:220 - loadIPPluginJar : add opamp
2023-04-18 17:05:01,386 [INFO] IPUIPlugin:80 - create IPUIPlugin
2023-04-18 17:05:01,386 [INFO] PluginManager:220 - loadIPPluginJar : add openamp
2023-04-18 17:05:01,413 [INFO] IPUIPlugin:80 - create IPUIPlugin
2023-04-18 17:05:01,413 [INFO] PluginManager:220 - loadIPPluginJar : add pdm2pcm
2023-04-18 17:05:01,425 [INFO] IPUIPlugin:80 - create IPUIPlugin
2023-04-18 17:05:01,427 [INFO] PluginManager:220 - loadIPPluginJar : add plateformsettings
2023-04-18 17:05:01,441 [INFO] IPUIPlugin:80 - create IPUIPlugin
2023-04-18 17:05:01,441 [INFO] PluginManager:220 - loadIPPluginJar : add quadspi
2023-04-18 17:05:01,452 [INFO] IPUIPlugin:80 - create IPUIPlugin
2023-04-18 17:05:01,452 [INFO] PluginManager:220 - loadIPPluginJar : add resmgrutility
2023-04-18 17:05:01,484 [INFO] IPUIPlugin:80 - create IPUIPlugin
2023-04-18 17:05:01,484 [INFO] PluginManager:220 - loadIPPluginJar : add sai
2023-04-18 17:05:01,508 [INFO] IPUIPlugin:80 - create IPUIPlugin
2023-04-18 17:05:01,508 [INFO] PluginManager:220 - loadIPPluginJar : add spi
2023-04-18 17:05:01,548 [INFO] IPUIPlugin:80 - create IPUIPlugin
2023-04-18 17:05:01,548 [INFO] PluginManager:220 - loadIPPluginJar : add stm32_wpan
2023-04-18 17:05:01,563 [INFO] IPUIPlugin:80 - create IPUIPlugin
2023-04-18 17:05:01,563 [INFO] PluginManager:220 - loadIPPluginJar : add tim
2023-04-18 17:05:01,600 [INFO] IPUIPlugin:80 - create IPUIPlugin
2023-04-18 17:05:01,600 [INFO] PluginManager:220 - loadIPPluginJar : add touchsensing
2023-04-18 17:05:01,615 [INFO] IPUIPlugin:80 - create IPUIPlugin
2023-04-18 17:05:01,615 [INFO] PluginManager:220 - loadIPPluginJar : add tracer_emb
2023-04-18 17:05:01,630 [INFO] IPUIPlugin:80 - create IPUIPlugin
2023-04-18 17:05:01,630 [INFO] PluginManager:220 - loadIPPluginJar : add ts
2023-04-18 17:05:01,644 [INFO] IPUIPlugin:80 - create IPUIPlugin
2023-04-18 17:05:01,644 [INFO] PluginManager:220 - loadIPPluginJar : add tsc
2023-04-18 17:05:01,659 [INFO] IPUIPlugin:80 - create IPUIPlugin
2023-04-18 17:05:01,659 [INFO] PluginManager:220 - loadIPPluginJar : add ucpd
2023-04-18 17:05:01,686 [INFO] IPUIPlugin:80 - create IPUIPlugin
2023-04-18 17:05:01,686 [INFO] PluginManager:220 - loadIPPluginJar : add usart
2023-04-18 17:05:01,716 [INFO] IPUIPlugin:80 - create IPUIPlugin
2023-04-18 17:05:01,716 [INFO] PluginManager:220 - loadIPPluginJar : add usbx
2023-04-18 17:05:01,837 [INFO] CADModel:165 - CPN selected for project level
2023-04-18 17:05:01,837 [INFO] CADModel:114 - Register for checkConnection events
2023-04-18 17:05:01,837 [FATAL] Updater:308 - Updater called before beeing initialized
2023-04-18 17:05:01,837 [ERROR] CADModel:125 - Updater not yet initialized, retry later 
2023-04-18 17:05:01,960 [INFO] CADModel:165 - CPN selected for project level
2023-04-18 17:05:01,960 [INFO] CADModel:114 - Register for checkConnection events
2023-04-18 17:05:01,960 [FATAL] Updater:308 - Updater called before beeing initialized
2023-04-18 17:05:01,960 [ERROR] CADModel:125 - Updater not yet initialized, retry later 
2023-04-18 17:05:01,962 [FATAL] Updater:308 - Updater called before beeing initialized
2023-04-18 17:05:02,046 [FATAL] Updater:308 - Updater called before beeing initialized
2023-04-18 17:05:02,056 [INFO] DbMcusAds:53 - JSON generation date=Tue Mar 07 00:50:55 PST 2023 (1678179055335)
2023-04-18 17:05:02,056 [FATAL] Updater:308 - Updater called before beeing initialized
2023-04-18 17:05:02,117 [WARN] DetailPanel:346 - Failed to get advertising image, set to default
2023-04-18 17:05:02,199 [FATAL] Updater:308 - Updater called before beeing initialized
2023-04-18 17:05:02,201 [FATAL] Updater:308 - Updater called before beeing initialized
2023-04-18 17:05:02,201 [FATAL] Updater:308 - Updater called before beeing initialized
2023-04-18 17:05:02,201 [WARN] DetailPanel:346 - Failed to get advertising image, set to default
2023-04-18 17:05:02,202 [FATAL] Updater:308 - Updater called before beeing initialized
2023-04-18 17:05:02,246 [ERROR] Updater:1120 - MainUpdater not yet initialized. External WinMGr cannot be set.
2023-04-18 17:05:02,253 [INFO] Updater:1056 - Updater Version found : 6.8.0
2023-04-18 17:05:02,267 [INFO] ApplicationProperties:184 - Using Application install path: C:\ST\STM32CubeIDE_1.12.0\STM32CubeIDE\plugins\com.st.stm32cube.common.mx_6.8.0.202302231600
2023-04-18 17:05:02,355 [INFO] MainUpdater:2854 - connection check result : 10
2023-04-18 17:05:02,355 [INFO] MainUpdater:3548 - Updater definition file requires update
2023-04-18 17:05:02,356 [INFO] MainUpdater:283 - Updater Check For Update Now.
2023-04-18 17:05:02,356 [INFO] MicroXplorer:498 - Change Database Version : DB.6.0.80
2023-04-18 17:05:02,388 [INFO] ServerAccessManage:473 - Download File updaters.zip
2023-04-18 17:05:02,445 [INFO] FileExtend:240 - Unzip File : updaters.zip
2023-04-18 17:05:02,445 [INFO] FileExtend:255 - Standard Zip Deflate
2023-04-18 17:05:02,761 [INFO] ServerAccessManage:473 - Download File PacksControlFlags.xml
2023-04-18 17:05:02,815 [INFO] ServerAccessManage:473 - Download File cubemx.pidx
2023-04-18 17:05:02,890 [INFO] LoadServerUpdatesThread:373 - End of LoadServerUpdate Thread
2023-04-18 17:05:03,035 [INFO] CheckServerUpdateThread:120 - End of CheckServer Thread
2023-04-18 17:05:03,204 [INFO] MainUpdater:2854 - connection check result : 10
2023-04-18 17:05:03,221 [INFO] McuFinderGlobals:66 - Set McuFinderConnectedMode to true
2023-04-18 17:05:03,267 [WARN] PackLoader:240 - Cannot read IP mode file for STMicroelectronics.X-CUBE-GNSS1.6.0.0
2023-04-18 17:05:03,300 [WARN] PackLoader:240 - Cannot read IP mode file for STMicroelectronics.X-CUBE-AZRTOS-F4.1.1.0
2023-04-18 17:05:03,312 [WARN] PackLoader:240 - Cannot read IP mode file for STMicroelectronics.X-CUBE-SMBUS.2.1.0
2023-04-18 17:05:03,317 [WARN] PackLoader:240 - Cannot read IP mode file for wolfSSL.I-CUBE-wolfSSL.5.6.0
2023-04-18 17:05:03,334 [WARN] PackLoader:240 - Cannot read IP mode file for STMicroelectronics.X-CUBE-AZRTOS-F7.1.1.0
2023-04-18 17:05:03,348 [WARN] PackLoader:240 - Cannot read IP mode file for STMicroelectronics.X-CUBE-BLE1.6.2.4
2023-04-18 17:05:03,365 [WARN] PackLoader:240 - Cannot read IP mode file for emotas.I-CUBE-CANOPEN.1.1.3
2023-04-18 17:05:03,374 [WARN] PackLoader:240 - Cannot read IP mode file for STMicroelectronics.X-CUBE-BLEMGR.2.0.0
2023-04-18 17:05:03,392 [WARN] ConditionMgr:438 - getConditionDescription Invalid condition id : UX DEVICE CLASS RTOS Condition cause : null
2023-04-18 17:05:03,392 [WARN] ConditionMgr:438 - getConditionDescription Invalid condition id : UX DEVICE CLASS RTOS Condition cause : null
2023-04-18 17:05:03,396 [WARN] PackLoader:240 - Cannot read IP mode file for STMicroelectronics.X-CUBE-AZRTOS-H7.3.1.0
2023-04-18 17:05:03,397 [WARN] ConditionMgr:1039 - genDependencies : Invalid condition id : UX DEVICE CLASS RTOS Condition cause : null
2023-04-18 17:05:03,397 [WARN] ConditionMgr:1039 - genDependencies : Invalid condition id : UX DEVICE CLASS RTOS Condition cause : null
2023-04-18 17:05:03,398 [WARN] ConditionMgr:1039 - genDependencies : Invalid condition id : UX DEVICE CLASS RTOS Condition cause : null
2023-04-18 17:05:03,398 [WARN] ConditionMgr:1039 - genDependencies : Invalid condition id : UX DEVICE CLASS RTOS Condition cause : null
2023-04-18 17:05:03,398 [WARN] ConditionMgr:1039 - genDependencies : Invalid condition id : UX DEVICE CLASS RTOS Condition cause : null
2023-04-18 17:05:03,408 [WARN] PackLoader:240 - Cannot read IP mode file for STMicroelectronics.X-CUBE-DISPLAY.3.0.0
2023-04-18 17:05:03,420 [INFO] ServerAccessManage:473 - Download File mcusAds.json._tmp_
2023-04-18 17:05:03,424 [WARN] PackLoader:240 - Cannot read IP mode file for STMicroelectronics.X-CUBE-NFC7.1.0.0
2023-04-18 17:05:03,435 [WARN] PackLoader:240 - Cannot read IP mode file for STMicroelectronics.X-CUBE-EEPRMA1.4.1.0
2023-04-18 17:05:03,442 [WARN] PackLoader:240 - Cannot read IP mode file for WES.I-CUBE-Cesium.1.3.0
2023-04-18 17:05:03,453 [WARN] PackLoader:240 - Cannot read IP mode file for STMicroelectronics.X-CUBE-SFXS2LP1.4.0.0
2023-04-18 17:05:03,464 [WARN] PackLoader:240 - Cannot read IP mode file for STMicroelectronics.X-CUBE-BLE2.3.3.0
2023-04-18 17:05:03,485 [WARN] PackLoader:240 - Cannot read IP mode file for STMicroelectronics.X-CUBE-AZRTOS-H7.3.0.0
2023-04-18 17:05:03,499 [WARN] PackLoader:240 - Cannot read IP mode file for STMicroelectronics.X-CUBE-ISPU.1.1.0
2023-04-18 17:05:03,512 [WARN] PackLoader:240 - Cannot read IP mode file for RoweBots.I-CUBE-UNISONRTOS.5.5.0-4
2023-04-18 17:05:03,522 [WARN] PackLoader:240 - Cannot read IP mode file for STMicroelectronics.X-CUBE-AI.8.0.0
2023-04-18 17:05:03,528 [WARN] PackLoader:240 - Cannot read IP mode file for STMicroelectronics.X-CUBE-FREERTOS.1.0.0
2023-04-18 17:05:03,531 [INFO] LoadUrlFilesThread:156 - End of LoadUrlFiles Thread
2023-04-18 17:05:03,533 [WARN] PackLoader:240 - Cannot read IP mode file for STMicroelectronics.X-CUBE-FREERTOS.1.0.1
2023-04-18 17:05:03,549 [WARN] PackLoader:240 - Cannot read IP mode file for STMicroelectronics.X-CUBE-TOUCHGFX.4.21.3
2023-04-18 17:05:03,561 [WARN] PackLoader:240 - Cannot read IP mode file for STMicroelectronics.X-CUBE-ALGOBUILD.1.3.0
2023-04-18 17:05:03,575 [WARN] PackLoader:240 - Cannot read IP mode file for STMicroelectronics.X-CUBE-AZRTOS-L5.1.1.0
2023-04-18 17:05:03,592 [WARN] PackLoader:240 - Cannot read IP mode file for STMicroelectronics.X-CUBE-AZRTOS-G0.1.1.0
2023-04-18 17:05:03,601 [WARN] PackLoader:240 - Cannot read IP mode file for STMicroelectronics.X-CUBE-SUBG2.5.0.0
2023-04-18 17:05:03,616 [WARN] PackLoader:240 - Cannot read IP mode file for STMicroelectronics.X-CUBE-NFC4.3.0.0
2023-04-18 17:05:03,627 [WARN] PackLoader:240 - Cannot read IP mode file for STMicroelectronics.X-CUBE-TOF1.3.3.0
2023-04-18 17:05:03,637 [WARN] PackLoader:240 - Cannot read IP mode file for STMicroelectronics.FP-ATR-ASTRA1.1.1.1
2023-04-18 17:05:03,647 [WARN] PackLoader:240 - Cannot read IP mode file for STMicroelectronics.X-CUBE-AZRTOS-G4.1.0.0
2023-04-18 17:05:03,652 [WARN] PackLoader:240 - Cannot read IP mode file for STMicroelectronics.FP-ATR-SIGFOX1.3.2.0
2023-04-18 17:05:03,656 [INFO] ServerAccessManage:473 - Download File cube-finder-db.zip
2023-04-18 17:05:03,667 [WARN] PackLoader:240 - Cannot read IP mode file for STMicroelectronics.X-CUBE-AZRTOS-L4.1.0.0
2023-04-18 17:05:03,677 [WARN] PackLoader:240 - Cannot read IP mode file for STMicroelectronics.X-CUBE-AZRTOS-WL.1.0.0
2023-04-18 17:05:03,683 [WARN] PackLoader:240 - Cannot read IP mode file for portGmbH.I-Cube-SoM-uGOAL.1.1.0
2023-04-18 17:05:03,687 [WARN] PackLoader:240 - Cannot read IP mode file for STMicroelectronics.X-CUBE-ALS.1.0.1
2023-04-18 17:05:03,731 [WARN] PackLoader:240 - Cannot read IP mode file for STMicroelectronics.X-CUBE-MEMS1.9.5.0
2023-04-18 17:05:03,821 [WARN] PackLoader:240 - Cannot read IP mode file for STMicroelectronics.X-CUBE-AZRTOS-WB.1.1.0
2023-04-18 17:05:03,842 [WARN] PackLoader:240 - Cannot read IP mode file for SEGGER.I-CUBE-embOS.1.3.1
2023-04-18 17:05:03,876 [WARN] PackLoader:240 - Cannot read IP mode file for STMicroelectronics.FP-ATR-ASTRA1.2.0.0
2023-04-18 17:05:03,876 [INFO] ThirdParty:978 - Integrity check success = true
2023-04-18 17:05:03,876 [INFO] IntegrityCheckThread:100 - exiting critical section [integrity check]
2023-04-18 17:05:03,876 [INFO] IntegrityCheckThread:103 - End integrity checks thread
2023-04-18 17:05:05,412 [INFO] FileExtend:240 - Unzip File : cube-finder-db.zip
2023-04-18 17:05:05,412 [INFO] FileExtend:255 - Standard Zip Deflate
2023-04-18 17:05:06,000 [INFO] LoadUrlFilesThread:156 - End of LoadUrlFiles Thread
2023-04-18 17:05:06,830 [INFO] ServerAccessManage:473 - Download File crdb.zip
2023-04-18 17:05:07,859 [INFO] FileExtend:240 - Unzip File : crdb.zip
2023-04-18 17:05:07,859 [INFO] FileExtend:255 - Standard Zip Deflate
2023-04-18 17:05:07,989 [INFO] LoadUrlFilesThread:156 - End of LoadUrlFiles Thread
2023-04-18 17:05:08,148 [INFO] ServerAccessManage:473 - Download File tutoVideoDB.zip
2023-04-18 17:05:08,159 [INFO] FileExtend:240 - Unzip File : tutoVideoDB.zip
2023-04-18 17:05:08,160 [INFO] FileExtend:255 - Standard Zip Deflate
2023-04-18 17:05:08,283 [INFO] LoadUrlFilesThread:156 - End of LoadUrlFiles Thread
2023-04-18 17:05:08,292 [WARN] DbFile:41 - Overriding database path with different value: C:\Users\james\.stmcufinder\plugins\mcufinder/ => C:\Users\james\.stmcufinder\plugins\mcufinder
2023-04-18 17:05:08,423 [INFO] ServerAccessManage:473 - Download File api_config.json
2023-04-18 17:05:08,533 [INFO] LoadUrlFilesThread:156 - End of LoadUrlFiles Thread
2023-04-18 17:05:08,534 [INFO] DbMcusAds:53 - JSON generation date=Tue Mar 07 00:50:55 PST 2023 (1678179055335)
2023-04-18 17:05:08,551 [INFO] LoadUrlFilesThread:185 - End of LoadServerUrlFiles without Thread
2023-04-18 17:05:08,552 [INFO] TargetSelectorAdapter:259 - Refresh data is successful
2023-04-18 17:05:08,629 [INFO] ApiDb:581 - Connected to CubeFinder SQLite database (C:\Users\james\.stmcufinder\plugins\mcufinder\mcu\cube-finder-db.db)
2023-04-18 17:05:08,678 [INFO] ApiDb:668 - CubeFinder database Data Model version=2.1
2023-04-18 17:05:08,679 [INFO] ApiDb:669 - CubeFinder database Configuration version=3.0.35
2023-04-18 17:05:08,679 [INFO] ApiDb:670 - CubeFinder database generation date=2023-03-10 (1678456172)
2023-04-18 17:05:08,679 [INFO] ApiDb:671 - CubeFinder database FW Pack versions=[FP-ATR-ASTRA1_V1.1.1, STM32Cube_FW_C0_V1.0.1, STM32Cube_FW_F0_V1.11.4, STM32Cube_FW_F3_V1.11.4, STM32Cube_FW_F4_V1.27.1, STM32Cube_FW_F7_V1.17.0, STM32Cube_FW_G0_V1.6.1, STM32Cube_FW_G4_V1.5.1, STM32Cube_FW_H5_V0.5.1, STM32Cube_FW_H5_V1.0.0, STM32Cube_FW_H7_V1.11.0, STM32Cube_FW_L0_V1.12.2, STM32Cube_FW_L5_V1.5.0, STM32Cube_FW_U5_V1.2.0, STM32Cube_FW_WBA_V1.0.0, STM32Cube_FW_WBA_V1.0.0RC1, STM32Cube_FW_WBA_V1.0.0RC3, STM32Cube_FW_WB_V1.15.0RC1, STM32Cube_FW_WB_V1.16.0, STM32Cube_FW_WB_V1.16.0RC2, STM32Cube_FW_WL_V1.3.0, X-CUBE-ALGOBUILD_V1.3.0, X-CUBE-ALS_V1.0.1, X-CUBE-AZRTOS-F4_V1.1.0, X-CUBE-AZRTOS-F7_V1.1.0, X-CUBE-AZRTOS-G0_V1.1.0, X-CUBE-AZRTOS-G4_V1.0.0, X-CUBE-AZRTOS-H7_V3.0.0, X-CUBE-AZRTOS-L4_V1.0.0, X-CUBE-AZRTOS-L5_V1.1.0, X-CUBE-AZRTOS-WB_V1.1.0, X-CUBE-AZRTOS-WL_V1.0.0, X-CUBE-BLE1_V6.2.4, X-CUBE-BLE2_V3.3.0, X-CUBE-BLEMGR_V1.3.0, X-CUBE-EEPRMA1_V4.1.0, X-CUBE-GNSS1_V6.0.0, X-CUBE-MEMS1_V9.1.0, X-CUBE-MEMS1_V9.4.0, X-CUBE-MEMS1_V9.5.0, X-CUBE-NFC4_V3.0.0, X-CUBE-NFC7_V1.0.0, X-CUBE-SFXS2LP1_V4.0.0, X-CUBE-SUBG2_V5.0.0]
2023-04-18 17:05:10,130 [INFO] ApiDb:240 - Found 297 in-development CPN: [B-G473E-ZEST1S, B-WB1M-WPAN1, B-WL5M-SUBG1, NUCLEO-C031C6, NUCLEO-H503RB, NUCLEO-H563ZI, NUCLEO-U545RE-Q, NUCLEO-U5A5ZJ-Q, NUCLEO-WBA52CG, STEVAL-PROTEUS1, STEVAL-STWINBX1, STM320518-EVAL, STM32C0116-DK, STM32C011D6Y3TR, STM32C011D6Y6TR, STM32C011F4P3, STM32C011F4P6, STM32C011F4U3, STM32C011F4U6TR, STM32C011F6P3, STM32C011F6P6, STM32C011F6U3, STM32C011F6U6TR, STM32C011J4M3, STM32C011J4M6, STM32C011J6M3, STM32C011J6M6, STM32C0316-DK, STM32C031C4T3, STM32C031C4T6, STM32C031C4U3, STM32C031C4U6, STM32C031C6T3, STM32C031C6T6, STM32C031C6U3, STM32C031C6U6, STM32C031F4P3, STM32C031F4P6, STM32C031F6P3, STM32C031F6P6, STM32C031G4U3, STM32C031G4U6, STM32C031G6U3, STM32C031G6U6, STM32C031K4T3, STM32C031K4T6, STM32C031K4U3, STM32C031K4U6, STM32C031K6T3, STM32C031K6T6, STM32C031K6U3, STM32C031K6U6, STM32G071K8TXN, STM32G071K8UXN, STM32G081GBU6N, STM32G081KBT6N, STM32G081KBUXN, STM32G0B1CCT6N, STM32G0B1KCT6, STM32G0B1NEY6TR, STM32G0B1RCT6N, STM32G0C1CCT6, STM32G0C1CCT6N, STM32G0C1CCU6N, STM32G0C1CET6N, STM32G0C1CEU6N, STM32G0C1KCT6, STM32G0C1NEY6TR, STM32G0C1RCI6N, STM32G0C1RCT6N, STM32G0C1REI6N, STM32G0C1RET6N, STM32G0C1VCI6, STM32G0C1VEI6, STM32G471CCT6, STM32G471CCU6, STM32G471CET3, STM32G471CET6, STM32G471CEU3, STM32G471CEU6, STM32G471MCT6, STM32G471MET3, STM32G471MET6, STM32G471MEY6TR, STM32G471QCT6, STM32G471QET3, STM32G471RCT6, STM32G471RET3, STM32G471RET6, STM32G471VCH6, STM32G471VCI6, STM32G471VCT6, STM32G471VEH3, STM32G471VEH6, STM32G471VEI3, STM32G471VEI6, STM32G471VET3, STM32G471VET6, STM32G474CCT6, STM32H503CBT6, STM32H503CBU6, STM32H503EBY6TR, STM32H503KBU6, STM32H503RBT6, STM32H562AGI6, STM32H562AII6, STM32H562IGK6, STM32H562IGT6, STM32H562IIK6, STM32H562IIT6, STM32H562RGT6, STM32H562RGV6, STM32H562RIT6, STM32H562RIV6, STM32H562VGT6, STM32H562VIT6, STM32H562ZGT6, STM32H562ZIT6, STM32H563AGI6, STM32H563AII3Q, STM32H563AII6, STM32H563IGK6, STM32H563IGT6, STM32H563IIK3Q, STM32H563IIK6, STM32H563IIT3Q, STM32H563IIT6, STM32H563MIY3QTR, STM32H563RGT6, STM32H563RGV6, STM32H563RIT6, STM32H563RIV6, STM32H563VGT6, STM32H563VIT3Q, STM32H563VIT6, STM32H563ZGT6, STM32H563ZIT3Q, STM32H563ZIT6, STM32H573AII3Q, STM32H573AII6, STM32H573I-DK, STM32H573IIK3Q, STM32H573IIK6, STM32H573IIT3Q, STM32H573IIT6, STM32H573MIY3QTR, STM32H573RIT6, STM32H573RIV6, STM32H573VIT3Q, STM32H573VIT6, STM32H573ZIT3Q, STM32H573ZIT6, STM32L4R5QGI6STR, STM32MP131AAE3, STM32MP131AAF3, STM32MP131AAG3, STM32MP131CAE3, STM32MP131CAF3, STM32MP131CAG3, STM32MP131DAE7, STM32MP131DAF7, STM32MP131DAG7, STM32MP131FAE7, STM32MP131FAF7, STM32MP131FAG7, STM32MP133AAE3, STM32MP133AAF3, STM32MP133AAG3, STM32MP133CAE3, STM32MP133CAF3, STM32MP133CAG3, STM32MP133DAE7, STM32MP133DAF7, STM32MP133DAG7, STM32MP133FAE7, STM32MP133FAF7, STM32MP133FAG7, STM32MP135AAE3, STM32MP135AAF3, STM32MP135AAG3, STM32MP135CAE3, STM32MP135CAF3, STM32MP135CAG3, STM32MP135DAE7, STM32MP135DAF7, STM32MP135DAG7, STM32MP135F-DK, STM32MP135FAE7, STM32MP135FAF7, STM32MP135FAF7T, STM32MP135FAF7U, STM32MP135FAG7, STM32U535CBT6, STM32U535CBT6Q, STM32U535CBU6, STM32U535CBU6Q, STM32U535CCT6, STM32U535CCT6Q, STM32U535CCU6, STM32U535CCU6Q, STM32U535CET6, STM32U535CET6Q, STM32U535CEU6, STM32U535CEU6Q, STM32U535JEY6QTR, STM32U535NCY6QTR, STM32U535NEY6QTR, STM32U535RBI6, STM32U535RBI6Q, STM32U535RBT6, STM32U535RBT6Q, STM32U535RCI6, STM32U535RCI6Q, STM32U535RCT6, STM32U535RCT6Q, STM32U535REI6, STM32U535REI6Q, STM32U535RET6, STM32U535RET6Q, STM32U535VCI6, STM32U535VCI6Q, STM32U535VCT6, STM32U535VCT6Q, STM32U535VEI6, STM32U535VEI6Q, STM32U535VET6, STM32U535VET6Q, STM32U545CET6, STM32U545CET6Q, STM32U545CEU6, STM32U545CEU6Q, STM32U545JEY6QTR, STM32U545NEY6QTR, STM32U545REI6, STM32U545REI6Q, STM32U545RET6, STM32U545RET6Q, STM32U545VEI6, STM32U545VEI6Q, STM32U545VET6, STM32U545VET6Q, STM32U595AIH6, STM32U595AIH6Q, STM32U595AJH6, STM32U595AJH6Q, STM32U595QII6, STM32U595QII6Q, STM32U595QJI6, STM32U595QJI6Q, STM32U595RIT6, STM32U595RIT6Q, STM32U595RJT6, STM32U595RJT6Q, STM32U595VIT6, STM32U595VIT6Q, STM32U595VJT6, STM32U595VJT6Q, STM32U595ZIT6, STM32U595ZIT6Q, STM32U595ZIY6QTR, STM32U595ZJT6, STM32U595ZJT6Q, STM32U595ZJY6QTR, STM32U599BJY6QTR, STM32U599NIH6Q, STM32U599NJH6Q, STM32U599VIT6Q, STM32U599VJT6, STM32U599VJT6Q, STM32U599ZIT6Q, STM32U599ZIY6QTR, STM32U599ZJT6Q, STM32U599ZJY6QTR, STM32U5A5AJH6, STM32U5A5AJH6Q, STM32U5A5QJI6, STM32U5A5QJI6Q, STM32U5A5RJT6, STM32U5A5RJT6Q, STM32U5A5VJT6, STM32U5A5VJT6Q, STM32U5A5ZJT6, STM32U5A5ZJT6Q, STM32U5A5ZJY6QTR, STM32U5A9BJY6QTR, STM32U5A9J-DK, STM32U5A9NJH6Q, STM32U5A9VJT6Q, STM32U5A9ZJT6Q, STM32U5A9ZJY6QTR, STM32WB1MMCH6, STM32WBA52CEU6, STM32WBA52CEU6T, STM32WBA52CGU6, STM32WBA52CGU6T, STM32WL5MOCH6, STM32WL5MOCH6TR]
2023-04-18 17:05:10,132 [INFO] DbMcus:216 - Found 3775 MCUs, 3775 are supported
2023-04-18 17:05:10,139 [INFO] ApiDb:423 - Load user favorites file C:\Users\james/.stm32cubeide/favorites.mcus.txt: 0 item(s)
2023-04-18 17:05:10,139 [INFO] ApiDb:427 - User favorites MCUs=[]
2023-04-18 17:05:10,139 [INFO] DbMcus:222 - Set 0 / 0 favorites MCUs
2023-04-18 17:05:10,344 [INFO] ApiDb:668 - CubeFinder database Data Model version=2.1
2023-04-18 17:05:10,344 [INFO] ApiDb:669 - CubeFinder database Configuration version=3.0.35
2023-04-18 17:05:10,344 [INFO] ApiDb:670 - CubeFinder database generation date=2023-03-10 (1678456172)
2023-04-18 17:05:10,344 [INFO] ApiDb:671 - CubeFinder database FW Pack versions=[FP-ATR-ASTRA1_V1.1.1, STM32Cube_FW_C0_V1.0.1, STM32Cube_FW_F0_V1.11.4, STM32Cube_FW_F3_V1.11.4, STM32Cube_FW_F4_V1.27.1, STM32Cube_FW_F7_V1.17.0, STM32Cube_FW_G0_V1.6.1, STM32Cube_FW_G4_V1.5.1, STM32Cube_FW_H5_V0.5.1, STM32Cube_FW_H5_V1.0.0, STM32Cube_FW_H7_V1.11.0, STM32Cube_FW_L0_V1.12.2, STM32Cube_FW_L5_V1.5.0, STM32Cube_FW_U5_V1.2.0, STM32Cube_FW_WBA_V1.0.0, STM32Cube_FW_WBA_V1.0.0RC1, STM32Cube_FW_WBA_V1.0.0RC3, STM32Cube_FW_WB_V1.15.0RC1, STM32Cube_FW_WB_V1.16.0, STM32Cube_FW_WB_V1.16.0RC2, STM32Cube_FW_WL_V1.3.0, X-CUBE-ALGOBUILD_V1.3.0, X-CUBE-ALS_V1.0.1, X-CUBE-AZRTOS-F4_V1.1.0, X-CUBE-AZRTOS-F7_V1.1.0, X-CUBE-AZRTOS-G0_V1.1.0, X-CUBE-AZRTOS-G4_V1.0.0, X-CUBE-AZRTOS-H7_V3.0.0, X-CUBE-AZRTOS-L4_V1.0.0, X-CUBE-AZRTOS-L5_V1.1.0, X-CUBE-AZRTOS-WB_V1.1.0, X-CUBE-AZRTOS-WL_V1.0.0, X-CUBE-BLE1_V6.2.4, X-CUBE-BLE2_V3.3.0, X-CUBE-BLEMGR_V1.3.0, X-CUBE-EEPRMA1_V4.1.0, X-CUBE-GNSS1_V6.0.0, X-CUBE-MEMS1_V9.1.0, X-CUBE-MEMS1_V9.4.0, X-CUBE-MEMS1_V9.5.0, X-CUBE-NFC4_V3.0.0, X-CUBE-NFC7_V1.0.0, X-CUBE-SFXS2LP1_V4.0.0, X-CUBE-SUBG2_V5.0.0]
2023-04-18 17:05:10,389 [INFO] DbBoardsSqlite:226 - include board P-NUCLEO-WB55-NUCLEO as a kit item of type 'Nucleo-64'
2023-04-18 17:05:10,389 [INFO] DbBoardsSqlite:226 - include board P-NUCLEO-WB55-USBDONGLE as a kit item of type 'Nucleo USB Dongle'
2023-04-18 17:05:10,389 [INFO] DbBoardsSqlite:226 - include board STEVAL-IDP005V1 as a kit item of type 'Evaluation Board'
2023-04-18 17:05:10,390 [INFO] DbBoardsSqlite:226 - include board STEVAL-IDP005V2 as a kit item of type 'Evaluation Board'
2023-04-18 17:05:10,430 [INFO] ApiDb:240 - Found 297 in-development CPN: [B-G473E-ZEST1S, B-WB1M-WPAN1, B-WL5M-SUBG1, NUCLEO-C031C6, NUCLEO-H503RB, NUCLEO-H563ZI, NUCLEO-U545RE-Q, NUCLEO-U5A5ZJ-Q, NUCLEO-WBA52CG, STEVAL-PROTEUS1, STEVAL-STWINBX1, STM320518-EVAL, STM32C0116-DK, STM32C011D6Y3TR, STM32C011D6Y6TR, STM32C011F4P3, STM32C011F4P6, STM32C011F4U3, STM32C011F4U6TR, STM32C011F6P3, STM32C011F6P6, STM32C011F6U3, STM32C011F6U6TR, STM32C011J4M3, STM32C011J4M6, STM32C011J6M3, STM32C011J6M6, STM32C0316-DK, STM32C031C4T3, STM32C031C4T6, STM32C031C4U3, STM32C031C4U6, STM32C031C6T3, STM32C031C6T6, STM32C031C6U3, STM32C031C6U6, STM32C031F4P3, STM32C031F4P6, STM32C031F6P3, STM32C031F6P6, STM32C031G4U3, STM32C031G4U6, STM32C031G6U3, STM32C031G6U6, STM32C031K4T3, STM32C031K4T6, STM32C031K4U3, STM32C031K4U6, STM32C031K6T3, STM32C031K6T6, STM32C031K6U3, STM32C031K6U6, STM32G071K8TXN, STM32G071K8UXN, STM32G081GBU6N, STM32G081KBT6N, STM32G081KBUXN, STM32G0B1CCT6N, STM32G0B1KCT6, STM32G0B1NEY6TR, STM32G0B1RCT6N, STM32G0C1CCT6, STM32G0C1CCT6N, STM32G0C1CCU6N, STM32G0C1CET6N, STM32G0C1CEU6N, STM32G0C1KCT6, STM32G0C1NEY6TR, STM32G0C1RCI6N, STM32G0C1RCT6N, STM32G0C1REI6N, STM32G0C1RET6N, STM32G0C1VCI6, STM32G0C1VEI6, STM32G471CCT6, STM32G471CCU6, STM32G471CET3, STM32G471CET6, STM32G471CEU3, STM32G471CEU6, STM32G471MCT6, STM32G471MET3, STM32G471MET6, STM32G471MEY6TR, STM32G471QCT6, STM32G471QET3, STM32G471RCT6, STM32G471RET3, STM32G471RET6, STM32G471VCH6, STM32G471VCI6, STM32G471VCT6, STM32G471VEH3, STM32G471VEH6, STM32G471VEI3, STM32G471VEI6, STM32G471VET3, STM32G471VET6, STM32G474CCT6, STM32H503CBT6, STM32H503CBU6, STM32H503EBY6TR, STM32H503KBU6, STM32H503RBT6, STM32H562AGI6, STM32H562AII6, STM32H562IGK6, STM32H562IGT6, STM32H562IIK6, STM32H562IIT6, STM32H562RGT6, STM32H562RGV6, STM32H562RIT6, STM32H562RIV6, STM32H562VGT6, STM32H562VIT6, STM32H562ZGT6, STM32H562ZIT6, STM32H563AGI6, STM32H563AII3Q, STM32H563AII6, STM32H563IGK6, STM32H563IGT6, STM32H563IIK3Q, STM32H563IIK6, STM32H563IIT3Q, STM32H563IIT6, STM32H563MIY3QTR, STM32H563RGT6, STM32H563RGV6, STM32H563RIT6, STM32H563RIV6, STM32H563VGT6, STM32H563VIT3Q, STM32H563VIT6, STM32H563ZGT6, STM32H563ZIT3Q, STM32H563ZIT6, STM32H573AII3Q, STM32H573AII6, STM32H573I-DK, STM32H573IIK3Q, STM32H573IIK6, STM32H573IIT3Q, STM32H573IIT6, STM32H573MIY3QTR, STM32H573RIT6, STM32H573RIV6, STM32H573VIT3Q, STM32H573VIT6, STM32H573ZIT3Q, STM32H573ZIT6, STM32L4R5QGI6STR, STM32MP131AAE3, STM32MP131AAF3, STM32MP131AAG3, STM32MP131CAE3, STM32MP131CAF3, STM32MP131CAG3, STM32MP131DAE7, STM32MP131DAF7, STM32MP131DAG7, STM32MP131FAE7, STM32MP131FAF7, STM32MP131FAG7, STM32MP133AAE3, STM32MP133AAF3, STM32MP133AAG3, STM32MP133CAE3, STM32MP133CAF3, STM32MP133CAG3, STM32MP133DAE7, STM32MP133DAF7, STM32MP133DAG7, STM32MP133FAE7, STM32MP133FAF7, STM32MP133FAG7, STM32MP135AAE3, STM32MP135AAF3, STM32MP135AAG3, STM32MP135CAE3, STM32MP135CAF3, STM32MP135CAG3, STM32MP135DAE7, STM32MP135DAF7, STM32MP135DAG7, STM32MP135F-DK, STM32MP135FAE7, STM32MP135FAF7, STM32MP135FAF7T, STM32MP135FAF7U, STM32MP135FAG7, STM32U535CBT6, STM32U535CBT6Q, STM32U535CBU6, STM32U535CBU6Q, STM32U535CCT6, STM32U535CCT6Q, STM32U535CCU6, STM32U535CCU6Q, STM32U535CET6, STM32U535CET6Q, STM32U535CEU6, STM32U535CEU6Q, STM32U535JEY6QTR, STM32U535NCY6QTR, STM32U535NEY6QTR, STM32U535RBI6, STM32U535RBI6Q, STM32U535RBT6, STM32U535RBT6Q, STM32U535RCI6, STM32U535RCI6Q, STM32U535RCT6, STM32U535RCT6Q, STM32U535REI6, STM32U535REI6Q, STM32U535RET6, STM32U535RET6Q, STM32U535VCI6, STM32U535VCI6Q, STM32U535VCT6, STM32U535VCT6Q, STM32U535VEI6, STM32U535VEI6Q, STM32U535VET6, STM32U535VET6Q, STM32U545CET6, STM32U545CET6Q, STM32U545CEU6, STM32U545CEU6Q, STM32U545JEY6QTR, STM32U545NEY6QTR, STM32U545REI6, STM32U545REI6Q, STM32U545RET6, STM32U545RET6Q, STM32U545VEI6, STM32U545VEI6Q, STM32U545VET6, STM32U545VET6Q, STM32U595AIH6, STM32U595AIH6Q, STM32U595AJH6, STM32U595AJH6Q, STM32U595QII6, STM32U595QII6Q, STM32U595QJI6, STM32U595QJI6Q, STM32U595RIT6, STM32U595RIT6Q, STM32U595RJT6, STM32U595RJT6Q, STM32U595VIT6, STM32U595VIT6Q, STM32U595VJT6, STM32U595VJT6Q, STM32U595ZIT6, STM32U595ZIT6Q, STM32U595ZIY6QTR, STM32U595ZJT6, STM32U595ZJT6Q, STM32U595ZJY6QTR, STM32U599BJY6QTR, STM32U599NIH6Q, STM32U599NJH6Q, STM32U599VIT6Q, STM32U599VJT6, STM32U599VJT6Q, STM32U599ZIT6Q, STM32U599ZIY6QTR, STM32U599ZJT6Q, STM32U599ZJY6QTR, STM32U5A5AJH6, STM32U5A5AJH6Q, STM32U5A5QJI6, STM32U5A5QJI6Q, STM32U5A5RJT6, STM32U5A5RJT6Q, STM32U5A5VJT6, STM32U5A5VJT6Q, STM32U5A5ZJT6, STM32U5A5ZJT6Q, STM32U5A5ZJY6QTR, STM32U5A9BJY6QTR, STM32U5A9J-DK, STM32U5A9NJH6Q, STM32U5A9VJT6Q, STM32U5A9ZJT6Q, STM32U5A9ZJY6QTR, STM32WB1MMCH6, STM32WBA52CEU6, STM32WBA52CEU6T, STM32WBA52CGU6, STM32WBA52CGU6T, STM32WL5MOCH6, STM32WL5MOCH6TR]
2023-04-18 17:05:10,522 [INFO] BoardInfo:880 - No configuration file found for board P-NUCLEO-WB55
2023-04-18 17:05:10,522 [INFO] DbBoards:157 - Kit is not supported: P-NUCLEO-WB55
2023-04-18 17:05:10,526 [INFO] BoardInfo:880 - No configuration file found for board STEVAL-BFA001V1B
2023-04-18 17:05:10,526 [INFO] DbBoards:157 - Kit is not supported: STEVAL-BFA001V1B
2023-04-18 17:05:10,527 [INFO] BoardInfo:880 - No configuration file found for board STEVAL-BFA001V2B
2023-04-18 17:05:10,527 [INFO] DbBoards:157 - Kit is not supported: STEVAL-BFA001V2B
2023-04-18 17:05:10,606 [INFO] DbBoards:161 - Found 187 boards, 184 are supported
2023-04-18 17:05:10,612 [INFO] ApiDb:423 - Load user favorites file C:\Users\james/.stm32cubeide/favorites.boards.txt: 0 item(s)
2023-04-18 17:05:10,612 [INFO] ApiDb:427 - User favorites Boards=[]
2023-04-18 17:05:10,614 [INFO] DbBoards:190 - Set 0 / 0 favorites Boards
2023-04-18 17:05:10,619 [INFO] ApiDb:668 - CubeFinder database Data Model version=2.1
2023-04-18 17:05:10,620 [INFO] ApiDb:669 - CubeFinder database Configuration version=3.0.35
2023-04-18 17:05:10,620 [INFO] ApiDb:670 - CubeFinder database generation date=2023-03-10 (1678456172)
2023-04-18 17:05:10,620 [INFO] ApiDb:671 - CubeFinder database FW Pack versions=[FP-ATR-ASTRA1_V1.1.1, STM32Cube_FW_C0_V1.0.1, STM32Cube_FW_F0_V1.11.4, STM32Cube_FW_F3_V1.11.4, STM32Cube_FW_F4_V1.27.1, STM32Cube_FW_F7_V1.17.0, STM32Cube_FW_G0_V1.6.1, STM32Cube_FW_G4_V1.5.1, STM32Cube_FW_H5_V0.5.1, STM32Cube_FW_H5_V1.0.0, STM32Cube_FW_H7_V1.11.0, STM32Cube_FW_L0_V1.12.2, STM32Cube_FW_L5_V1.5.0, STM32Cube_FW_U5_V1.2.0, STM32Cube_FW_WBA_V1.0.0, STM32Cube_FW_WBA_V1.0.0RC1, STM32Cube_FW_WBA_V1.0.0RC3, STM32Cube_FW_WB_V1.15.0RC1, STM32Cube_FW_WB_V1.16.0, STM32Cube_FW_WB_V1.16.0RC2, STM32Cube_FW_WL_V1.3.0, X-CUBE-ALGOBUILD_V1.3.0, X-CUBE-ALS_V1.0.1, X-CUBE-AZRTOS-F4_V1.1.0, X-CUBE-AZRTOS-F7_V1.1.0, X-CUBE-AZRTOS-G0_V1.1.0, X-CUBE-AZRTOS-G4_V1.0.0, X-CUBE-AZRTOS-H7_V3.0.0, X-CUBE-AZRTOS-L4_V1.0.0, X-CUBE-AZRTOS-L5_V1.1.0, X-CUBE-AZRTOS-WB_V1.1.0, X-CUBE-AZRTOS-WL_V1.0.0, X-CUBE-BLE1_V6.2.4, X-CUBE-BLE2_V3.3.0, X-CUBE-BLEMGR_V1.3.0, X-CUBE-EEPRMA1_V4.1.0, X-CUBE-GNSS1_V6.0.0, X-CUBE-MEMS1_V9.1.0, X-CUBE-MEMS1_V9.4.0, X-CUBE-MEMS1_V9.5.0, X-CUBE-NFC4_V3.0.0, X-CUBE-NFC7_V1.0.0, X-CUBE-SFXS2LP1_V4.0.0, X-CUBE-SUBG2_V5.0.0]
2023-04-18 17:05:11,236 [INFO] DbExamplesSqlite:376 - Ignored 46 examples not supported by CubeIDE
2023-04-18 17:05:11,236 [INFO] DbExamplesSqlite:377 - Found 7328 examples active
2023-04-18 17:05:11,236 [INFO] DbExamplesSqlite:378 - Found 1095 examples obsolete
2023-04-18 17:05:11,236 [INFO] DbExamplesSqlite:379 - Found 0 examples under development
2023-04-18 17:05:11,236 [INFO] DbExamplesSqlite:380 - Found 77 examples not building
2023-04-18 17:05:11,238 [INFO] DbExamples:125 - Found 7359 examples
2023-04-18 17:05:11,246 [INFO] DbExamples:222 - Found 92 boards with related examples
2023-04-18 17:05:11,247 [INFO] DbExamples:235 - Found 78 MCUs with related examples
2023-04-18 17:05:11,261 [INFO] ApiDb:414 - User favorites file not found: C:\Users\james/.stm32cubeide/favorites.examples.txt
2023-04-18 17:05:11,262 [INFO] DbExamples:250 - Set 0 / 0 favorites Examples
2023-04-18 17:05:11,481 [INFO] McuFinderGlobals:66 - Set McuFinderConnectedMode to true
2023-04-18 17:05:11,489 [INFO] MultiScanPanel:200 - Auto-refresh data requested => check proxy status ongoing
2023-04-18 17:05:11,492 [INFO] FinderPluginLoader:95 - Searching for filters in installed packs
2023-04-18 17:05:12,553 [INFO] LoadUrlFilesThread:185 - End of LoadServerUrlFiles without Thread
2023-04-18 17:05:12,564 [INFO] DetailPanel:341 - Set advertising image to C:/Users/james/STM32Cube/Repository/\en.prom-stm32h5-mcu-finder.jpg
2023-04-18 17:05:46,877 [INFO] MultiScanPanel:200 - Auto-refresh data requested => check proxy status ongoing
2023-04-18 17:05:46,965 [INFO] LoadUrlFilesThread:185 - End of LoadServerUrlFiles without Thread
2023-04-18 17:05:46,965 [INFO] DetailPanel:341 - Set advertising image to C:/Users/james/STM32Cube/Repository/\en.prom-stm32h5-mcu-finder.jpg
2023-04-18 17:05:58,593 [INFO] MainUpdater:2854 - connection check result : 10
2023-04-18 17:05:58,593 [INFO] MainUpdater:2854 - connection check result : 10
2023-04-18 17:05:58,613 [INFO] MicroXplorer:468 - Change Database Path : 
2023-04-18 17:05:58,613 [INFO] MicroXplorer:498 - Change Database Version : DB.6.0.80
2023-04-18 17:05:58,613 [WARN] ThirdParty:871 - waiting for thirdparty lock release [close project]
2023-04-18 17:05:58,613 [INFO] ThirdParty:873 - entering critical section [close project]
2023-04-18 17:05:58,614 [INFO] ThirdParty:883 - exiting critical section [close project]
2023-04-18 17:05:58,617 [INFO] PinOutPanel:1499 - setPackage(No Configuration,No Configuration)
2023-04-18 17:05:58,621 [INFO] UtilMem:75 - Begin LoadConfig() Used Memory: 325454448 Bytes (590348288)
2023-04-18 17:05:58,622 [INFO] MicroXplorer:468 - Change Database Path : 
2023-04-18 17:05:58,622 [INFO] MicroXplorer:498 - Change Database Version : DB.6.0.80
2023-04-18 17:05:58,622 [INFO] OpenFileManager:308 - Change cursor
2023-04-18 17:05:58,648 [INFO] Mcu:1937 - Initializing MCU STM32L4A6ZGTx STM32L4A6ZGTx 
2023-04-18 17:05:58,649 [INFO] Mcu:1950 - No CPN specified => set CPN to STM32L4A6ZGT6
2023-04-18 17:06:00,275 [INFO] Context:659 - Trying to add GPIOservice into a context  which must be forbidden
2023-04-18 17:06:00,737 [INFO] ImportTextPane:194 - (OptionalMessage_ERROR) Unable to find key (Mcu.ThirdPartyNb) in loaded IOC file
2023-04-18 17:06:00,738 [INFO] ImportTextPane:194 - (OptionalMessage_ERROR) Unable to find key (Mcu.PinsNb) in loaded IOC file
2023-04-18 17:06:00,738 [INFO] ImportTextPane:194 - (OptionalMessage_ERROR) Unable to find key (Mcu.IPNb) in loaded IOC file
2023-04-18 17:06:00,813 [INFO] RtosManager:555 - Registered RTOS mode: class=CMSIS, group=RTOS, mode=CMSIS_V1, owner=FREERTOS
2023-04-18 17:06:00,813 [INFO] RtosManager:555 - Registered RTOS mode: class=CMSIS, group=RTOS2, mode=CMSIS_V2, owner=FREERTOS
2023-04-18 17:06:00,813 [INFO] RtosManager:555 - Registered RTOS mode: class=RTOS, group=Core, mode=CMSIS_V1, owner=FREERTOS
2023-04-18 17:06:00,813 [INFO] RtosManager:555 - Registered RTOS mode: class=RTOS, group=Core, mode=CMSIS_V2, owner=FREERTOS
2023-04-18 17:06:00,813 [WARN] ModelIntegratedComponent:184 - Missing modes for component STMicroelectronics:FreeRTOS:0.0.1:STMicroelectronics:RTOS:FreeRTOS:Core:::10.2.0:
2023-04-18 17:06:00,827 [WARN] ModelIntegratedComponent:63 - No mode defined for component null
2023-04-18 17:06:00,827 [WARN] ModelIntegratedComponent:63 - No mode defined for component null
2023-04-18 17:06:00,827 [WARN] ModelIntegratedComponent:63 - No mode defined for component null
2023-04-18 17:06:00,827 [WARN] ModelIntegratedComponent:63 - No mode defined for component null
2023-04-18 17:06:00,827 [WARN] ModelIntegratedComponent:63 - No mode defined for component null
2023-04-18 17:06:00,827 [WARN] ModelIntegratedComponent:63 - No mode defined for component null
2023-04-18 17:06:00,827 [WARN] ModelIntegratedComponent:63 - No mode defined for component null
2023-04-18 17:06:00,827 [WARN] ModelIntegratedComponent:63 - No mode defined for component null
2023-04-18 17:06:00,827 [WARN] ModelIntegratedComponent:63 - No mode defined for component null
2023-04-18 17:06:00,827 [WARN] ModelIntegratedComponent:63 - No mode defined for component null
2023-04-18 17:06:00,827 [WARN] ModelIntegratedComponent:63 - No mode defined for component null
2023-04-18 17:06:00,827 [WARN] ModelIntegratedComponent:63 - No mode defined for component null
2023-04-18 17:06:00,827 [WARN] ModelIntegratedComponent:63 - No mode defined for component null
2023-04-18 17:06:00,827 [WARN] ModelIntegratedComponent:63 - No mode defined for component null
2023-04-18 17:06:00,828 [WARN] ModelIntegratedComponent:63 - No mode defined for component null
2023-04-18 17:06:00,828 [WARN] ModelIntegratedComponent:63 - No mode defined for component null
2023-04-18 17:06:00,828 [WARN] ModelIntegratedComponent:63 - No mode defined for component null
2023-04-18 17:06:00,828 [WARN] ModelIntegratedComponent:63 - No mode defined for component null
2023-04-18 17:06:00,828 [WARN] ModelIntegratedComponent:63 - No mode defined for component null
2023-04-18 17:06:00,828 [WARN] ModelIntegratedComponent:63 - No mode defined for component null
2023-04-18 17:06:00,828 [WARN] ModelIntegratedComponent:63 - No mode defined for component null
2023-04-18 17:06:00,828 [WARN] ModelIntegratedComponent:63 - No mode defined for component null
2023-04-18 17:06:00,828 [WARN] ModelIntegratedComponent:63 - No mode defined for component null
2023-04-18 17:06:00,828 [WARN] ModelIntegratedComponent:63 - No mode defined for component null
2023-04-18 17:06:00,828 [WARN] ModelIntegratedComponent:63 - No mode defined for component null
2023-04-18 17:06:00,828 [WARN] ModelIntegratedComponent:63 - No mode defined for component null
2023-04-18 17:06:00,828 [WARN] ModelIntegratedComponent:63 - No mode defined for component null
2023-04-18 17:06:00,828 [WARN] ModelIntegratedComponent:63 - No mode defined for component null
2023-04-18 17:06:00,828 [WARN] ModelIntegratedComponent:63 - No mode defined for component null
2023-04-18 17:06:00,828 [WARN] ModelIntegratedComponent:63 - No mode defined for component null
2023-04-18 17:06:00,828 [WARN] ModelIntegratedComponent:63 - No mode defined for component null
2023-04-18 17:06:00,828 [WARN] ModelIntegratedComponent:63 - No mode defined for component null
2023-04-18 17:06:00,828 [WARN] ModelIntegratedComponent:63 - No mode defined for component null
2023-04-18 17:06:00,932 [INFO] ThirdPartyModel:298 - Start build external matchings
2023-04-18 17:06:01,194 [INFO] ThirdPartyModel:316 - End build external matchings
2023-04-18 17:06:01,527 [INFO] UtilMem:75 - End LoadConfig() Used Memory: 362895504 Bytes (590348288)
2023-04-18 17:06:01,548 [WARN] ThirdParty:833 - waiting for thirdparty lock release [change project]
2023-04-18 17:06:01,548 [INFO] ThirdParty:835 - entering critical section [change project]
2023-04-18 17:06:01,549 [INFO] ThirdParty:1030 - CMSIS Pack Vendor :STMicroelectronics X-CUBE-ISPU 1.1.0
2023-04-18 17:06:01,549 [INFO] ThirdParty:1030 - CMSIS Pack Vendor :RoweBots I-CUBE-UNISONRTOS 5.5.0-4
2023-04-18 17:06:01,549 [INFO] ThirdParty:1030 - CMSIS Pack Vendor :STMicroelectronics X-CUBE-GNSS1 6.0.0
2023-04-18 17:06:01,550 [INFO] ThirdParty:1030 - CMSIS Pack Vendor :STMicroelectronics USB_HOST 2.0.0
2023-04-18 17:06:01,550 [INFO] ThirdParty:1030 - CMSIS Pack Vendor :STMicroelectronics X-CUBE-AZRTOS-F4 1.1.0
2023-04-18 17:06:01,550 [INFO] ThirdParty:1030 - CMSIS Pack Vendor :STMicroelectronics LIBJPEG 8.0.0
2023-04-18 17:06:01,550 [INFO] ThirdParty:1030 - CMSIS Pack Vendor :STMicroelectronics X-CUBE-SMBUS 2.1.0
2023-04-18 17:06:01,550 [INFO] ThirdParty:1030 - CMSIS Pack Vendor :wolfSSL I-CUBE-wolfSSL 5.6.0
2023-04-18 17:06:01,550 [INFO] ThirdParty:1030 - CMSIS Pack Vendor :STMicroelectronics USB_DEVICE 3.0.0
2023-04-18 17:06:01,550 [INFO] ThirdParty:1030 - CMSIS Pack Vendor :STMicroelectronics X-CUBE-AI 8.0.0
2023-04-18 17:06:01,550 [INFO] ThirdParty:1030 - CMSIS Pack Vendor :STMicroelectronics X-CUBE-FREERTOS 1.0.0
2023-04-18 17:06:01,550 [INFO] ThirdParty:1030 - CMSIS Pack Vendor :STMicroelectronics X-CUBE-FREERTOS 1.0.1
2023-04-18 17:06:01,550 [INFO] ThirdParty:1030 - CMSIS Pack Vendor :STMicroelectronics X-CUBE-TOUCHGFX 4.21.3
2023-04-18 17:06:01,550 [INFO] ThirdParty:1030 - CMSIS Pack Vendor :STMicroelectronics X-CUBE-AZRTOS-F7 1.1.0
2023-04-18 17:06:01,550 [INFO] ThirdParty:1030 - CMSIS Pack Vendor :STMicroelectronics USB_DEVICE 2.0.0
2023-04-18 17:06:01,550 [INFO] ThirdParty:1030 - CMSIS Pack Vendor :STMicroelectronics X-CUBE-ALGOBUILD 1.3.0
2023-04-18 17:06:01,550 [INFO] ThirdParty:1030 - CMSIS Pack Vendor :STMicroelectronics X-CUBE-BLE1 6.2.4
2023-04-18 17:06:01,550 [INFO] ThirdParty:1030 - CMSIS Pack Vendor :STMicroelectronics X-CUBE-AZRTOS-L5 1.1.0
2023-04-18 17:06:01,550 [INFO] ThirdParty:1030 - CMSIS Pack Vendor :STMicroelectronics FreeRTOS 0.0.1
2023-04-18 17:06:01,550 [INFO] ThirdParty:1030 - CMSIS Pack Vendor :emotas I-CUBE-CANOPEN 1.1.3
2023-04-18 17:06:01,550 [INFO] ThirdParty:1030 - CMSIS Pack Vendor :STMicroelectronics X-CUBE-AZRTOS-G0 1.1.0
2023-04-18 17:06:01,550 [INFO] ThirdParty:1030 - CMSIS Pack Vendor :STMicroelectronics X-CUBE-BLEMGR 2.0.0
2023-04-18 17:06:01,550 [INFO] ThirdParty:1030 - CMSIS Pack Vendor :STMicroelectronics X-CUBE-SUBG2 5.0.0
2023-04-18 17:06:01,550 [INFO] ThirdParty:1030 - CMSIS Pack Vendor :STMicroelectronics X-CUBE-NFC4 3.0.0
2023-04-18 17:06:01,551 [INFO] ThirdParty:1030 - CMSIS Pack Vendor :STMicroelectronics STM32_WPAN 1.0.0
2023-04-18 17:06:01,551 [INFO] ThirdParty:1030 - CMSIS Pack Vendor :STMicroelectronics lwIP 2.0.3
2023-04-18 17:06:01,551 [INFO] ThirdParty:1030 - CMSIS Pack Vendor :STMicroelectronics USB_HOST 1.0.0
2023-04-18 17:06:01,551 [INFO] ThirdParty:1030 - CMSIS Pack Vendor :STMicroelectronics PDM2PCM 3.1.0
2023-04-18 17:06:01,551 [INFO] ThirdParty:1030 - CMSIS Pack Vendor :STMicroelectronics X-CUBE-AZRTOS-H7 3.1.0
2023-04-18 17:06:01,551 [INFO] ThirdParty:1030 - CMSIS Pack Vendor :STMicroelectronics X-CUBE-TOF1 3.3.0
2023-04-18 17:06:01,551 [INFO] ThirdParty:1030 - CMSIS Pack Vendor :STMicroelectronics FP-ATR-ASTRA1 1.1.1
2023-04-18 17:06:01,551 [INFO] ThirdParty:1030 - CMSIS Pack Vendor :STMicroelectronics PDM2PCM 3.3.0
2023-04-18 17:06:01,551 [INFO] ThirdParty:1030 - CMSIS Pack Vendor :STMicroelectronics X-CUBE-DISPLAY 3.0.0
2023-04-18 17:06:01,551 [INFO] ThirdParty:1030 - CMSIS Pack Vendor :STMicroelectronics X-CUBE-AZRTOS-G4 1.0.0
2023-04-18 17:06:01,551 [INFO] ThirdParty:1030 - CMSIS Pack Vendor :STMicroelectronics FP-ATR-SIGFOX1 3.2.0
2023-04-18 17:06:01,551 [INFO] ThirdParty:1030 - CMSIS Pack Vendor :STMicroelectronics X-CUBE-AZRTOS-L4 1.0.0
2023-04-18 17:06:01,551 [INFO] ThirdParty:1030 - CMSIS Pack Vendor :STMicroelectronics HAL Drivers 0.0.0
2023-04-18 17:06:01,551 [INFO] ThirdParty:1030 - CMSIS Pack Vendor :STMicroelectronics MBEDTLS 2.16.2
2023-04-18 17:06:01,551 [INFO] ThirdParty:1030 - CMSIS Pack Vendor :STMicroelectronics MBEDTLS 2.14.1
2023-04-18 17:06:01,551 [INFO] ThirdParty:1030 - CMSIS Pack Vendor :STMicroelectronics X-CUBE-NFC7 1.0.0
2023-04-18 17:06:01,551 [INFO] ThirdParty:1030 - CMSIS Pack Vendor :STMicroelectronics X-CUBE-AZRTOS-WL 1.0.0
2023-04-18 17:06:01,551 [INFO] ThirdParty:1030 - CMSIS Pack Vendor :STMicroelectronics X-CUBE-EEPRMA1 4.1.0
2023-04-18 17:06:01,551 [INFO] ThirdParty:1030 - CMSIS Pack Vendor :portGmbH I-Cube-SoM-uGOAL 1.1.0
2023-04-18 17:06:01,551 [INFO] ThirdParty:1030 - CMSIS Pack Vendor :STMicroelectronics X-CUBE-ALS 1.0.1
2023-04-18 17:06:01,551 [INFO] ThirdParty:1030 - CMSIS Pack Vendor :STMicroelectronics X-CUBE-MEMS1 9.5.0
2023-04-18 17:06:01,552 [INFO] ThirdParty:1030 - CMSIS Pack Vendor :STMicroelectronics ThreadX 1.0.0
2023-04-18 17:06:01,552 [INFO] ThirdParty:1030 - CMSIS Pack Vendor :STMicroelectronics X-CUBE-AZRTOS-WB 1.1.0
2023-04-18 17:06:01,552 [INFO] ThirdParty:1030 - CMSIS Pack Vendor :SEGGER I-CUBE-embOS 1.3.1
2023-04-18 17:06:01,552 [INFO] ThirdParty:1030 - CMSIS Pack Vendor :STMicroelectronics USB_DEVICE 1.0.0
2023-04-18 17:06:01,552 [INFO] ThirdParty:1030 - CMSIS Pack Vendor :STMicroelectronics ThreadX 0.0.2
2023-04-18 17:06:01,552 [INFO] ThirdParty:1030 - CMSIS Pack Vendor :WES I-CUBE-Cesium 1.3.0
2023-04-18 17:06:01,552 [INFO] ThirdParty:1030 - CMSIS Pack Vendor :STMicroelectronics FP-ATR-ASTRA1 2.0.0
2023-04-18 17:06:01,552 [INFO] ThirdParty:1030 - CMSIS Pack Vendor :STMicroelectronics lwIP 2.1.2
2023-04-18 17:06:01,552 [INFO] ThirdParty:1030 - CMSIS Pack Vendor :STMicroelectronics X-CUBE-SFXS2LP1 4.0.0
2023-04-18 17:06:01,552 [INFO] ThirdParty:1030 - CMSIS Pack Vendor :STMicroelectronics X-CUBE-BLE2 3.3.0
2023-04-18 17:06:01,552 [INFO] ThirdParty:1030 - CMSIS Pack Vendor :STMicroelectronics PDM2PCM 3.2.0
2023-04-18 17:06:01,552 [INFO] ThirdParty:1030 - CMSIS Pack Vendor :STMicroelectronics X-CUBE-AZRTOS-H7 3.0.0
2023-04-18 17:06:01,552 [INFO] ThirdParty:841 - exiting critical section [change project]
2023-04-18 17:06:01,968 [INFO] PinOutPanel:1499 - setPackage(No Configuration,No Configuration)
2023-04-18 17:06:01,969 [INFO] PinOutPanel:1499 - setPackage(STM32L4A6ZGTx,LQFP144)
2023-04-18 17:06:02,438 [INFO] UtilMem:75 - Before build in PCC Used Memory: 430643312 Bytes (590348288)
2023-04-18 17:06:03,100 [INFO] UtilMem:75 - After build in PCC Used Memory: 401110368 Bytes (590348288)
2023-04-18 17:06:03,127 [INFO] IPUIPlugin:80 - create IPUIPlugin
2023-04-18 17:06:03,127 [INFO] IPUIPlugin:80 - create IPUIPlugin
2023-04-18 17:06:03,127 [INFO] IPUIPlugin:80 - create IPUIPlugin
2023-04-18 17:06:03,127 [INFO] IPUIPlugin:80 - create IPUIPlugin
2023-04-18 17:06:03,127 [INFO] IPUIPlugin:80 - create IPUIPlugin
2023-04-18 17:06:03,127 [INFO] IPUIPlugin:80 - create IPUIPlugin
2023-04-18 17:06:03,127 [INFO] IPUIPlugin:80 - create IPUIPlugin
2023-04-18 17:06:03,127 [INFO] IPUIPlugin:80 - create IPUIPlugin
2023-04-18 17:06:03,127 [INFO] IPUIPlugin:80 - create IPUIPlugin
2023-04-18 17:06:03,128 [INFO] IPUIPlugin:80 - create IPUIPlugin
2023-04-18 17:06:03,128 [INFO] IPUIPlugin:80 - create IPUIPlugin
2023-04-18 17:06:03,128 [INFO] IPUIPlugin:80 - create IPUIPlugin
2023-04-18 17:06:03,128 [INFO] IPUIPlugin:80 - create IPUIPlugin
2023-04-18 17:06:03,128 [INFO] IPUIPlugin:80 - create IPUIPlugin
2023-04-18 17:06:03,128 [INFO] IPUIPlugin:80 - create IPUIPlugin
2023-04-18 17:06:03,128 [INFO] IPUIPlugin:80 - create IPUIPlugin
2023-04-18 17:06:03,128 [INFO] IPUIPlugin:80 - create IPUIPlugin
2023-04-18 17:06:03,128 [INFO] IPUIPlugin:80 - create IPUIPlugin
2023-04-18 17:06:03,128 [INFO] IPUIPlugin:80 - create IPUIPlugin
2023-04-18 17:06:03,128 [INFO] IPUIPlugin:80 - create IPUIPlugin
2023-04-18 17:06:03,129 [INFO] IPUIPlugin:80 - create IPUIPlugin
2023-04-18 17:06:03,129 [INFO] IPUIPlugin:80 - create IPUIPlugin
2023-04-18 17:06:03,129 [INFO] IPUIPlugin:80 - create IPUIPlugin
2023-04-18 17:06:03,129 [INFO] IPUIPlugin:80 - create IPUIPlugin
2023-04-18 17:06:03,129 [INFO] IPUIPlugin:80 - create IPUIPlugin
2023-04-18 17:06:03,129 [INFO] IPUIPlugin:80 - create IPUIPlugin
2023-04-18 17:06:03,129 [INFO] IPUIPlugin:80 - create IPUIPlugin
2023-04-18 17:06:03,130 [INFO] IPUIPlugin:80 - create IPUIPlugin
2023-04-18 17:06:03,130 [INFO] IPUIPlugin:80 - create IPUIPlugin
2023-04-18 17:06:03,130 [INFO] IPUIPlugin:80 - create IPUIPlugin
2023-04-18 17:06:03,130 [INFO] IPUIPlugin:80 - create IPUIPlugin
2023-04-18 17:06:03,130 [INFO] IPUIPlugin:80 - create IPUIPlugin
2023-04-18 17:06:03,130 [INFO] IPUIPlugin:80 - create IPUIPlugin
2023-04-18 17:06:03,131 [INFO] IPUIPlugin:80 - create IPUIPlugin
2023-04-18 17:06:03,131 [INFO] IPUIPlugin:80 - create IPUIPlugin
2023-04-18 17:06:03,131 [INFO] IPUIPlugin:80 - create IPUIPlugin
2023-04-18 17:06:03,131 [INFO] IPUIPlugin:80 - create IPUIPlugin
2023-04-18 17:06:03,131 [INFO] IPUIPlugin:80 - create IPUIPlugin
2023-04-18 17:06:03,131 [INFO] IPUIPlugin:80 - create IPUIPlugin
2023-04-18 17:06:03,132 [INFO] IPUIPlugin:80 - create IPUIPlugin
2023-04-18 17:06:03,132 [INFO] IPUIPlugin:80 - create IPUIPlugin
2023-04-18 17:06:03,132 [INFO] IPUIPlugin:80 - create IPUIPlugin
2023-04-18 17:06:03,132 [INFO] IPUIPlugin:80 - create IPUIPlugin
2023-04-18 17:06:03,133 [INFO] IPUIPlugin:80 - create IPUIPlugin
2023-04-18 17:06:03,133 [INFO] IPUIPlugin:80 - create IPUIPlugin
2023-04-18 17:06:03,133 [INFO] IPUIPlugin:80 - create IPUIPlugin
2023-04-18 17:06:03,133 [INFO] IPUIPlugin:80 - create IPUIPlugin
2023-04-18 17:06:03,133 [INFO] IPUIPlugin:80 - create IPUIPlugin
2023-04-18 17:06:03,133 [INFO] IPUIPlugin:80 - create IPUIPlugin
2023-04-18 17:06:03,134 [INFO] IPUIPlugin:80 - create IPUIPlugin
2023-04-18 17:06:03,134 [INFO] IPUIPlugin:80 - create IPUIPlugin
2023-04-18 17:06:03,134 [INFO] IPUIPlugin:80 - create IPUIPlugin
2023-04-18 17:06:03,134 [INFO] IPUIPlugin:80 - create IPUIPlugin
2023-04-18 17:06:03,134 [INFO] IPUIPlugin:80 - create IPUIPlugin
2023-04-18 17:06:03,135 [INFO] IPUIPlugin:80 - create IPUIPlugin
2023-04-18 17:06:03,135 [INFO] IPUIPlugin:80 - create IPUIPlugin
2023-04-18 17:06:03,135 [INFO] IPUIPlugin:80 - create IPUIPlugin
2023-04-18 17:06:03,135 [INFO] IPUIPlugin:80 - create IPUIPlugin
2023-04-18 17:06:03,136 [INFO] IPUIPlugin:80 - create IPUIPlugin
2023-04-18 17:06:03,136 [INFO] IPUIPlugin:80 - create IPUIPlugin
2023-04-18 17:06:03,136 [INFO] IPUIPlugin:80 - create IPUIPlugin
2023-04-18 17:06:03,136 [INFO] IPUIPlugin:80 - create IPUIPlugin
2023-04-18 17:06:03,137 [INFO] IPUIPlugin:80 - create IPUIPlugin
2023-04-18 17:06:03,137 [INFO] IPUIPlugin:80 - create IPUIPlugin
2023-04-18 17:06:03,137 [INFO] IPUIPlugin:80 - create IPUIPlugin
2023-04-18 17:06:03,138 [INFO] IPUIPlugin:80 - create IPUIPlugin
2023-04-18 17:06:03,269 [INFO] CADModel:165 - CPN selected for project levelSTM32L4A6ZGT6
2023-04-18 17:06:03,269 [INFO] CADModel:114 - Register for checkConnection events
2023-04-18 17:06:03,322 [INFO] OpenFileManager:328 - Restore cursor
2023-04-18 17:06:04,011 [INFO] UtilMem:75 - End SaveConfig() Used Memory: 317067600 Bytes (590348288)
2023-04-18 17:06:04,062 [INFO] UtilMem:75 - End SaveConfig() Used Memory: 348524880 Bytes (590348288)
2023-04-18 17:06:04,476 [INFO] BlockDiagram:2759 - set Specific Code input for plugin: RCC
2023-04-18 17:06:04,476 [INFO] BlockDiagram:2759 - set Specific Code input for plugin: NVIC
2023-04-18 17:06:04,477 [INFO] CodeGenerator:793 - code generatio: config db path: C:\ST\STM32CubeIDE_1.12.0\STM32CubeIDE\plugins\com.st.stm32cube.common.mx_6.8.0.202302231600\\db\
2023-04-18 17:06:04,773 [INFO] CodeEngine:255 - oldGeneratedFile, C:\Users\james\STM32CubeIDE\workspace_1.12.0\A3\MXTmpFiles\license.tmp_save
2023-04-18 17:06:05,108 [INFO] CodeEngine:279 - Generated code: C:\Users\james\STM32CubeIDE\workspace_1.12.0\A3\MXTmpFiles\license.tmp
2023-04-18 17:06:05,131 [INFO] CodeEngine:255 - oldGeneratedFile, C:\Users\james\STM32CubeIDE\workspace_1.12.0\A3\Core\Src\stm32l4xx_it.c_save
2023-04-18 17:06:05,262 [INFO] CodeEngine:279 - Generated code: C:\Users\james\STM32CubeIDE\workspace_1.12.0\A3\Core\Src\stm32l4xx_it.c
2023-04-18 17:06:05,272 [INFO] CodeEngine:255 - oldGeneratedFile, C:\Users\james\STM32CubeIDE\workspace_1.12.0\A3\Core\Inc\stm32l4xx_it.h_save
2023-04-18 17:06:05,346 [INFO] CodeEngine:279 - Generated code: C:\Users\james\STM32CubeIDE\workspace_1.12.0\A3\Core\Inc\stm32l4xx_it.h
2023-04-18 17:06:05,442 [INFO] CodeEngine:255 - oldGeneratedFile, C:\Users\james\STM32CubeIDE\workspace_1.12.0\A3\Core\Src\stm32l4xx_hal_msp.c_save
2023-04-18 17:06:05,553 [INFO] CodeEngine:279 - Generated code: C:\Users\james\STM32CubeIDE\workspace_1.12.0\A3\Core\Src\stm32l4xx_hal_msp.c
2023-04-18 17:06:05,560 [INFO] CodeEngine:255 - oldGeneratedFile, C:\Users\james\STM32CubeIDE\workspace_1.12.0\A3\MXTmpFiles\system.tmp_save
2023-04-18 17:06:05,620 [INFO] CodeEngine:279 - Generated code: C:\Users\james\STM32CubeIDE\workspace_1.12.0\A3\MXTmpFiles\system.tmp
2023-04-18 17:06:05,632 [INFO] CodeEngine:311 - oldGeneratedFile, C:\Users\james\STM32CubeIDE\workspace_1.12.0\A3\Core\Inc\stm32l4xx_hal_conf.h_save
2023-04-18 17:06:05,718 [INFO] CodeEngine:335 - Generated code: C:\Users\james\STM32CubeIDE\workspace_1.12.0\A3\Core\Inc\stm32l4xx_hal_conf.h
2023-04-18 17:06:05,769 [INFO] CodeEngine:255 - oldGeneratedFile, C:\Users\james\STM32CubeIDE\workspace_1.12.0\A3\Core\Inc\main.h_save
2023-04-18 17:06:05,861 [INFO] CodeEngine:279 - Generated code: C:\Users\james\STM32CubeIDE\workspace_1.12.0\A3\Core\Inc\main.h
2023-04-18 17:06:05,874 [INFO] CodeEngine:255 - oldGeneratedFile, C:\Users\james\STM32CubeIDE\workspace_1.12.0\A3\Core\Src\main.c_save
2023-04-18 17:06:05,984 [INFO] CodeEngine:279 - Generated code: C:\Users\james\STM32CubeIDE\workspace_1.12.0\A3\Core\Src\main.c
2023-04-18 17:06:06,519 [INFO] ProjectBuilder:2996 - Time for Copy HAL[1] : 145mS.
2023-04-18 17:06:06,527 [INFO] ProjectBuilder:4304 - Project Generator version: 3.19.2
2023-04-18 17:06:06,878 [INFO] ConfigFileManager:1483 - The Die is : DIE461
2023-04-18 17:06:06,898 [INFO] ApiDbMcu:507 - Load IP Config File for FATFS
2023-04-18 17:06:06,911 [INFO] ApiDbMcu:507 - Load IP Config File for FREERTOS
2023-04-18 17:06:06,928 [INFO] ApiDbMcu:507 - Load IP Config File for TOUCHSENSING
2023-04-18 17:06:06,938 [INFO] ApiDbMcu:507 - Load IP Config File for USB_DEVICE
2023-04-18 17:06:06,947 [INFO] ApiDbMcu:507 - Load IP Config File for USB_HOST
2023-04-18 17:06:07,815 [INFO] LogOutputStream:77 - [STDOUT_REDIRECT] 
2023-04-18 17:06:10,663 [INFO] ProjectBuilder:4505 - Time for Generating toolchain IDE Files: 4136mS.
2023-04-18 17:06:10,664 [INFO] ProjectBuilder:2867 - Time for Copy CMSIS : 1mS.
2023-04-18 17:06:10,666 [INFO] ProjectBuilder:2867 - Time for Copy CMSIS : 0mS.
2023-04-18 17:06:11,490 [INFO] McuFinderGlobals:66 - Set McuFinderConnectedMode to true
2023-04-18 17:06:11,491 [INFO] ApiDb:448 - Save user favorites file C:\Users\james/.stm32cubeide/favorites.mcus.txt: 0 item(s)
2023-04-18 17:06:11,491 [INFO] ApiDb:452 - User favorites MCUs=[]
2023-04-18 17:06:11,492 [INFO] ApiDb:448 - Save user favorites file C:\Users\james/.stm32cubeide/favorites.boards.txt: 0 item(s)
2023-04-18 17:06:11,492 [INFO] ApiDb:452 - User favorites Boards=[]
