2023-05-24 10:44:54,624 [INFO] Activator:176 - 


2023-05-24 10:44:54,632 [INFO] Activator:177 - !SESSION log4j initialized
2023-05-24 10:45:02,035 [INFO] LogOutputStream:77 - [STDOUT_REDIRECT] 
2023-05-24 10:45:25,456 [ERROR] LogOutputStream:75 - [STDERR_REDIRECT] SLF4J: Failed to load class "org.slf4j.impl.StaticLoggerBinder".
2023-05-24 10:45:25,456 [ERROR] LogOutputStream:75 - [STDERR_REDIRECT] SLF4J: Defaulting to no-operation (NOP) logger implementation
2023-05-24 10:45:25,456 [ERROR] LogOutputStream:75 - [STDERR_REDIRECT] SLF4J: See http://www.slf4j.org/codes.html#StaticLoggerBinder for further details.
2023-05-24 10:46:20,532 [INFO] ApplicationProperties:184 - Using Application install path: C:\ST\STM32CubeIDE_1.12.0\STM32CubeIDE\plugins\com.st.stm32cube.common.mx_6.8.0.202302231600
2023-05-24 10:46:20,564 [INFO] DbMcusXml:78 - Set database path to: C:\ST\STM32CubeIDE_1.12.0\STM32CubeIDE\plugins\com.st.stm32cube.common.mx_6.8.0.202302231600\\db\/mcu/
2023-05-24 10:46:20,564 [INFO] ApiDb:274 - Set plugin database path to: C:\ST\STM32CubeIDE_1.12.0\STM32CubeIDE\plugins\com.st.stm32cube.common.mx_6.8.0.202302231600\\db\/plugins/boardmanager/
2023-05-24 10:46:20,564 [WARN] ApiDb:259 - Overriding images path with different value:  => C:\ST\STM32CubeIDE_1.12.0\STM32CubeIDE\plugins\com.st.stm32cube.common.mx_6.8.0.202302231600\\db\/plugins/mcufinder/images/
2023-05-24 10:46:20,588 [INFO] ApiDb:250 - Set database path to: C:\Users\james\.stmcufinder\plugins\mcufinder//mcu/
2023-05-24 10:46:20,596 [INFO] DbMcusAds:125 - Set database path to: C:\Users\james\.stmcufinder\plugins\mcufinder//mcu/
2023-05-24 10:46:20,612 [INFO] CrossReferenceDbSqlite:203 - Set database path to: C:\Users\james\.stmcufinder\plugins\mcufinder//mcu/cs/
2023-05-24 10:46:20,764 [INFO] RulesReader:64 - Compatibility file has been processed (293 Rules)
2023-05-24 10:46:20,885 [INFO] DbMcusXml:78 - Set database path to: C:\ST\STM32CubeIDE_1.12.0\STM32CubeIDE\plugins\com.st.stm32cube.common.mx_6.8.0.202302231600\\db\/mcu/
2023-05-24 10:46:20,885 [INFO] ApiDb:274 - Set plugin database path to: C:\ST\STM32CubeIDE_1.12.0\STM32CubeIDE\plugins\com.st.stm32cube.common.mx_6.8.0.202302231600\\db\/plugins/boardmanager/
2023-05-24 10:46:20,885 [INFO] ApiDb:261 - Set plugin images path to: C:\ST\STM32CubeIDE_1.12.0\STM32CubeIDE\plugins\com.st.stm32cube.common.mx_6.8.0.202302231600\\db\/plugins/mcufinder/images/
2023-05-24 10:46:20,885 [WARN] DbFile:41 - Overriding database path with different value: C:\Users\james\.stmcufinder\plugins\mcufinder/ => C:\Users\james\.stmcufinder\plugins\mcufinder
2023-05-24 10:46:20,885 [INFO] ApiDb:250 - Set database path to: C:\Users\james\.stmcufinder\plugins\mcufinder//mcu/
2023-05-24 10:46:20,885 [WARN] DbFile:41 - Overriding database path with different value: C:\Users\james\.stmcufinder\plugins\mcufinder/ => C:\Users\james\.stmcufinder\plugins\mcufinder
2023-05-24 10:46:20,885 [INFO] DbMcusAds:125 - Set database path to: C:\Users\james\.stmcufinder\plugins\mcufinder//mcu/
2023-05-24 10:46:20,885 [WARN] DbFile:41 - Overriding database path with different value: C:\Users\james\.stmcufinder\plugins\mcufinder/ => C:\Users\james\.stmcufinder\plugins\mcufinder
2023-05-24 10:46:20,885 [WARN] DbFile:41 - Overriding database path with different value: C:\Users\james\.stmcufinder\plugins\mcufinder/ => C:\Users\james\.stmcufinder\plugins\mcufinder
2023-05-24 10:46:20,885 [INFO] CrossReferenceDbSqlite:203 - Set database path to: C:\Users\james\.stmcufinder\plugins\mcufinder//mcu/cs/
2023-05-24 10:46:20,997 [INFO] MainPanel:253 - HeapMemory: 449839104
2023-05-24 10:46:21,181 [INFO] DbMcusXml:78 - Set database path to: C:\ST\STM32CubeIDE_1.12.0\STM32CubeIDE\plugins\com.st.stm32cube.common.mx_6.8.0.202302231600\\db\/mcu/
2023-05-24 10:46:21,181 [INFO] ApiDb:274 - Set plugin database path to: C:\ST\STM32CubeIDE_1.12.0\STM32CubeIDE\plugins\com.st.stm32cube.common.mx_6.8.0.202302231600\\db\/plugins/boardmanager/
2023-05-24 10:46:21,181 [INFO] ApiDb:261 - Set plugin images path to: C:\ST\STM32CubeIDE_1.12.0\STM32CubeIDE\plugins\com.st.stm32cube.common.mx_6.8.0.202302231600\\db\/plugins/mcufinder/images/
2023-05-24 10:46:21,181 [WARN] DbFile:41 - Overriding database path with different value: C:\Users\james\.stmcufinder\plugins\mcufinder/ => C:\Users\james\.stmcufinder\plugins\mcufinder
2023-05-24 10:46:21,181 [INFO] ApiDb:250 - Set database path to: C:\Users\james\.stmcufinder\plugins\mcufinder//mcu/
2023-05-24 10:46:21,181 [WARN] DbFile:41 - Overriding database path with different value: C:\Users\james\.stmcufinder\plugins\mcufinder/ => C:\Users\james\.stmcufinder\plugins\mcufinder
2023-05-24 10:46:21,181 [INFO] DbMcusAds:125 - Set database path to: C:\Users\james\.stmcufinder\plugins\mcufinder//mcu/
2023-05-24 10:46:21,181 [WARN] DbFile:41 - Overriding database path with different value: C:\Users\james\.stmcufinder\plugins\mcufinder/ => C:\Users\james\.stmcufinder\plugins\mcufinder
2023-05-24 10:46:21,181 [WARN] DbFile:41 - Overriding database path with different value: C:\Users\james\.stmcufinder\plugins\mcufinder/ => C:\Users\james\.stmcufinder\plugins\mcufinder
2023-05-24 10:46:21,181 [INFO] CrossReferenceDbSqlite:203 - Set database path to: C:\Users\james\.stmcufinder\plugins\mcufinder//mcu/cs/
2023-05-24 10:46:21,205 [INFO] ApplicationProperties:184 - Using Application install path: C:\ST\STM32CubeIDE_1.12.0\STM32CubeIDE\plugins\com.st.stm32cube.common.mx_6.8.0.202302231600
2023-05-24 10:46:21,205 [INFO] PluginManage:196 - Search for loadable plugins [exclusion list=, ]
2023-05-24 10:46:21,213 [INFO] PluginManage:310 - Check plugin analytics
2023-05-24 10:46:21,477 [INFO] AnalyticsPlugin:253 - Accepted Software Licenses: 
2023-05-24 10:46:21,477 [INFO] AnalyticsPlugin:255 - Accepted CMSIS Pack Licenses: 
2023-05-24 10:46:21,477 [INFO] AnalyticsPlugin:257 - Accepted Firmware Licenses: 
2023-05-24 10:46:21,485 [INFO] PluginManage:359 - Loaded plugin analytics (category:tool,tabindex:-1)
2023-05-24 10:46:21,485 [INFO] PluginManage:310 - Check plugin cadmodel
2023-05-24 10:46:21,501 [INFO] CADModel:105 - Init CAD model plugin
2023-05-24 10:46:21,501 [INFO] PluginManage:359 - Loaded plugin cadmodel (category:power,tabindex:5)
2023-05-24 10:46:21,501 [INFO] PluginManage:310 - Check plugin clock
2023-05-24 10:46:21,533 [INFO] PluginManage:359 - Loaded plugin clock (category:base,tabindex:2)
2023-05-24 10:46:21,533 [INFO] PluginManage:310 - Check plugin ddr
2023-05-24 10:46:21,533 [INFO] PluginManage:359 - Loaded plugin ddr (category:tool,tabindex:6)
2023-05-24 10:46:21,533 [INFO] PluginManage:310 - Check plugin filemanager
2023-05-24 10:46:21,837 [INFO] PluginManage:359 - Loaded plugin filemanager (category:base,tabindex:10)
2023-05-24 10:46:21,837 [INFO] PluginManage:310 - Check plugin ipmanager
2023-05-24 10:46:21,853 [INFO] PluginManage:359 - Loaded plugin ipmanager (category:base,tabindex:5)
2023-05-24 10:46:21,853 [INFO] PluginManage:310 - Check plugin lpbam
2023-05-24 10:46:21,885 [INFO] PluginManage:359 - Loaded plugin lpbam (category:base,tabindex:0)
2023-05-24 10:46:21,885 [INFO] PluginManage:310 - Check plugin pinoutandconfiguration
2023-05-24 10:46:21,917 [INFO] PluginManage:359 - Loaded plugin pinoutandconfiguration (category:base,tabindex:1)
2023-05-24 10:46:21,917 [INFO] PluginManage:310 - Check plugin pinoutconfig
2023-05-24 10:46:22,085 [WARN] SupportedApi:132 - Cannot load RTOS API schema: s4s-elt-must-match.1: The content of 'definitions' must match (annotation?, (simpleType | complexType)?, (unique | key | keyref)*)). A problem was found starting at: attribute.
2023-05-24 10:46:22,277 [INFO] PluginManage:359 - Loaded plugin pinoutconfig (category:base,tabindex:0)
2023-05-24 10:46:22,277 [INFO] PluginManage:310 - Check plugin power
2023-05-24 10:46:22,301 [INFO] PluginManage:359 - Loaded plugin power (category:power,tabindex:4)
2023-05-24 10:46:22,301 [INFO] PluginManage:310 - Check plugin projectmanager
2023-05-24 10:46:22,325 [INFO] PluginManage:359 - Loaded plugin projectmanager (category:projectmanager,tabindex:3)
2023-05-24 10:46:22,325 [INFO] PluginManage:310 - Check plugin thirdparty
2023-05-24 10:46:22,637 [INFO] PluginManage:359 - Loaded plugin thirdparty (category:base,tabindex:-1)
2023-05-24 10:46:22,637 [WARN] IntegrityCheckThread:84 - waiting for thirdparty lock release [integrity check]
2023-05-24 10:46:22,637 [INFO] PluginManage:310 - Check plugin tools
2023-05-24 10:46:22,637 [INFO] IntegrityCheckThread:86 - entering critical section [integrity check]
2023-05-24 10:46:22,645 [INFO] ThirdPartyUpdaterWithRetryManager:70 - Updater plugin not ready yet. [1/15]
2023-05-24 10:46:22,677 [INFO] PluginManage:359 - Loaded plugin tools (category:base,tabindex:7)
2023-05-24 10:46:22,677 [INFO] PluginManage:310 - Check plugin tutovideos
2023-05-24 10:46:22,981 [INFO] PluginManage:359 - Loaded plugin tutovideos (category:base,tabindex:-1)
2023-05-24 10:46:22,981 [INFO] PluginManage:310 - Check plugin updater
2023-05-24 10:46:22,997 [INFO] PluginManage:359 - Loaded plugin updater (category:base,tabindex:12)
2023-05-24 10:46:22,997 [INFO] PluginManage:283 - PluginManage : Loaded plugins [15]
2023-05-24 10:46:23,325 [INFO] PinOutPanel:1499 - setPackage(No Configuration,No Configuration)
2023-05-24 10:46:23,405 [INFO] CADModel:165 - CPN selected for project level
2023-05-24 10:46:23,405 [INFO] CADModel:114 - Register for checkConnection events
2023-05-24 10:46:23,437 [INFO] IPUIPlugin:80 - create IPUIPlugin
2023-05-24 10:46:23,437 [INFO] PluginManager:220 - loadIPPluginJar : add adc
2023-05-24 10:46:23,477 [INFO] IPUIPlugin:80 - create IPUIPlugin
2023-05-24 10:46:23,477 [INFO] PluginManager:220 - loadIPPluginJar : add aes
2023-05-24 10:46:23,525 [INFO] IPUIPlugin:80 - create IPUIPlugin
2023-05-24 10:46:23,525 [INFO] PluginManager:220 - loadIPPluginJar : add can
2023-05-24 10:46:23,549 [INFO] IPUIPlugin:80 - create IPUIPlugin
2023-05-24 10:46:23,549 [INFO] PluginManager:220 - loadIPPluginJar : add comp
2023-05-24 10:46:23,589 [INFO] IPUIPlugin:80 - create IPUIPlugin
2023-05-24 10:46:23,589 [INFO] PluginManager:220 - loadIPPluginJar : add cryp
2023-05-24 10:46:23,621 [INFO] IPUIPlugin:80 - create IPUIPlugin
2023-05-24 10:46:23,621 [INFO] PluginManager:220 - loadIPPluginJar : add dfsdm
2023-05-24 10:46:23,637 [INFO] IPUIPlugin:80 - create IPUIPlugin
2023-05-24 10:46:23,637 [INFO] PluginManager:220 - loadIPPluginJar : add dma
2023-05-24 10:46:23,685 [INFO] IPUIPlugin:80 - create IPUIPlugin
2023-05-24 10:46:23,685 [INFO] PluginManager:220 - loadIPPluginJar : add dma3
2023-05-24 10:46:23,709 [INFO] IPUIPlugin:80 - create IPUIPlugin
2023-05-24 10:46:23,709 [INFO] PluginManager:220 - loadIPPluginJar : add fatfs
2023-05-24 10:46:23,765 [INFO] IPUIPlugin:80 - create IPUIPlugin
2023-05-24 10:46:23,765 [INFO] PluginManager:220 - loadIPPluginJar : add fmc
2023-05-24 10:46:23,781 [INFO] IPUIPlugin:80 - create IPUIPlugin
2023-05-24 10:46:23,781 [INFO] PluginManager:220 - loadIPPluginJar : add freertos
2023-05-24 10:46:23,805 [INFO] IPUIPlugin:80 - create IPUIPlugin
2023-05-24 10:46:23,805 [INFO] PluginManager:220 - loadIPPluginJar : add genericplugin
2023-05-24 10:46:23,901 [INFO] IPUIPlugin:80 - create IPUIPlugin
2023-05-24 10:46:23,901 [INFO] PluginManager:220 - loadIPPluginJar : add gfxmmu
2023-05-24 10:46:24,117 [INFO] IPUIPlugin:80 - create IPUIPlugin
2023-05-24 10:46:24,117 [INFO] PluginManager:220 - loadIPPluginJar : add gic
2023-05-24 10:46:24,133 [INFO] IPUIPlugin:80 - create IPUIPlugin
2023-05-24 10:46:24,133 [INFO] PluginManager:220 - loadIPPluginJar : add gpio
2023-05-24 10:46:24,261 [INFO] IPUIPlugin:80 - create IPUIPlugin
2023-05-24 10:46:24,261 [INFO] PluginManager:220 - loadIPPluginJar : add gtzc
2023-05-24 10:46:24,301 [INFO] IPUIPlugin:80 - create IPUIPlugin
2023-05-24 10:46:24,301 [INFO] PluginManager:220 - loadIPPluginJar : add hash
2023-05-24 10:46:24,357 [INFO] IPUIPlugin:80 - create IPUIPlugin
2023-05-24 10:46:24,357 [INFO] PluginManager:220 - loadIPPluginJar : add i2c
2023-05-24 10:46:24,405 [INFO] IPUIPlugin:80 - create IPUIPlugin
2023-05-24 10:46:24,405 [INFO] PluginManager:220 - loadIPPluginJar : add i2s
2023-05-24 10:46:24,453 [INFO] IPUIPlugin:80 - create IPUIPlugin
2023-05-24 10:46:24,461 [INFO] PluginManager:220 - loadIPPluginJar : add i3c
2023-05-24 10:46:24,605 [INFO] IPUIPlugin:80 - create IPUIPlugin
2023-05-24 10:46:24,605 [INFO] PluginManager:220 - loadIPPluginJar : add ipddr
2023-05-24 10:46:24,709 [INFO] IPUIPlugin:80 - create IPUIPlugin
2023-05-24 10:46:24,709 [INFO] PluginManager:220 - loadIPPluginJar : add linkedlist
2023-05-24 10:46:24,749 [INFO] IPUIPlugin:80 - create IPUIPlugin
2023-05-24 10:46:24,749 [INFO] PluginManager:220 - loadIPPluginJar : add lorawan
2023-05-24 10:46:24,789 [INFO] IPUIPlugin:80 - create IPUIPlugin
2023-05-24 10:46:24,789 [INFO] PluginManager:220 - loadIPPluginJar : add ltdc
2023-05-24 10:46:24,805 [INFO] IPUIPlugin:80 - create IPUIPlugin
2023-05-24 10:46:24,805 [INFO] PluginManager:220 - loadIPPluginJar : add mdma
2023-05-24 10:46:24,821 [INFO] IPUIPlugin:80 - create IPUIPlugin
2023-05-24 10:46:24,821 [INFO] PluginManager:220 - loadIPPluginJar : add nvic
2023-05-24 10:46:24,869 [INFO] IPUIPlugin:80 - create IPUIPlugin
2023-05-24 10:46:24,869 [INFO] PluginManager:220 - loadIPPluginJar : add opamp
2023-05-24 10:46:24,949 [INFO] IPUIPlugin:80 - create IPUIPlugin
2023-05-24 10:46:24,949 [INFO] PluginManager:220 - loadIPPluginJar : add openamp
2023-05-24 10:46:24,989 [INFO] IPUIPlugin:80 - create IPUIPlugin
2023-05-24 10:46:24,989 [INFO] PluginManager:220 - loadIPPluginJar : add pdm2pcm
2023-05-24 10:46:25,013 [INFO] IPUIPlugin:80 - create IPUIPlugin
2023-05-24 10:46:25,013 [INFO] PluginManager:220 - loadIPPluginJar : add plateformsettings
2023-05-24 10:46:25,037 [INFO] IPUIPlugin:80 - create IPUIPlugin
2023-05-24 10:46:25,037 [INFO] PluginManager:220 - loadIPPluginJar : add quadspi
2023-05-24 10:46:25,053 [INFO] IPUIPlugin:80 - create IPUIPlugin
2023-05-24 10:46:25,053 [INFO] PluginManager:220 - loadIPPluginJar : add resmgrutility
2023-05-24 10:46:25,109 [INFO] IPUIPlugin:80 - create IPUIPlugin
2023-05-24 10:46:25,109 [INFO] PluginManager:220 - loadIPPluginJar : add sai
2023-05-24 10:46:25,149 [INFO] IPUIPlugin:80 - create IPUIPlugin
2023-05-24 10:46:25,149 [INFO] PluginManager:220 - loadIPPluginJar : add spi
2023-05-24 10:46:25,213 [INFO] IPUIPlugin:80 - create IPUIPlugin
2023-05-24 10:46:25,213 [INFO] PluginManager:220 - loadIPPluginJar : add stm32_wpan
2023-05-24 10:46:25,237 [INFO] IPUIPlugin:80 - create IPUIPlugin
2023-05-24 10:46:25,237 [INFO] PluginManager:220 - loadIPPluginJar : add tim
2023-05-24 10:46:25,293 [INFO] IPUIPlugin:80 - create IPUIPlugin
2023-05-24 10:46:25,293 [INFO] PluginManager:220 - loadIPPluginJar : add touchsensing
2023-05-24 10:46:25,317 [INFO] IPUIPlugin:80 - create IPUIPlugin
2023-05-24 10:46:25,317 [INFO] PluginManager:220 - loadIPPluginJar : add tracer_emb
2023-05-24 10:46:25,349 [INFO] IPUIPlugin:80 - create IPUIPlugin
2023-05-24 10:46:25,349 [INFO] PluginManager:220 - loadIPPluginJar : add ts
2023-05-24 10:46:25,373 [INFO] IPUIPlugin:80 - create IPUIPlugin
2023-05-24 10:46:25,373 [INFO] PluginManager:220 - loadIPPluginJar : add tsc
2023-05-24 10:46:25,397 [INFO] IPUIPlugin:80 - create IPUIPlugin
2023-05-24 10:46:25,397 [INFO] PluginManager:220 - loadIPPluginJar : add ucpd
2023-05-24 10:46:25,453 [INFO] IPUIPlugin:80 - create IPUIPlugin
2023-05-24 10:46:25,453 [INFO] PluginManager:220 - loadIPPluginJar : add usart
2023-05-24 10:46:25,501 [INFO] IPUIPlugin:80 - create IPUIPlugin
2023-05-24 10:46:25,501 [INFO] PluginManager:220 - loadIPPluginJar : add usbx
2023-05-24 10:46:25,637 [INFO] CADModel:165 - CPN selected for project level
2023-05-24 10:46:25,637 [INFO] CADModel:114 - Register for checkConnection events
2023-05-24 10:46:25,645 [FATAL] Updater:308 - Updater called before beeing initialized
2023-05-24 10:46:25,645 [INFO] ThirdPartyUpdaterWithRetryManager:70 - Updater plugin not ready yet. [2/15]
2023-05-24 10:46:25,645 [ERROR] CADModel:125 - Updater not yet initialized, retry later 
2023-05-24 10:46:25,893 [INFO] CADModel:165 - CPN selected for project level
2023-05-24 10:46:25,893 [INFO] CADModel:114 - Register for checkConnection events
2023-05-24 10:46:25,893 [FATAL] Updater:308 - Updater called before beeing initialized
2023-05-24 10:46:25,893 [ERROR] CADModel:125 - Updater not yet initialized, retry later 
2023-05-24 10:46:25,901 [FATAL] Updater:308 - Updater called before beeing initialized
2023-05-24 10:46:26,053 [FATAL] Updater:308 - Updater called before beeing initialized
2023-05-24 10:46:26,077 [INFO] DbMcusAds:53 - JSON generation date=Tue Mar 07 00:50:54 PST 2023 (1678179054945)
2023-05-24 10:46:26,077 [FATAL] Updater:308 - Updater called before beeing initialized
2023-05-24 10:46:26,189 [WARN] DetailPanel:346 - Failed to get advertising image, set to default
2023-05-24 10:46:26,333 [FATAL] Updater:308 - Updater called before beeing initialized
2023-05-24 10:46:26,341 [FATAL] Updater:308 - Updater called before beeing initialized
2023-05-24 10:46:26,341 [FATAL] Updater:308 - Updater called before beeing initialized
2023-05-24 10:46:26,341 [WARN] DetailPanel:346 - Failed to get advertising image, set to default
2023-05-24 10:46:26,341 [FATAL] Updater:308 - Updater called before beeing initialized
2023-05-24 10:46:26,405 [ERROR] Updater:1120 - MainUpdater not yet initialized. External WinMGr cannot be set.
2023-05-24 10:46:26,421 [INFO] Updater:1056 - Updater Version found : 6.8.0
2023-05-24 10:46:26,445 [INFO] ApplicationProperties:184 - Using Application install path: C:\ST\STM32CubeIDE_1.12.0\STM32CubeIDE\plugins\com.st.stm32cube.common.mx_6.8.0.202302231600
2023-05-24 10:46:26,597 [INFO] MainUpdater:2854 - connection check result : 10
2023-05-24 10:46:26,597 [INFO] MainUpdater:3548 - Updater definition file requires update
2023-05-24 10:46:26,597 [INFO] MainUpdater:283 - Updater Check For Update Now.
2023-05-24 10:46:26,597 [INFO] MicroXplorer:498 - Change Database Version : DB.6.0.80
2023-05-24 10:46:26,621 [INFO] ServerAccessManage:473 - Download File updaters.zip
2023-05-24 10:46:26,677 [INFO] FileExtend:240 - Unzip File : updaters.zip
2023-05-24 10:46:26,677 [INFO] FileExtend:255 - Standard Zip Deflate
2023-05-24 10:46:27,149 [INFO] ServerAccessManage:473 - Download File PacksControlFlags.xml
2023-05-24 10:46:27,197 [INFO] ServerAccessManage:473 - Download File cubemx.pidx
2023-05-24 10:46:27,469 [INFO] ServerAccessManage:473 - Download File STMicroelectronics.FP-SNS-FLIGHT1.pdsc
2023-05-24 10:46:27,557 [INFO] ServerAccessManage:473 - Download File STMicroelectronics.FP-SNS-MOTENV1.pdsc
2023-05-24 10:46:28,269 [INFO] ServerAccessManage:473 - Download File STMicroelectronics.X-CUBE-AZRTOS-L4.pdsc
2023-05-24 10:46:28,653 [WARN] MainUpdater:1187 - Updater busy. Cannot search thirdparties
2023-05-24 10:46:28,653 [INFO] ThirdPartyUpdaterWithRetryManager:96 - Updater plugin is busy. [1/15]
2023-05-24 10:46:28,741 [WARN] PackLoader:240 - Cannot read IP mode file for STMicroelectronics.FP-SNS-FLIGHT1.5.0.1
2023-05-24 10:46:28,741 [ERROR] RealEvaluatedCondition:428 - Found unsupported composite condition: GROUP='STM32_MetaDataManager' CLASS='Data Exchange'
2023-05-24 10:46:28,741 [ERROR] RealEvaluatedCondition:428 - Found unsupported composite condition: GROUP='STM32_MetaDataManager' CLASS='Data Exchange'
2023-05-24 10:46:28,749 [WARN] PackLoader:240 - Cannot read IP mode file for STMicroelectronics.FP-SNS-MOTENV1.4.3.1
2023-05-24 10:46:28,797 [WARN] ConditionMgr:438 - getConditionDescription Invalid condition id : LAN8742 Phy interface Condition cause : null
2023-05-24 10:46:28,797 [WARN] PackLoader:240 - Cannot read IP mode file for STMicroelectronics.X-CUBE-AZRTOS-L4.2.0.0
2023-05-24 10:46:28,797 [WARN] ConditionMgr:1039 - genDependencies : Invalid condition id : LAN8742 Phy interface Condition cause : null
2023-05-24 10:46:28,797 [WARN] ConditionMgr:1039 - genDependencies : Invalid condition id : LAN8742 Phy interface Condition cause : null
2023-05-24 10:46:28,797 [WARN] ConditionMgr:1039 - genDependencies : Invalid condition id : LAN8742 Phy interface Condition cause : null
2023-05-24 10:46:28,805 [INFO] PopulateThirdPartyThread:66 - Ending populate Thread
2023-05-24 10:46:28,813 [INFO] ThirdParty:1030 - CMSIS Pack Vendor :STMicroelectronics X-CUBE-AZRTOS-L4 2.0.0
2023-05-24 10:46:28,813 [INFO] ThirdParty:1030 - CMSIS Pack Vendor :STMicroelectronics FP-SNS-FLIGHT1 5.0.1
2023-05-24 10:46:28,813 [INFO] ThirdParty:1030 - CMSIS Pack Vendor :STMicroelectronics FP-SNS-MOTENV1 4.3.1
2023-05-24 10:46:28,813 [INFO] LoadServerUpdatesThread:373 - End of LoadServerUpdate Thread
2023-05-24 10:46:28,877 [INFO] CheckServerUpdateThread:120 - End of CheckServer Thread
2023-05-24 10:46:28,893 [INFO] MainUpdater:2854 - connection check result : 10
2023-05-24 10:46:28,917 [INFO] McuFinderGlobals:66 - Set McuFinderConnectedMode to true
2023-05-24 10:46:29,413 [INFO] ServerAccessManage:473 - Download File mcusAds.json._tmp_
2023-05-24 10:46:29,549 [INFO] LoadUrlFilesThread:156 - End of LoadUrlFiles Thread
2023-05-24 10:46:29,669 [INFO] ServerAccessManage:473 - Download File cube-finder-db.zip
2023-05-24 10:46:30,429 [INFO] FileExtend:240 - Unzip File : cube-finder-db.zip
2023-05-24 10:46:30,429 [INFO] FileExtend:255 - Standard Zip Deflate
2023-05-24 10:46:31,293 [INFO] LoadUrlFilesThread:156 - End of LoadUrlFiles Thread
2023-05-24 10:46:31,663 [WARN] MainUpdater:1187 - Updater busy. Cannot search thirdparties
2023-05-24 10:46:31,663 [INFO] ThirdPartyUpdaterWithRetryManager:96 - Updater plugin is busy. [2/15]
2023-05-24 10:46:32,175 [INFO] ServerAccessManage:473 - Download File crdb.zip
2023-05-24 10:46:33,409 [INFO] FileExtend:240 - Unzip File : crdb.zip
2023-05-24 10:46:33,409 [INFO] FileExtend:255 - Standard Zip Deflate
2023-05-24 10:46:33,609 [INFO] LoadUrlFilesThread:156 - End of LoadUrlFiles Thread
2023-05-24 10:46:33,753 [INFO] ServerAccessManage:473 - Download File tutoVideoDB.zip
2023-05-24 10:46:33,761 [INFO] FileExtend:240 - Unzip File : tutoVideoDB.zip
2023-05-24 10:46:33,761 [INFO] FileExtend:255 - Standard Zip Deflate
2023-05-24 10:46:33,897 [INFO] LoadUrlFilesThread:156 - End of LoadUrlFiles Thread
2023-05-24 10:46:33,905 [WARN] DbFile:41 - Overriding database path with different value: C:\Users\james\.stmcufinder\plugins\mcufinder/ => C:\Users\james\.stmcufinder\plugins\mcufinder
2023-05-24 10:46:34,033 [INFO] ServerAccessManage:473 - Download File api_config.json
2023-05-24 10:46:34,147 [INFO] LoadUrlFilesThread:156 - End of LoadUrlFiles Thread
2023-05-24 10:46:34,147 [INFO] DbMcusAds:53 - JSON generation date=Tue Mar 07 00:50:54 PST 2023 (1678179054945)
2023-05-24 10:46:34,171 [INFO] LoadUrlFilesThread:185 - End of LoadServerUrlFiles without Thread
2023-05-24 10:46:34,171 [INFO] TargetSelectorAdapter:259 - Refresh data is successful
2023-05-24 10:46:34,307 [INFO] ApiDb:581 - Connected to CubeFinder SQLite database (C:\Users\james\.stmcufinder\plugins\mcufinder\mcu\cube-finder-db.db)
2023-05-24 10:46:34,404 [INFO] ApiDb:668 - CubeFinder database Data Model version=2.1
2023-05-24 10:46:34,404 [INFO] ApiDb:669 - CubeFinder database Configuration version=3.0.35
2023-05-24 10:46:34,404 [INFO] ApiDb:670 - CubeFinder database generation date=2023-05-12 (1683877179)
2023-05-24 10:46:34,404 [INFO] ApiDb:671 - CubeFinder database FW Pack versions=[FP-ATR-ASTRA1_V2.0.0, FP-SNS-FLIGHT1_V5.0.0, FP-SNS-MOTENV1_V4.3.0, STM32Cube_FW_C0_V1.0.1, STM32Cube_FW_F0_V1.11.4, STM32Cube_FW_F3_V1.11.4, STM32Cube_FW_F4_V1.27.1, STM32Cube_FW_F7_V1.17.0, STM32Cube_FW_G0_V1.6.1, STM32Cube_FW_G4_V1.5.1, STM32Cube_FW_H5_V0.5.1, STM32Cube_FW_H5_V1.0.0, STM32Cube_FW_H7_V1.11.0, STM32Cube_FW_L0_V1.12.2, STM32Cube_FW_L5_V1.5.0, STM32Cube_FW_U5_V1.2.0, STM32Cube_FW_WBA_V1.0.0, STM32Cube_FW_WBA_V1.0.0RC1, STM32Cube_FW_WBA_V1.0.0RC3, STM32Cube_FW_WB_V1.15.0RC1, STM32Cube_FW_WB_V1.16.0, STM32Cube_FW_WB_V1.16.0RC2, STM32Cube_FW_WL_V1.3.0, X-CUBE-ALGOBUILD_V1.3.0, X-CUBE-ALS_V1.0.1, X-CUBE-AZRTOS-F4_V1.1.0, X-CUBE-AZRTOS-F7_V1.1.0, X-CUBE-AZRTOS-G0_V1.1.0, X-CUBE-AZRTOS-G4_V2.0.0, X-CUBE-AZRTOS-H7_V3.1.0, X-CUBE-AZRTOS-L4_V1.0.0, X-CUBE-AZRTOS-L5_V1.1.0, X-CUBE-AZRTOS-WB_V1.1.0, X-CUBE-AZRTOS-WL_V1.0.0, X-CUBE-BLE1_V6.2.4, X-CUBE-BLE2_V3.3.0, X-CUBE-BLEMGR_V2.0.0, X-CUBE-EEPRMA1_V4.1.0, X-CUBE-FREERTOS_V1.0.1, X-CUBE-GNSS1_V6.0.0, X-CUBE-MEMS1_V9.1.0, X-CUBE-MEMS1_V9.4.0, X-CUBE-MEMS1_V9.6.0, X-CUBE-NFC4_V3.0.0, X-CUBE-NFC7_V1.0.0, X-CUBE-SFXS2LP1_V4.0.0, X-CUBE-SUBG2_V5.0.0]
2023-05-24 10:46:34,851 [WARN] PackLoader:240 - Cannot read IP mode file for STMicroelectronics.X-CUBE-GNSS1.6.0.0
2023-05-24 10:46:34,883 [WARN] PackLoader:240 - Cannot read IP mode file for STMicroelectronics.X-CUBE-AZRTOS-F4.1.1.0
2023-05-24 10:46:34,907 [WARN] PackLoader:240 - Cannot read IP mode file for STMicroelectronics.X-CUBE-SMBUS.2.1.0
2023-05-24 10:46:34,923 [WARN] PackLoader:240 - Cannot read IP mode file for wolfSSL.I-CUBE-wolfSSL.5.6.0
2023-05-24 10:46:34,955 [WARN] PackLoader:240 - Cannot read IP mode file for STMicroelectronics.X-CUBE-AZRTOS-F7.1.1.0
2023-05-24 10:46:35,027 [WARN] PackLoader:240 - Cannot read IP mode file for STMicroelectronics.X-CUBE-MEMS1.9.6.0
2023-05-24 10:46:35,227 [ERROR] RealEvaluatedCondition:428 - Found unsupported composite condition: CLASS='Data Exchange' GROUP='STM32_MetaDataManager'
2023-05-24 10:46:35,227 [ERROR] RealEvaluatedCondition:428 - Found unsupported composite condition: CLASS='Data Exchange' GROUP='STM32_MetaDataManager'
2023-05-24 10:46:35,227 [WARN] PackLoader:240 - Cannot read IP mode file for STMicroelectronics.FP-SNS-MOTENV1.4.3.0
2023-05-24 10:46:35,235 [WARN] PackLoader:240 - Cannot read IP mode file for STMicroelectronics.FP-SNS-FLIGHT1.5.0.0
2023-05-24 10:46:35,235 [ERROR] RealEvaluatedCondition:428 - Found unsupported composite condition: CLASS='Data Exchange' GROUP='STM32_MetaDataManager'
2023-05-24 10:46:35,235 [ERROR] RealEvaluatedCondition:428 - Found unsupported composite condition: GROUP='STM32_MetaDataManager' CLASS='Data Exchange'
2023-05-24 10:46:35,243 [WARN] PackLoader:240 - Cannot read IP mode file for STMicroelectronics.FP-SNS-MOTENV1.4.3.1
2023-05-24 10:46:35,243 [WARN] PackLoader:240 - Cannot read IP mode file for STMicroelectronics.FP-SNS-FLIGHT1.5.0.1
2023-05-24 10:46:35,259 [WARN] PackLoader:240 - Cannot read IP mode file for STMicroelectronics.X-CUBE-BLE1.6.2.4
2023-05-24 10:46:35,275 [WARN] PackLoader:240 - Cannot read IP mode file for emotas.I-CUBE-CANOPEN.1.1.3
2023-05-24 10:46:35,299 [WARN] PackLoader:240 - Cannot read IP mode file for STMicroelectronics.X-CUBE-BLEMGR.2.0.0
2023-05-24 10:46:35,331 [WARN] ConditionMgr:438 - getConditionDescription Invalid condition id : UX DEVICE CLASS RTOS Condition cause : null
2023-05-24 10:46:35,331 [WARN] ConditionMgr:438 - getConditionDescription Invalid condition id : UX DEVICE CLASS RTOS Condition cause : null
2023-05-24 10:46:35,339 [WARN] PackLoader:240 - Cannot read IP mode file for STMicroelectronics.X-CUBE-AZRTOS-H7.3.1.0
2023-05-24 10:46:35,339 [WARN] ConditionMgr:1039 - genDependencies : Invalid condition id : UX DEVICE CLASS RTOS Condition cause : null
2023-05-24 10:46:35,339 [WARN] ConditionMgr:1039 - genDependencies : Invalid condition id : UX DEVICE CLASS RTOS Condition cause : null
2023-05-24 10:46:35,339 [WARN] ConditionMgr:1039 - genDependencies : Invalid condition id : UX DEVICE CLASS RTOS Condition cause : null
2023-05-24 10:46:35,339 [WARN] ConditionMgr:1039 - genDependencies : Invalid condition id : UX DEVICE CLASS RTOS Condition cause : null
2023-05-24 10:46:35,339 [WARN] ConditionMgr:1039 - genDependencies : Invalid condition id : UX DEVICE CLASS RTOS Condition cause : null
2023-05-24 10:46:35,355 [WARN] PackLoader:240 - Cannot read IP mode file for STMicroelectronics.X-CUBE-DISPLAY.3.0.0
2023-05-24 10:46:35,379 [WARN] PackLoader:240 - Cannot read IP mode file for STMicroelectronics.X-CUBE-NFC7.1.0.0
2023-05-24 10:46:35,395 [WARN] PackLoader:240 - Cannot read IP mode file for STMicroelectronics.X-CUBE-EEPRMA1.4.1.0
2023-05-24 10:46:35,411 [WARN] ConditionMgr:438 - getConditionDescription Invalid condition id : LAN8742 Phy interface Condition cause : null
2023-05-24 10:46:35,411 [WARN] PackLoader:240 - Cannot read IP mode file for STMicroelectronics.X-CUBE-AZRTOS-L4.2.0.0
2023-05-24 10:46:35,411 [WARN] ConditionMgr:1039 - genDependencies : Invalid condition id : LAN8742 Phy interface Condition cause : null
2023-05-24 10:46:35,411 [WARN] ConditionMgr:1039 - genDependencies : Invalid condition id : LAN8742 Phy interface Condition cause : null
2023-05-24 10:46:35,419 [WARN] ConditionMgr:1039 - genDependencies : Invalid condition id : LAN8742 Phy interface Condition cause : null
2023-05-24 10:46:35,435 [WARN] PackLoader:240 - Cannot read IP mode file for WES.I-CUBE-Cesium.1.3.0
2023-05-24 10:46:35,451 [WARN] PackLoader:240 - Cannot read IP mode file for STMicroelectronics.X-CUBE-SFXS2LP1.4.0.0
2023-05-24 10:46:35,459 [WARN] PackLoader:240 - Cannot read IP mode file for STMicroelectronics.X-CUBE-BLE2.3.3.0
2023-05-24 10:46:35,499 [WARN] PackLoader:240 - Cannot read IP mode file for STMicroelectronics.X-CUBE-AZRTOS-H7.3.0.0
2023-05-24 10:46:35,531 [WARN] PackLoader:240 - Cannot read IP mode file for STMicroelectronics.X-CUBE-ISPU.1.1.0
2023-05-24 10:46:35,547 [WARN] PackLoader:240 - Cannot read IP mode file for RoweBots.I-CUBE-UNISONRTOS.5.5.0-4
2023-05-24 10:46:35,563 [WARN] PackLoader:240 - Cannot read IP mode file for STMicroelectronics.X-CUBE-AI.8.0.0
2023-05-24 10:46:35,579 [WARN] PackLoader:240 - Cannot read IP mode file for STMicroelectronics.X-CUBE-FREERTOS.1.0.0
2023-05-24 10:46:35,587 [WARN] PackLoader:240 - Cannot read IP mode file for STMicroelectronics.X-CUBE-FREERTOS.1.0.1
2023-05-24 10:46:35,603 [WARN] PackLoader:240 - Cannot read IP mode file for STMicroelectronics.X-CUBE-TOUCHGFX.4.21.3
2023-05-24 10:46:35,611 [WARN] PackLoader:240 - Cannot read IP mode file for STMicroelectronics.X-CUBE-TOUCHGFX.4.21.4
2023-05-24 10:46:35,627 [WARN] PackLoader:240 - Cannot read IP mode file for STMicroelectronics.X-CUBE-ALGOBUILD.1.3.0
2023-05-24 10:46:35,667 [WARN] PackLoader:240 - Cannot read IP mode file for STMicroelectronics.X-CUBE-AZRTOS-L5.1.1.0
2023-05-24 10:46:35,699 [WARN] PackLoader:240 - Cannot read IP mode file for STMicroelectronics.X-CUBE-AZRTOS-G0.1.1.0
2023-05-24 10:46:35,715 [WARN] PackLoader:240 - Cannot read IP mode file for STMicroelectronics.X-CUBE-AI.8.0.1
2023-05-24 10:46:35,739 [WARN] PackLoader:240 - Cannot read IP mode file for STMicroelectronics.X-CUBE-SUBG2.5.0.0
2023-05-24 10:46:35,755 [WARN] PackLoader:240 - Cannot read IP mode file for STMicroelectronics.X-CUBE-NFC4.3.0.0
2023-05-24 10:46:35,787 [WARN] PackLoader:240 - Cannot read IP mode file for STMicroelectronics.X-CUBE-AZRTOS-G4.2.0.0
2023-05-24 10:46:35,811 [WARN] PackLoader:240 - Cannot read IP mode file for STMicroelectronics.X-CUBE-TOF1.3.3.0
2023-05-24 10:46:35,836 [WARN] PackLoader:240 - Cannot read IP mode file for STMicroelectronics.FP-ATR-ASTRA1.1.1.1
2023-05-24 10:46:35,859 [WARN] PackLoader:240 - Cannot read IP mode file for STMicroelectronics.X-CUBE-AZRTOS-G4.1.0.0
2023-05-24 10:46:35,867 [WARN] PackLoader:240 - Cannot read IP mode file for STMicroelectronics.FP-ATR-SIGFOX1.3.2.0
2023-05-24 10:46:35,899 [WARN] PackLoader:240 - Cannot read IP mode file for STMicroelectronics.X-CUBE-AZRTOS-L4.1.0.0
2023-05-24 10:46:35,931 [WARN] PackLoader:240 - Cannot read IP mode file for STMicroelectronics.X-CUBE-AZRTOS-WL.1.0.0
2023-05-24 10:46:35,939 [WARN] PackLoader:240 - Cannot read IP mode file for portGmbH.I-Cube-SoM-uGOAL.1.1.0
2023-05-24 10:46:35,955 [WARN] PackLoader:240 - Cannot read IP mode file for STMicroelectronics.X-CUBE-ALS.1.0.1
2023-05-24 10:46:36,019 [WARN] PackLoader:240 - Cannot read IP mode file for STMicroelectronics.X-CUBE-MEMS1.9.5.0
2023-05-24 10:46:36,179 [WARN] PackLoader:240 - Cannot read IP mode file for STMicroelectronics.X-CUBE-AZRTOS-WB.1.1.0
2023-05-24 10:46:36,219 [WARN] PackLoader:240 - Cannot read IP mode file for SEGGER.I-CUBE-embOS.1.3.1
2023-05-24 10:46:36,278 [WARN] PackLoader:240 - Cannot read IP mode file for STMicroelectronics.FP-ATR-ASTRA1.2.0.0
2023-05-24 10:46:36,278 [INFO] ThirdParty:978 - Integrity check success = true
2023-05-24 10:46:36,278 [INFO] IntegrityCheckThread:100 - exiting critical section [integrity check]
2023-05-24 10:46:36,278 [INFO] IntegrityCheckThread:103 - End integrity checks thread
2023-05-24 10:46:36,902 [INFO] ApiDb:240 - Found 297 in-development CPN: [B-G473E-ZEST1S, B-WB1M-WPAN1, B-WL5M-SUBG1, NUCLEO-C031C6, NUCLEO-H503RB, NUCLEO-H563ZI, NUCLEO-U545RE-Q, NUCLEO-U5A5ZJ-Q, NUCLEO-WBA52CG, STEVAL-PROTEUS1, STEVAL-STWINBX1, STM320518-EVAL, STM32C0116-DK, STM32C011D6Y3TR, STM32C011D6Y6TR, STM32C011F4P3, STM32C011F4P6, STM32C011F4U3, STM32C011F4U6TR, STM32C011F6P3, STM32C011F6P6, STM32C011F6U3, STM32C011F6U6TR, STM32C011J4M3, STM32C011J4M6, STM32C011J6M3, STM32C011J6M6, STM32C0316-DK, STM32C031C4T3, STM32C031C4T6, STM32C031C4U3, STM32C031C4U6, STM32C031C6T3, STM32C031C6T6, STM32C031C6U3, STM32C031C6U6, STM32C031F4P3, STM32C031F4P6, STM32C031F6P3, STM32C031F6P6, STM32C031G4U3, STM32C031G4U6, STM32C031G6U3, STM32C031G6U6, STM32C031K4T3, STM32C031K4T6, STM32C031K4U3, STM32C031K4U6, STM32C031K6T3, STM32C031K6T6, STM32C031K6U3, STM32C031K6U6, STM32G071K8TXN, STM32G071K8UXN, STM32G081GBU6N, STM32G081KBT6N, STM32G081KBUXN, STM32G0B1CCT6N, STM32G0B1KCT6, STM32G0B1NEY6TR, STM32G0B1RCT6N, STM32G0C1CCT6, STM32G0C1CCT6N, STM32G0C1CCU6N, STM32G0C1CET6N, STM32G0C1CEU6N, STM32G0C1KCT6, STM32G0C1NEY6TR, STM32G0C1RCI6N, STM32G0C1RCT6N, STM32G0C1REI6N, STM32G0C1RET6N, STM32G0C1VCI6, STM32G0C1VEI6, STM32G471CCT6, STM32G471CCU6, STM32G471CET3, STM32G471CET6, STM32G471CEU3, STM32G471CEU6, STM32G471MCT6, STM32G471MET3, STM32G471MET6, STM32G471MEY6TR, STM32G471QCT6, STM32G471QET3, STM32G471RCT6, STM32G471RET3, STM32G471RET6, STM32G471VCH6, STM32G471VCI6, STM32G471VCT6, STM32G471VEH3, STM32G471VEH6, STM32G471VEI3, STM32G471VEI6, STM32G471VET3, STM32G471VET6, STM32G474CCT6, STM32H503CBT6, STM32H503CBU6, STM32H503EBY6TR, STM32H503KBU6, STM32H503RBT6, STM32H562AGI6, STM32H562AII6, STM32H562IGK6, STM32H562IGT6, STM32H562IIK6, STM32H562IIT6, STM32H562RGT6, STM32H562RGV6, STM32H562RIT6, STM32H562RIV6, STM32H562VGT6, STM32H562VIT6, STM32H562ZGT6, STM32H562ZIT6, STM32H563AGI6, STM32H563AII3Q, STM32H563AII6, STM32H563IGK6, STM32H563IGT6, STM32H563IIK3Q, STM32H563IIK6, STM32H563IIT3Q, STM32H563IIT6, STM32H563MIY3QTR, STM32H563RGT6, STM32H563RGV6, STM32H563RIT6, STM32H563RIV6, STM32H563VGT6, STM32H563VIT3Q, STM32H563VIT6, STM32H563ZGT6, STM32H563ZIT3Q, STM32H563ZIT6, STM32H573AII3Q, STM32H573AII6, STM32H573I-DK, STM32H573IIK3Q, STM32H573IIK6, STM32H573IIT3Q, STM32H573IIT6, STM32H573MIY3QTR, STM32H573RIT6, STM32H573RIV6, STM32H573VIT3Q, STM32H573VIT6, STM32H573ZIT3Q, STM32H573ZIT6, STM32L4R5QGI6STR, STM32MP131AAE3, STM32MP131AAF3, STM32MP131AAG3, STM32MP131CAE3, STM32MP131CAF3, STM32MP131CAG3, STM32MP131DAE7, STM32MP131DAF7, STM32MP131DAG7, STM32MP131FAE7, STM32MP131FAF7, STM32MP131FAG7, STM32MP133AAE3, STM32MP133AAF3, STM32MP133AAG3, STM32MP133CAE3, STM32MP133CAF3, STM32MP133CAG3, STM32MP133DAE7, STM32MP133DAF7, STM32MP133DAG7, STM32MP133FAE7, STM32MP133FAF7, STM32MP133FAG7, STM32MP135AAE3, STM32MP135AAF3, STM32MP135AAG3, STM32MP135CAE3, STM32MP135CAF3, STM32MP135CAG3, STM32MP135DAE7, STM32MP135DAF7, STM32MP135DAG7, STM32MP135F-DK, STM32MP135FAE7, STM32MP135FAF7, STM32MP135FAF7T, STM32MP135FAF7U, STM32MP135FAG7, STM32U535CBT6, STM32U535CBT6Q, STM32U535CBU6, STM32U535CBU6Q, STM32U535CCT6, STM32U535CCT6Q, STM32U535CCU6, STM32U535CCU6Q, STM32U535CET6, STM32U535CET6Q, STM32U535CEU6, STM32U535CEU6Q, STM32U535JEY6QTR, STM32U535NCY6QTR, STM32U535NEY6QTR, STM32U535RBI6, STM32U535RBI6Q, STM32U535RBT6, STM32U535RBT6Q, STM32U535RCI6, STM32U535RCI6Q, STM32U535RCT6, STM32U535RCT6Q, STM32U535REI6, STM32U535REI6Q, STM32U535RET6, STM32U535RET6Q, STM32U535VCI6, STM32U535VCI6Q, STM32U535VCT6, STM32U535VCT6Q, STM32U535VEI6, STM32U535VEI6Q, STM32U535VET6, STM32U535VET6Q, STM32U545CET6, STM32U545CET6Q, STM32U545CEU6, STM32U545CEU6Q, STM32U545JEY6QTR, STM32U545NEY6QTR, STM32U545REI6, STM32U545REI6Q, STM32U545RET6, STM32U545RET6Q, STM32U545VEI6, STM32U545VEI6Q, STM32U545VET6, STM32U545VET6Q, STM32U595AIH6, STM32U595AIH6Q, STM32U595AJH6, STM32U595AJH6Q, STM32U595QII6, STM32U595QII6Q, STM32U595QJI6, STM32U595QJI6Q, STM32U595RIT6, STM32U595RIT6Q, STM32U595RJT6, STM32U595RJT6Q, STM32U595VIT6, STM32U595VIT6Q, STM32U595VJT6, STM32U595VJT6Q, STM32U595ZIT6, STM32U595ZIT6Q, STM32U595ZIY6QTR, STM32U595ZJT6, STM32U595ZJT6Q, STM32U595ZJY6QTR, STM32U599BJY6QTR, STM32U599NIH6Q, STM32U599NJH6Q, STM32U599VIT6Q, STM32U599VJT6, STM32U599VJT6Q, STM32U599ZIT6Q, STM32U599ZIY6QTR, STM32U599ZJT6Q, STM32U599ZJY6QTR, STM32U5A5AJH6, STM32U5A5AJH6Q, STM32U5A5QJI6, STM32U5A5QJI6Q, STM32U5A5RJT6, STM32U5A5RJT6Q, STM32U5A5VJT6, STM32U5A5VJT6Q, STM32U5A5ZJT6, STM32U5A5ZJT6Q, STM32U5A5ZJY6QTR, STM32U5A9BJY6QTR, STM32U5A9J-DK, STM32U5A9NJH6Q, STM32U5A9VJT6Q, STM32U5A9ZJT6Q, STM32U5A9ZJY6QTR, STM32WB1MMCH6, STM32WBA52CEU6, STM32WBA52CEU6T, STM32WBA52CGU6, STM32WBA52CGU6T, STM32WL5MOCH6, STM32WL5MOCH6TR]
2023-05-24 10:46:36,902 [INFO] DbMcus:216 - Found 3775 MCUs, 3775 are supported
2023-05-24 10:46:36,910 [INFO] ApiDb:423 - Load user favorites file C:\Users\james/.stm32cubeide/favorites.mcus.txt: 0 item(s)
2023-05-24 10:46:36,910 [INFO] ApiDb:427 - User favorites MCUs=[]
2023-05-24 10:46:36,910 [INFO] DbMcus:222 - Set 0 / 0 favorites MCUs
2023-05-24 10:46:37,158 [INFO] ApiDb:668 - CubeFinder database Data Model version=2.1
2023-05-24 10:46:37,158 [INFO] ApiDb:669 - CubeFinder database Configuration version=3.0.35
2023-05-24 10:46:37,158 [INFO] ApiDb:670 - CubeFinder database generation date=2023-05-12 (1683877179)
2023-05-24 10:46:37,158 [INFO] ApiDb:671 - CubeFinder database FW Pack versions=[FP-ATR-ASTRA1_V2.0.0, FP-SNS-FLIGHT1_V5.0.0, FP-SNS-MOTENV1_V4.3.0, STM32Cube_FW_C0_V1.0.1, STM32Cube_FW_F0_V1.11.4, STM32Cube_FW_F3_V1.11.4, STM32Cube_FW_F4_V1.27.1, STM32Cube_FW_F7_V1.17.0, STM32Cube_FW_G0_V1.6.1, STM32Cube_FW_G4_V1.5.1, STM32Cube_FW_H5_V0.5.1, STM32Cube_FW_H5_V1.0.0, STM32Cube_FW_H7_V1.11.0, STM32Cube_FW_L0_V1.12.2, STM32Cube_FW_L5_V1.5.0, STM32Cube_FW_U5_V1.2.0, STM32Cube_FW_WBA_V1.0.0, STM32Cube_FW_WBA_V1.0.0RC1, STM32Cube_FW_WBA_V1.0.0RC3, STM32Cube_FW_WB_V1.15.0RC1, STM32Cube_FW_WB_V1.16.0, STM32Cube_FW_WB_V1.16.0RC2, STM32Cube_FW_WL_V1.3.0, X-CUBE-ALGOBUILD_V1.3.0, X-CUBE-ALS_V1.0.1, X-CUBE-AZRTOS-F4_V1.1.0, X-CUBE-AZRTOS-F7_V1.1.0, X-CUBE-AZRTOS-G0_V1.1.0, X-CUBE-AZRTOS-G4_V2.0.0, X-CUBE-AZRTOS-H7_V3.1.0, X-CUBE-AZRTOS-L4_V1.0.0, X-CUBE-AZRTOS-L5_V1.1.0, X-CUBE-AZRTOS-WB_V1.1.0, X-CUBE-AZRTOS-WL_V1.0.0, X-CUBE-BLE1_V6.2.4, X-CUBE-BLE2_V3.3.0, X-CUBE-BLEMGR_V2.0.0, X-CUBE-EEPRMA1_V4.1.0, X-CUBE-FREERTOS_V1.0.1, X-CUBE-GNSS1_V6.0.0, X-CUBE-MEMS1_V9.1.0, X-CUBE-MEMS1_V9.4.0, X-CUBE-MEMS1_V9.6.0, X-CUBE-NFC4_V3.0.0, X-CUBE-NFC7_V1.0.0, X-CUBE-SFXS2LP1_V4.0.0, X-CUBE-SUBG2_V5.0.0]
2023-05-24 10:46:37,230 [INFO] DbBoardsSqlite:226 - include board P-NUCLEO-WB55-NUCLEO as a kit item of type 'Nucleo-64'
2023-05-24 10:46:37,230 [INFO] DbBoardsSqlite:226 - include board P-NUCLEO-WB55-USBDONGLE as a kit item of type 'Nucleo USB Dongle'
2023-05-24 10:46:37,230 [INFO] DbBoardsSqlite:226 - include board STEVAL-IDP005V1 as a kit item of type 'Evaluation Board'
2023-05-24 10:46:37,230 [INFO] DbBoardsSqlite:226 - include board STEVAL-IDP005V2 as a kit item of type 'Evaluation Board'
2023-05-24 10:46:37,294 [INFO] ApiDb:240 - Found 297 in-development CPN: [B-G473E-ZEST1S, B-WB1M-WPAN1, B-WL5M-SUBG1, NUCLEO-C031C6, NUCLEO-H503RB, NUCLEO-H563ZI, NUCLEO-U545RE-Q, NUCLEO-U5A5ZJ-Q, NUCLEO-WBA52CG, STEVAL-PROTEUS1, STEVAL-STWINBX1, STM320518-EVAL, STM32C0116-DK, STM32C011D6Y3TR, STM32C011D6Y6TR, STM32C011F4P3, STM32C011F4P6, STM32C011F4U3, STM32C011F4U6TR, STM32C011F6P3, STM32C011F6P6, STM32C011F6U3, STM32C011F6U6TR, STM32C011J4M3, STM32C011J4M6, STM32C011J6M3, STM32C011J6M6, STM32C0316-DK, STM32C031C4T3, STM32C031C4T6, STM32C031C4U3, STM32C031C4U6, STM32C031C6T3, STM32C031C6T6, STM32C031C6U3, STM32C031C6U6, STM32C031F4P3, STM32C031F4P6, STM32C031F6P3, STM32C031F6P6, STM32C031G4U3, STM32C031G4U6, STM32C031G6U3, STM32C031G6U6, STM32C031K4T3, STM32C031K4T6, STM32C031K4U3, STM32C031K4U6, STM32C031K6T3, STM32C031K6T6, STM32C031K6U3, STM32C031K6U6, STM32G071K8TXN, STM32G071K8UXN, STM32G081GBU6N, STM32G081KBT6N, STM32G081KBUXN, STM32G0B1CCT6N, STM32G0B1KCT6, STM32G0B1NEY6TR, STM32G0B1RCT6N, STM32G0C1CCT6, STM32G0C1CCT6N, STM32G0C1CCU6N, STM32G0C1CET6N, STM32G0C1CEU6N, STM32G0C1KCT6, STM32G0C1NEY6TR, STM32G0C1RCI6N, STM32G0C1RCT6N, STM32G0C1REI6N, STM32G0C1RET6N, STM32G0C1VCI6, STM32G0C1VEI6, STM32G471CCT6, STM32G471CCU6, STM32G471CET3, STM32G471CET6, STM32G471CEU3, STM32G471CEU6, STM32G471MCT6, STM32G471MET3, STM32G471MET6, STM32G471MEY6TR, STM32G471QCT6, STM32G471QET3, STM32G471RCT6, STM32G471RET3, STM32G471RET6, STM32G471VCH6, STM32G471VCI6, STM32G471VCT6, STM32G471VEH3, STM32G471VEH6, STM32G471VEI3, STM32G471VEI6, STM32G471VET3, STM32G471VET6, STM32G474CCT6, STM32H503CBT6, STM32H503CBU6, STM32H503EBY6TR, STM32H503KBU6, STM32H503RBT6, STM32H562AGI6, STM32H562AII6, STM32H562IGK6, STM32H562IGT6, STM32H562IIK6, STM32H562IIT6, STM32H562RGT6, STM32H562RGV6, STM32H562RIT6, STM32H562RIV6, STM32H562VGT6, STM32H562VIT6, STM32H562ZGT6, STM32H562ZIT6, STM32H563AGI6, STM32H563AII3Q, STM32H563AII6, STM32H563IGK6, STM32H563IGT6, STM32H563IIK3Q, STM32H563IIK6, STM32H563IIT3Q, STM32H563IIT6, STM32H563MIY3QTR, STM32H563RGT6, STM32H563RGV6, STM32H563RIT6, STM32H563RIV6, STM32H563VGT6, STM32H563VIT3Q, STM32H563VIT6, STM32H563ZGT6, STM32H563ZIT3Q, STM32H563ZIT6, STM32H573AII3Q, STM32H573AII6, STM32H573I-DK, STM32H573IIK3Q, STM32H573IIK6, STM32H573IIT3Q, STM32H573IIT6, STM32H573MIY3QTR, STM32H573RIT6, STM32H573RIV6, STM32H573VIT3Q, STM32H573VIT6, STM32H573ZIT3Q, STM32H573ZIT6, STM32L4R5QGI6STR, STM32MP131AAE3, STM32MP131AAF3, STM32MP131AAG3, STM32MP131CAE3, STM32MP131CAF3, STM32MP131CAG3, STM32MP131DAE7, STM32MP131DAF7, STM32MP131DAG7, STM32MP131FAE7, STM32MP131FAF7, STM32MP131FAG7, STM32MP133AAE3, STM32MP133AAF3, STM32MP133AAG3, STM32MP133CAE3, STM32MP133CAF3, STM32MP133CAG3, STM32MP133DAE7, STM32MP133DAF7, STM32MP133DAG7, STM32MP133FAE7, STM32MP133FAF7, STM32MP133FAG7, STM32MP135AAE3, STM32MP135AAF3, STM32MP135AAG3, STM32MP135CAE3, STM32MP135CAF3, STM32MP135CAG3, STM32MP135DAE7, STM32MP135DAF7, STM32MP135DAG7, STM32MP135F-DK, STM32MP135FAE7, STM32MP135FAF7, STM32MP135FAF7T, STM32MP135FAF7U, STM32MP135FAG7, STM32U535CBT6, STM32U535CBT6Q, STM32U535CBU6, STM32U535CBU6Q, STM32U535CCT6, STM32U535CCT6Q, STM32U535CCU6, STM32U535CCU6Q, STM32U535CET6, STM32U535CET6Q, STM32U535CEU6, STM32U535CEU6Q, STM32U535JEY6QTR, STM32U535NCY6QTR, STM32U535NEY6QTR, STM32U535RBI6, STM32U535RBI6Q, STM32U535RBT6, STM32U535RBT6Q, STM32U535RCI6, STM32U535RCI6Q, STM32U535RCT6, STM32U535RCT6Q, STM32U535REI6, STM32U535REI6Q, STM32U535RET6, STM32U535RET6Q, STM32U535VCI6, STM32U535VCI6Q, STM32U535VCT6, STM32U535VCT6Q, STM32U535VEI6, STM32U535VEI6Q, STM32U535VET6, STM32U535VET6Q, STM32U545CET6, STM32U545CET6Q, STM32U545CEU6, STM32U545CEU6Q, STM32U545JEY6QTR, STM32U545NEY6QTR, STM32U545REI6, STM32U545REI6Q, STM32U545RET6, STM32U545RET6Q, STM32U545VEI6, STM32U545VEI6Q, STM32U545VET6, STM32U545VET6Q, STM32U595AIH6, STM32U595AIH6Q, STM32U595AJH6, STM32U595AJH6Q, STM32U595QII6, STM32U595QII6Q, STM32U595QJI6, STM32U595QJI6Q, STM32U595RIT6, STM32U595RIT6Q, STM32U595RJT6, STM32U595RJT6Q, STM32U595VIT6, STM32U595VIT6Q, STM32U595VJT6, STM32U595VJT6Q, STM32U595ZIT6, STM32U595ZIT6Q, STM32U595ZIY6QTR, STM32U595ZJT6, STM32U595ZJT6Q, STM32U595ZJY6QTR, STM32U599BJY6QTR, STM32U599NIH6Q, STM32U599NJH6Q, STM32U599VIT6Q, STM32U599VJT6, STM32U599VJT6Q, STM32U599ZIT6Q, STM32U599ZIY6QTR, STM32U599ZJT6Q, STM32U599ZJY6QTR, STM32U5A5AJH6, STM32U5A5AJH6Q, STM32U5A5QJI6, STM32U5A5QJI6Q, STM32U5A5RJT6, STM32U5A5RJT6Q, STM32U5A5VJT6, STM32U5A5VJT6Q, STM32U5A5ZJT6, STM32U5A5ZJT6Q, STM32U5A5ZJY6QTR, STM32U5A9BJY6QTR, STM32U5A9J-DK, STM32U5A9NJH6Q, STM32U5A9VJT6Q, STM32U5A9ZJT6Q, STM32U5A9ZJY6QTR, STM32WB1MMCH6, STM32WBA52CEU6, STM32WBA52CEU6T, STM32WBA52CGU6, STM32WBA52CGU6T, STM32WL5MOCH6, STM32WL5MOCH6TR]
2023-05-24 10:46:37,430 [INFO] BoardInfo:880 - No configuration file found for board P-NUCLEO-WB55
2023-05-24 10:46:37,430 [INFO] DbBoards:157 - Kit is not supported: P-NUCLEO-WB55
2023-05-24 10:46:37,430 [INFO] BoardInfo:880 - No configuration file found for board STEVAL-BFA001V1B
2023-05-24 10:46:37,430 [INFO] DbBoards:157 - Kit is not supported: STEVAL-BFA001V1B
2023-05-24 10:46:37,438 [INFO] BoardInfo:880 - No configuration file found for board STEVAL-BFA001V2B
2023-05-24 10:46:37,438 [INFO] DbBoards:157 - Kit is not supported: STEVAL-BFA001V2B
2023-05-24 10:46:37,566 [INFO] DbBoards:161 - Found 187 boards, 184 are supported
2023-05-24 10:46:37,566 [INFO] ApiDb:423 - Load user favorites file C:\Users\james/.stm32cubeide/favorites.boards.txt: 0 item(s)
2023-05-24 10:46:37,574 [INFO] ApiDb:427 - User favorites Boards=[]
2023-05-24 10:46:37,574 [INFO] DbBoards:190 - Set 0 / 0 favorites Boards
2023-05-24 10:46:37,574 [INFO] ApiDb:668 - CubeFinder database Data Model version=2.1
2023-05-24 10:46:37,574 [INFO] ApiDb:669 - CubeFinder database Configuration version=3.0.35
2023-05-24 10:46:37,574 [INFO] ApiDb:670 - CubeFinder database generation date=2023-05-12 (1683877179)
2023-05-24 10:46:37,574 [INFO] ApiDb:671 - CubeFinder database FW Pack versions=[FP-ATR-ASTRA1_V2.0.0, FP-SNS-FLIGHT1_V5.0.0, FP-SNS-MOTENV1_V4.3.0, STM32Cube_FW_C0_V1.0.1, STM32Cube_FW_F0_V1.11.4, STM32Cube_FW_F3_V1.11.4, STM32Cube_FW_F4_V1.27.1, STM32Cube_FW_F7_V1.17.0, STM32Cube_FW_G0_V1.6.1, STM32Cube_FW_G4_V1.5.1, STM32Cube_FW_H5_V0.5.1, STM32Cube_FW_H5_V1.0.0, STM32Cube_FW_H7_V1.11.0, STM32Cube_FW_L0_V1.12.2, STM32Cube_FW_L5_V1.5.0, STM32Cube_FW_U5_V1.2.0, STM32Cube_FW_WBA_V1.0.0, STM32Cube_FW_WBA_V1.0.0RC1, STM32Cube_FW_WBA_V1.0.0RC3, STM32Cube_FW_WB_V1.15.0RC1, STM32Cube_FW_WB_V1.16.0, STM32Cube_FW_WB_V1.16.0RC2, STM32Cube_FW_WL_V1.3.0, X-CUBE-ALGOBUILD_V1.3.0, X-CUBE-ALS_V1.0.1, X-CUBE-AZRTOS-F4_V1.1.0, X-CUBE-AZRTOS-F7_V1.1.0, X-CUBE-AZRTOS-G0_V1.1.0, X-CUBE-AZRTOS-G4_V2.0.0, X-CUBE-AZRTOS-H7_V3.1.0, X-CUBE-AZRTOS-L4_V1.0.0, X-CUBE-AZRTOS-L5_V1.1.0, X-CUBE-AZRTOS-WB_V1.1.0, X-CUBE-AZRTOS-WL_V1.0.0, X-CUBE-BLE1_V6.2.4, X-CUBE-BLE2_V3.3.0, X-CUBE-BLEMGR_V2.0.0, X-CUBE-EEPRMA1_V4.1.0, X-CUBE-FREERTOS_V1.0.1, X-CUBE-GNSS1_V6.0.0, X-CUBE-MEMS1_V9.1.0, X-CUBE-MEMS1_V9.4.0, X-CUBE-MEMS1_V9.6.0, X-CUBE-NFC4_V3.0.0, X-CUBE-NFC7_V1.0.0, X-CUBE-SFXS2LP1_V4.0.0, X-CUBE-SUBG2_V5.0.0]
2023-05-24 10:46:38,559 [INFO] DbExamplesSqlite:376 - Ignored 45 examples not supported by CubeIDE
2023-05-24 10:46:38,559 [INFO] DbExamplesSqlite:377 - Found 7342 examples active
2023-05-24 10:46:38,559 [INFO] DbExamplesSqlite:378 - Found 1107 examples obsolete
2023-05-24 10:46:38,559 [INFO] DbExamplesSqlite:379 - Found 0 examples under development
2023-05-24 10:46:38,559 [INFO] DbExamplesSqlite:380 - Found 77 examples not building
2023-05-24 10:46:38,559 [INFO] DbExamples:125 - Found 7374 examples
2023-05-24 10:46:38,567 [INFO] DbExamples:222 - Found 92 boards with related examples
2023-05-24 10:46:38,575 [INFO] DbExamples:235 - Found 78 MCUs with related examples
2023-05-24 10:46:38,591 [INFO] ApiDb:414 - User favorites file not found: C:\Users\james/.stm32cubeide/favorites.examples.txt
2023-05-24 10:46:38,591 [INFO] DbExamples:250 - Set 0 / 0 favorites Examples
2023-05-24 10:46:38,967 [INFO] McuFinderGlobals:66 - Set McuFinderConnectedMode to true
2023-05-24 10:46:38,975 [INFO] MultiScanPanel:200 - Auto-refresh data requested => check proxy status ongoing
2023-05-24 10:46:38,975 [INFO] FinderPluginLoader:95 - Searching for filters in installed packs
2023-05-24 10:46:40,559 [INFO] LoadUrlFilesThread:185 - End of LoadServerUrlFiles without Thread
2023-05-24 10:46:40,575 [INFO] DetailPanel:341 - Set advertising image to C:/Users/james/STM32Cube/Repository/\en.prom-stm32h5-mcu-finder.jpg
2023-05-24 10:47:00,761 [INFO] MainUpdater:2854 - connection check result : 10
2023-05-24 10:47:00,761 [INFO] MainUpdater:2854 - connection check result : 10
2023-05-24 10:47:00,801 [INFO] MicroXplorer:468 - Change Database Path : 
2023-05-24 10:47:00,801 [INFO] MicroXplorer:498 - Change Database Version : DB.6.0.80
2023-05-24 10:47:00,801 [WARN] ThirdParty:871 - waiting for thirdparty lock release [close project]
2023-05-24 10:47:00,801 [INFO] ThirdParty:873 - entering critical section [close project]
2023-05-24 10:47:00,801 [INFO] ThirdParty:883 - exiting critical section [close project]
2023-05-24 10:47:00,801 [INFO] PinOutPanel:1499 - setPackage(No Configuration,No Configuration)
2023-05-24 10:47:00,809 [INFO] UtilMem:75 - Begin LoadConfig() Used Memory: 660964336 Bytes (778043392)
2023-05-24 10:47:00,809 [INFO] MicroXplorer:468 - Change Database Path : 
2023-05-24 10:47:00,809 [INFO] MicroXplorer:498 - Change Database Version : DB.6.0.80
2023-05-24 10:47:00,809 [INFO] OpenFileManager:308 - Change cursor
2023-05-24 10:47:00,857 [INFO] Mcu:1937 - Initializing MCU STM32L4A6ZGTx STM32L4A6ZGTx 
2023-05-24 10:47:00,857 [INFO] Mcu:1950 - No CPN specified => set CPN to STM32L4A6ZGT6
2023-05-24 10:47:04,026 [INFO] Context:659 - Trying to add GPIOservice into a context  which must be forbidden
2023-05-24 10:47:05,113 [INFO] ImportTextPane:194 - (OptionalMessage_ERROR) Unable to find key (Mcu.ThirdPartyNb) in loaded IOC file
2023-05-24 10:47:05,113 [INFO] ImportTextPane:194 - (OptionalMessage_ERROR) Unable to find key (Mcu.PinsNb) in loaded IOC file
2023-05-24 10:47:05,113 [INFO] ImportTextPane:194 - (OptionalMessage_ERROR) Unable to find key (Mcu.IPNb) in loaded IOC file
2023-05-24 10:47:05,425 [INFO] RtosManager:555 - Registered RTOS mode: class=CMSIS, group=RTOS, mode=CMSIS_V1, owner=FREERTOS
2023-05-24 10:47:05,425 [INFO] RtosManager:555 - Registered RTOS mode: class=CMSIS, group=RTOS2, mode=CMSIS_V2, owner=FREERTOS
2023-05-24 10:47:05,425 [INFO] RtosManager:555 - Registered RTOS mode: class=RTOS, group=Core, mode=CMSIS_V1, owner=FREERTOS
2023-05-24 10:47:05,425 [INFO] RtosManager:555 - Registered RTOS mode: class=RTOS, group=Core, mode=CMSIS_V2, owner=FREERTOS
2023-05-24 10:47:05,425 [WARN] ModelIntegratedComponent:184 - Missing modes for component STMicroelectronics:FreeRTOS:0.0.1:STMicroelectronics:RTOS:FreeRTOS:Core:::10.2.0:
2023-05-24 10:47:05,441 [WARN] ModelIntegratedComponent:63 - No mode defined for component null
2023-05-24 10:47:05,441 [WARN] ModelIntegratedComponent:63 - No mode defined for component null
2023-05-24 10:47:05,441 [WARN] ModelIntegratedComponent:63 - No mode defined for component null
2023-05-24 10:47:05,441 [WARN] ModelIntegratedComponent:63 - No mode defined for component null
2023-05-24 10:47:05,441 [WARN] ModelIntegratedComponent:63 - No mode defined for component null
2023-05-24 10:47:05,441 [WARN] ModelIntegratedComponent:63 - No mode defined for component null
2023-05-24 10:47:05,441 [WARN] ModelIntegratedComponent:63 - No mode defined for component null
2023-05-24 10:47:05,441 [WARN] ModelIntegratedComponent:63 - No mode defined for component null
2023-05-24 10:47:05,441 [WARN] ModelIntegratedComponent:63 - No mode defined for component null
2023-05-24 10:47:05,441 [WARN] ModelIntegratedComponent:63 - No mode defined for component null
2023-05-24 10:47:05,441 [WARN] ModelIntegratedComponent:63 - No mode defined for component null
2023-05-24 10:47:05,441 [WARN] ModelIntegratedComponent:63 - No mode defined for component null
2023-05-24 10:47:05,441 [WARN] ModelIntegratedComponent:63 - No mode defined for component null
2023-05-24 10:47:05,441 [WARN] ModelIntegratedComponent:63 - No mode defined for component null
2023-05-24 10:47:05,441 [WARN] ModelIntegratedComponent:63 - No mode defined for component null
2023-05-24 10:47:05,441 [WARN] ModelIntegratedComponent:63 - No mode defined for component null
2023-05-24 10:47:05,441 [WARN] ModelIntegratedComponent:63 - No mode defined for component null
2023-05-24 10:47:05,441 [WARN] ModelIntegratedComponent:63 - No mode defined for component null
2023-05-24 10:47:05,441 [WARN] ModelIntegratedComponent:63 - No mode defined for component null
2023-05-24 10:47:05,441 [WARN] ModelIntegratedComponent:63 - No mode defined for component null
2023-05-24 10:47:05,441 [WARN] ModelIntegratedComponent:63 - No mode defined for component null
2023-05-24 10:47:05,441 [WARN] ModelIntegratedComponent:63 - No mode defined for component null
2023-05-24 10:47:05,441 [WARN] ModelIntegratedComponent:63 - No mode defined for component null
2023-05-24 10:47:05,441 [WARN] ModelIntegratedComponent:63 - No mode defined for component null
2023-05-24 10:47:05,441 [WARN] ModelIntegratedComponent:63 - No mode defined for component null
2023-05-24 10:47:05,441 [WARN] ModelIntegratedComponent:63 - No mode defined for component null
2023-05-24 10:47:05,441 [WARN] ModelIntegratedComponent:63 - No mode defined for component null
2023-05-24 10:47:05,441 [WARN] ModelIntegratedComponent:63 - No mode defined for component null
2023-05-24 10:47:05,441 [WARN] ModelIntegratedComponent:63 - No mode defined for component null
2023-05-24 10:47:05,441 [WARN] ModelIntegratedComponent:63 - No mode defined for component null
2023-05-24 10:47:05,441 [WARN] ModelIntegratedComponent:63 - No mode defined for component null
2023-05-24 10:47:05,441 [WARN] ModelIntegratedComponent:63 - No mode defined for component null
2023-05-24 10:47:05,441 [WARN] ModelIntegratedComponent:63 - No mode defined for component null
2023-05-24 10:47:05,561 [INFO] ThirdPartyModel:298 - Start build external matchings
2023-05-24 10:47:06,426 [INFO] ThirdPartyModel:316 - End build external matchings
2023-05-24 10:47:07,018 [INFO] UtilMem:75 - End LoadConfig() Used Memory: 677014808 Bytes (778043392)
2023-05-24 10:47:07,050 [WARN] ThirdParty:833 - waiting for thirdparty lock release [change project]
2023-05-24 10:47:07,050 [INFO] ThirdParty:835 - entering critical section [change project]
2023-05-24 10:47:07,050 [INFO] ThirdParty:1030 - CMSIS Pack Vendor :STMicroelectronics X-CUBE-ISPU 1.1.0
2023-05-24 10:47:07,050 [INFO] ThirdParty:1030 - CMSIS Pack Vendor :RoweBots I-CUBE-UNISONRTOS 5.5.0-4
2023-05-24 10:47:07,050 [INFO] ThirdParty:1030 - CMSIS Pack Vendor :STMicroelectronics X-CUBE-GNSS1 6.0.0
2023-05-24 10:47:07,050 [INFO] ThirdParty:1030 - CMSIS Pack Vendor :STMicroelectronics USB_HOST 2.0.0
2023-05-24 10:47:07,050 [INFO] ThirdParty:1030 - CMSIS Pack Vendor :STMicroelectronics X-CUBE-AZRTOS-F4 1.1.0
2023-05-24 10:47:07,050 [INFO] ThirdParty:1030 - CMSIS Pack Vendor :STMicroelectronics LIBJPEG 8.0.0
2023-05-24 10:47:07,050 [INFO] ThirdParty:1030 - CMSIS Pack Vendor :STMicroelectronics X-CUBE-SMBUS 2.1.0
2023-05-24 10:47:07,050 [INFO] ThirdParty:1030 - CMSIS Pack Vendor :wolfSSL I-CUBE-wolfSSL 5.6.0
2023-05-24 10:47:07,050 [INFO] ThirdParty:1030 - CMSIS Pack Vendor :STMicroelectronics USB_DEVICE 3.0.0
2023-05-24 10:47:07,050 [INFO] ThirdParty:1030 - CMSIS Pack Vendor :STMicroelectronics X-CUBE-AI 8.0.0
2023-05-24 10:47:07,050 [INFO] ThirdParty:1030 - CMSIS Pack Vendor :STMicroelectronics X-CUBE-FREERTOS 1.0.0
2023-05-24 10:47:07,058 [INFO] ThirdParty:1030 - CMSIS Pack Vendor :STMicroelectronics X-CUBE-FREERTOS 1.0.1
2023-05-24 10:47:07,058 [INFO] ThirdParty:1030 - CMSIS Pack Vendor :STMicroelectronics X-CUBE-TOUCHGFX 4.21.3
2023-05-24 10:47:07,058 [INFO] ThirdParty:1030 - CMSIS Pack Vendor :STMicroelectronics X-CUBE-AZRTOS-F7 1.1.0
2023-05-24 10:47:07,058 [INFO] ThirdParty:1030 - CMSIS Pack Vendor :STMicroelectronics X-CUBE-TOUCHGFX 4.21.4
2023-05-24 10:47:07,058 [INFO] ThirdParty:1030 - CMSIS Pack Vendor :STMicroelectronics USB_DEVICE 2.0.0
2023-05-24 10:47:07,058 [INFO] ThirdParty:1030 - CMSIS Pack Vendor :STMicroelectronics X-CUBE-MEMS1 9.6.0
2023-05-24 10:47:07,058 [INFO] ThirdParty:1030 - CMSIS Pack Vendor :STMicroelectronics FP-SNS-MOTENV1 4.3.0
2023-05-24 10:47:07,058 [INFO] ThirdParty:1030 - CMSIS Pack Vendor :STMicroelectronics FP-SNS-FLIGHT1 5.0.0
2023-05-24 10:47:07,058 [INFO] ThirdParty:1030 - CMSIS Pack Vendor :STMicroelectronics FP-SNS-MOTENV1 4.3.1
2023-05-24 10:47:07,058 [INFO] ThirdParty:1030 - CMSIS Pack Vendor :STMicroelectronics FP-SNS-FLIGHT1 5.0.1
2023-05-24 10:47:07,058 [INFO] ThirdParty:1030 - CMSIS Pack Vendor :STMicroelectronics X-CUBE-ALGOBUILD 1.3.0
2023-05-24 10:47:07,058 [INFO] ThirdParty:1030 - CMSIS Pack Vendor :STMicroelectronics X-CUBE-BLE1 6.2.4
2023-05-24 10:47:07,058 [INFO] ThirdParty:1030 - CMSIS Pack Vendor :STMicroelectronics X-CUBE-AZRTOS-L5 1.1.0
2023-05-24 10:47:07,058 [INFO] ThirdParty:1030 - CMSIS Pack Vendor :STMicroelectronics FreeRTOS 0.0.1
2023-05-24 10:47:07,058 [INFO] ThirdParty:1030 - CMSIS Pack Vendor :emotas I-CUBE-CANOPEN 1.1.3
2023-05-24 10:47:07,058 [INFO] ThirdParty:1030 - CMSIS Pack Vendor :STMicroelectronics X-CUBE-AZRTOS-G0 1.1.0
2023-05-24 10:47:07,058 [INFO] ThirdParty:1030 - CMSIS Pack Vendor :STMicroelectronics X-CUBE-BLEMGR 2.0.0
2023-05-24 10:47:07,058 [INFO] ThirdParty:1030 - CMSIS Pack Vendor :STMicroelectronics X-CUBE-AI 8.0.1
2023-05-24 10:47:07,058 [INFO] ThirdParty:1030 - CMSIS Pack Vendor :STMicroelectronics X-CUBE-SUBG2 5.0.0
2023-05-24 10:47:07,058 [INFO] ThirdParty:1030 - CMSIS Pack Vendor :STMicroelectronics X-CUBE-NFC4 3.0.0
2023-05-24 10:47:07,058 [INFO] ThirdParty:1030 - CMSIS Pack Vendor :STMicroelectronics STM32_WPAN 1.0.0
2023-05-24 10:47:07,058 [INFO] ThirdParty:1030 - CMSIS Pack Vendor :STMicroelectronics lwIP 2.0.3
2023-05-24 10:47:07,058 [INFO] ThirdParty:1030 - CMSIS Pack Vendor :STMicroelectronics USB_HOST 1.0.0
2023-05-24 10:47:07,058 [INFO] ThirdParty:1030 - CMSIS Pack Vendor :STMicroelectronics X-CUBE-AZRTOS-G4 2.0.0
2023-05-24 10:47:07,058 [INFO] ThirdParty:1030 - CMSIS Pack Vendor :STMicroelectronics PDM2PCM 3.1.0
2023-05-24 10:47:07,058 [INFO] ThirdParty:1030 - CMSIS Pack Vendor :STMicroelectronics X-CUBE-AZRTOS-H7 3.1.0
2023-05-24 10:47:07,058 [INFO] ThirdParty:1030 - CMSIS Pack Vendor :STMicroelectronics X-CUBE-TOF1 3.3.0
2023-05-24 10:47:07,058 [INFO] ThirdParty:1030 - CMSIS Pack Vendor :STMicroelectronics FP-ATR-ASTRA1 1.1.1
2023-05-24 10:47:07,058 [INFO] ThirdParty:1030 - CMSIS Pack Vendor :STMicroelectronics PDM2PCM 3.3.0
2023-05-24 10:47:07,058 [INFO] ThirdParty:1030 - CMSIS Pack Vendor :STMicroelectronics X-CUBE-DISPLAY 3.0.0
2023-05-24 10:47:07,058 [INFO] ThirdParty:1030 - CMSIS Pack Vendor :STMicroelectronics X-CUBE-AZRTOS-G4 1.0.0
2023-05-24 10:47:07,058 [INFO] ThirdParty:1030 - CMSIS Pack Vendor :STMicroelectronics FP-ATR-SIGFOX1 3.2.0
2023-05-24 10:47:07,058 [INFO] ThirdParty:1030 - CMSIS Pack Vendor :STMicroelectronics X-CUBE-AZRTOS-L4 1.0.0
2023-05-24 10:47:07,058 [INFO] ThirdParty:1030 - CMSIS Pack Vendor :STMicroelectronics HAL Drivers 0.0.0
2023-05-24 10:47:07,058 [INFO] ThirdParty:1030 - CMSIS Pack Vendor :STMicroelectronics MBEDTLS 2.16.2
2023-05-24 10:47:07,058 [INFO] ThirdParty:1030 - CMSIS Pack Vendor :STMicroelectronics MBEDTLS 2.14.1
2023-05-24 10:47:07,058 [INFO] ThirdParty:1030 - CMSIS Pack Vendor :STMicroelectronics X-CUBE-NFC7 1.0.0
2023-05-24 10:47:07,058 [INFO] ThirdParty:1030 - CMSIS Pack Vendor :STMicroelectronics X-CUBE-AZRTOS-WL 1.0.0
2023-05-24 10:47:07,058 [INFO] ThirdParty:1030 - CMSIS Pack Vendor :STMicroelectronics X-CUBE-EEPRMA1 4.1.0
2023-05-24 10:47:07,058 [INFO] ThirdParty:1030 - CMSIS Pack Vendor :portGmbH I-Cube-SoM-uGOAL 1.1.0
2023-05-24 10:47:07,058 [INFO] ThirdParty:1030 - CMSIS Pack Vendor :STMicroelectronics X-CUBE-ALS 1.0.1
2023-05-24 10:47:07,058 [INFO] ThirdParty:1030 - CMSIS Pack Vendor :STMicroelectronics X-CUBE-MEMS1 9.5.0
2023-05-24 10:47:07,058 [INFO] ThirdParty:1030 - CMSIS Pack Vendor :STMicroelectronics ThreadX 1.0.0
2023-05-24 10:47:07,058 [INFO] ThirdParty:1030 - CMSIS Pack Vendor :STMicroelectronics X-CUBE-AZRTOS-WB 1.1.0
2023-05-24 10:47:07,058 [INFO] ThirdParty:1030 - CMSIS Pack Vendor :SEGGER I-CUBE-embOS 1.3.1
2023-05-24 10:47:07,058 [INFO] ThirdParty:1030 - CMSIS Pack Vendor :STMicroelectronics USB_DEVICE 1.0.0
2023-05-24 10:47:07,058 [INFO] ThirdParty:1030 - CMSIS Pack Vendor :STMicroelectronics X-CUBE-AZRTOS-L4 2.0.0
2023-05-24 10:47:07,058 [INFO] ThirdParty:1030 - CMSIS Pack Vendor :STMicroelectronics ThreadX 0.0.2
2023-05-24 10:47:07,058 [INFO] ThirdParty:1030 - CMSIS Pack Vendor :WES I-CUBE-Cesium 1.3.0
2023-05-24 10:47:07,058 [INFO] ThirdParty:1030 - CMSIS Pack Vendor :STMicroelectronics FP-ATR-ASTRA1 2.0.0
2023-05-24 10:47:07,058 [INFO] ThirdParty:1030 - CMSIS Pack Vendor :STMicroelectronics lwIP 2.1.2
2023-05-24 10:47:07,058 [INFO] ThirdParty:1030 - CMSIS Pack Vendor :STMicroelectronics X-CUBE-SFXS2LP1 4.0.0
2023-05-24 10:47:07,058 [INFO] ThirdParty:1030 - CMSIS Pack Vendor :STMicroelectronics X-CUBE-BLE2 3.3.0
2023-05-24 10:47:07,058 [INFO] ThirdParty:1030 - CMSIS Pack Vendor :STMicroelectronics PDM2PCM 3.2.0
2023-05-24 10:47:07,058 [INFO] ThirdParty:1030 - CMSIS Pack Vendor :STMicroelectronics X-CUBE-AZRTOS-H7 3.0.0
2023-05-24 10:47:07,058 [INFO] ThirdParty:841 - exiting critical section [change project]
2023-05-24 10:47:07,802 [INFO] PinOutPanel:1499 - setPackage(No Configuration,No Configuration)
2023-05-24 10:47:07,802 [INFO] PinOutPanel:1499 - setPackage(STM32L4A6ZGTx,LQFP144)
2023-05-24 10:47:08,531 [INFO] UtilMem:75 - Before build in PCC Used Memory: 599430344 Bytes (778043392)
2023-05-24 10:47:09,507 [INFO] UtilMem:75 - After build in PCC Used Memory: 654384216 Bytes (778043392)
2023-05-24 10:47:09,555 [INFO] IPUIPlugin:80 - create IPUIPlugin
2023-05-24 10:47:09,555 [INFO] IPUIPlugin:80 - create IPUIPlugin
2023-05-24 10:47:09,555 [INFO] IPUIPlugin:80 - create IPUIPlugin
2023-05-24 10:47:09,555 [INFO] IPUIPlugin:80 - create IPUIPlugin
2023-05-24 10:47:09,555 [INFO] IPUIPlugin:80 - create IPUIPlugin
2023-05-24 10:47:09,555 [INFO] IPUIPlugin:80 - create IPUIPlugin
2023-05-24 10:47:09,563 [INFO] IPUIPlugin:80 - create IPUIPlugin
2023-05-24 10:47:09,563 [INFO] IPUIPlugin:80 - create IPUIPlugin
2023-05-24 10:47:09,563 [INFO] IPUIPlugin:80 - create IPUIPlugin
2023-05-24 10:47:09,563 [INFO] IPUIPlugin:80 - create IPUIPlugin
2023-05-24 10:47:09,563 [INFO] IPUIPlugin:80 - create IPUIPlugin
2023-05-24 10:47:09,563 [INFO] IPUIPlugin:80 - create IPUIPlugin
2023-05-24 10:47:09,563 [INFO] IPUIPlugin:80 - create IPUIPlugin
2023-05-24 10:47:09,563 [INFO] IPUIPlugin:80 - create IPUIPlugin
2023-05-24 10:47:09,563 [INFO] IPUIPlugin:80 - create IPUIPlugin
2023-05-24 10:47:09,563 [INFO] IPUIPlugin:80 - create IPUIPlugin
2023-05-24 10:47:09,563 [INFO] IPUIPlugin:80 - create IPUIPlugin
2023-05-24 10:47:09,563 [INFO] IPUIPlugin:80 - create IPUIPlugin
2023-05-24 10:47:09,563 [INFO] IPUIPlugin:80 - create IPUIPlugin
2023-05-24 10:47:09,563 [INFO] IPUIPlugin:80 - create IPUIPlugin
2023-05-24 10:47:09,563 [INFO] IPUIPlugin:80 - create IPUIPlugin
2023-05-24 10:47:09,563 [INFO] IPUIPlugin:80 - create IPUIPlugin
2023-05-24 10:47:09,563 [INFO] IPUIPlugin:80 - create IPUIPlugin
2023-05-24 10:47:09,563 [INFO] IPUIPlugin:80 - create IPUIPlugin
2023-05-24 10:47:09,563 [INFO] IPUIPlugin:80 - create IPUIPlugin
2023-05-24 10:47:09,563 [INFO] IPUIPlugin:80 - create IPUIPlugin
2023-05-24 10:47:09,563 [INFO] IPUIPlugin:80 - create IPUIPlugin
2023-05-24 10:47:09,563 [INFO] IPUIPlugin:80 - create IPUIPlugin
2023-05-24 10:47:09,563 [INFO] IPUIPlugin:80 - create IPUIPlugin
2023-05-24 10:47:09,563 [INFO] IPUIPlugin:80 - create IPUIPlugin
2023-05-24 10:47:09,563 [INFO] IPUIPlugin:80 - create IPUIPlugin
2023-05-24 10:47:09,563 [INFO] IPUIPlugin:80 - create IPUIPlugin
2023-05-24 10:47:09,563 [INFO] IPUIPlugin:80 - create IPUIPlugin
2023-05-24 10:47:09,563 [INFO] IPUIPlugin:80 - create IPUIPlugin
2023-05-24 10:47:09,563 [INFO] IPUIPlugin:80 - create IPUIPlugin
2023-05-24 10:47:09,563 [INFO] IPUIPlugin:80 - create IPUIPlugin
2023-05-24 10:47:09,563 [INFO] IPUIPlugin:80 - create IPUIPlugin
2023-05-24 10:47:09,571 [INFO] IPUIPlugin:80 - create IPUIPlugin
2023-05-24 10:47:09,571 [INFO] IPUIPlugin:80 - create IPUIPlugin
2023-05-24 10:47:09,571 [INFO] IPUIPlugin:80 - create IPUIPlugin
2023-05-24 10:47:09,571 [INFO] IPUIPlugin:80 - create IPUIPlugin
2023-05-24 10:47:09,571 [INFO] IPUIPlugin:80 - create IPUIPlugin
2023-05-24 10:47:09,571 [INFO] IPUIPlugin:80 - create IPUIPlugin
2023-05-24 10:47:09,571 [INFO] IPUIPlugin:80 - create IPUIPlugin
2023-05-24 10:47:09,571 [INFO] IPUIPlugin:80 - create IPUIPlugin
2023-05-24 10:47:09,571 [INFO] IPUIPlugin:80 - create IPUIPlugin
2023-05-24 10:47:09,571 [INFO] IPUIPlugin:80 - create IPUIPlugin
2023-05-24 10:47:09,571 [INFO] IPUIPlugin:80 - create IPUIPlugin
2023-05-24 10:47:09,571 [INFO] IPUIPlugin:80 - create IPUIPlugin
2023-05-24 10:47:09,571 [INFO] IPUIPlugin:80 - create IPUIPlugin
2023-05-24 10:47:09,571 [INFO] IPUIPlugin:80 - create IPUIPlugin
2023-05-24 10:47:09,571 [INFO] IPUIPlugin:80 - create IPUIPlugin
2023-05-24 10:47:09,571 [INFO] IPUIPlugin:80 - create IPUIPlugin
2023-05-24 10:47:09,571 [INFO] IPUIPlugin:80 - create IPUIPlugin
2023-05-24 10:47:09,571 [INFO] IPUIPlugin:80 - create IPUIPlugin
2023-05-24 10:47:09,579 [INFO] IPUIPlugin:80 - create IPUIPlugin
2023-05-24 10:47:09,579 [INFO] IPUIPlugin:80 - create IPUIPlugin
2023-05-24 10:47:09,579 [INFO] IPUIPlugin:80 - create IPUIPlugin
2023-05-24 10:47:09,579 [INFO] IPUIPlugin:80 - create IPUIPlugin
2023-05-24 10:47:09,579 [INFO] IPUIPlugin:80 - create IPUIPlugin
2023-05-24 10:47:09,579 [INFO] IPUIPlugin:80 - create IPUIPlugin
2023-05-24 10:47:09,579 [INFO] IPUIPlugin:80 - create IPUIPlugin
2023-05-24 10:47:09,579 [INFO] IPUIPlugin:80 - create IPUIPlugin
2023-05-24 10:47:09,579 [INFO] IPUIPlugin:80 - create IPUIPlugin
2023-05-24 10:47:09,579 [INFO] IPUIPlugin:80 - create IPUIPlugin
2023-05-24 10:47:09,579 [INFO] IPUIPlugin:80 - create IPUIPlugin
2023-05-24 10:47:09,779 [INFO] CADModel:165 - CPN selected for project levelSTM32L4A6ZGT6
2023-05-24 10:47:09,779 [INFO] CADModel:114 - Register for checkConnection events
2023-05-24 10:47:09,835 [INFO] OpenFileManager:328 - Restore cursor
2023-05-24 10:47:10,755 [INFO] UtilMem:75 - End SaveConfig() Used Memory: 646959848 Bytes (778043392)
2023-05-24 10:47:10,835 [INFO] UtilMem:75 - End SaveConfig() Used Memory: 678867656 Bytes (778043392)
2023-05-24 10:47:11,403 [INFO] BlockDiagram:2759 - set Specific Code input for plugin: RCC
2023-05-24 10:47:11,403 [INFO] BlockDiagram:2759 - set Specific Code input for plugin: NVIC
2023-05-24 10:47:11,403 [INFO] CodeGenerator:793 - code generatio: config db path: C:\ST\STM32CubeIDE_1.12.0\STM32CubeIDE\plugins\com.st.stm32cube.common.mx_6.8.0.202302231600\\db\
2023-05-24 10:47:11,819 [INFO] CodeEngine:255 - oldGeneratedFile, C:\Users\james\STM32CubeIDE\workspace_1.12.0\A7\MXTmpFiles\license.tmp_save
2023-05-24 10:47:12,315 [INFO] CodeEngine:279 - Generated code: C:\Users\james\STM32CubeIDE\workspace_1.12.0\A7\MXTmpFiles\license.tmp
2023-05-24 10:47:12,347 [INFO] CodeEngine:255 - oldGeneratedFile, C:\Users\james\STM32CubeIDE\workspace_1.12.0\A7\Core\Src\stm32l4xx_it.c_save
2023-05-24 10:47:12,523 [INFO] CodeEngine:279 - Generated code: C:\Users\james\STM32CubeIDE\workspace_1.12.0\A7\Core\Src\stm32l4xx_it.c
2023-05-24 10:47:12,531 [INFO] CodeEngine:255 - oldGeneratedFile, C:\Users\james\STM32CubeIDE\workspace_1.12.0\A7\Core\Inc\stm32l4xx_it.h_save
2023-05-24 10:47:12,643 [INFO] CodeEngine:279 - Generated code: C:\Users\james\STM32CubeIDE\workspace_1.12.0\A7\Core\Inc\stm32l4xx_it.h
2023-05-24 10:47:12,870 [INFO] CodeEngine:255 - oldGeneratedFile, C:\Users\james\STM32CubeIDE\workspace_1.12.0\A7\Core\Src\stm32l4xx_hal_msp.c_save
2023-05-24 10:47:13,046 [INFO] CodeEngine:279 - Generated code: C:\Users\james\STM32CubeIDE\workspace_1.12.0\A7\Core\Src\stm32l4xx_hal_msp.c
2023-05-24 10:47:13,054 [INFO] CodeEngine:255 - oldGeneratedFile, C:\Users\james\STM32CubeIDE\workspace_1.12.0\A7\MXTmpFiles\system.tmp_save
2023-05-24 10:47:13,150 [INFO] CodeEngine:279 - Generated code: C:\Users\james\STM32CubeIDE\workspace_1.12.0\A7\MXTmpFiles\system.tmp
2023-05-24 10:47:13,174 [INFO] CodeEngine:311 - oldGeneratedFile, C:\Users\james\STM32CubeIDE\workspace_1.12.0\A7\Core\Inc\stm32l4xx_hal_conf.h_save
2023-05-24 10:47:13,302 [INFO] CodeEngine:335 - Generated code: C:\Users\james\STM32CubeIDE\workspace_1.12.0\A7\Core\Inc\stm32l4xx_hal_conf.h
2023-05-24 10:47:13,390 [INFO] CodeEngine:255 - oldGeneratedFile, C:\Users\james\STM32CubeIDE\workspace_1.12.0\A7\Core\Inc\main.h_save
2023-05-24 10:47:13,534 [INFO] CodeEngine:279 - Generated code: C:\Users\james\STM32CubeIDE\workspace_1.12.0\A7\Core\Inc\main.h
2023-05-24 10:47:13,550 [INFO] CodeEngine:255 - oldGeneratedFile, C:\Users\james\STM32CubeIDE\workspace_1.12.0\A7\Core\Src\main.c_save
2023-05-24 10:47:13,726 [INFO] CodeEngine:279 - Generated code: C:\Users\james\STM32CubeIDE\workspace_1.12.0\A7\Core\Src\main.c
2023-05-24 10:47:14,750 [INFO] ProjectBuilder:2996 - Time for Copy HAL[1] : 216mS.
2023-05-24 10:47:14,766 [INFO] ProjectBuilder:4304 - Project Generator version: 3.19.2
2023-05-24 10:47:15,174 [INFO] ConfigFileManager:1483 - The Die is : DIE461
2023-05-24 10:47:15,198 [INFO] ApiDbMcu:507 - Load IP Config File for FATFS
2023-05-24 10:47:15,222 [INFO] ApiDbMcu:507 - Load IP Config File for FREERTOS
2023-05-24 10:47:15,246 [INFO] ApiDbMcu:507 - Load IP Config File for TOUCHSENSING
2023-05-24 10:47:15,262 [INFO] ApiDbMcu:507 - Load IP Config File for USB_DEVICE
2023-05-24 10:47:15,278 [INFO] ApiDbMcu:507 - Load IP Config File for USB_HOST
2023-05-24 10:47:16,625 [INFO] LogOutputStream:77 - [STDOUT_REDIRECT] 
2023-05-24 10:47:21,604 [INFO] ProjectBuilder:4505 - Time for Generating toolchain IDE Files: 6838mS.
2023-05-24 10:47:21,604 [INFO] ProjectBuilder:2867 - Time for Copy CMSIS : 0mS.
2023-05-24 10:47:21,604 [INFO] ProjectBuilder:2867 - Time for Copy CMSIS : 0mS.
2023-05-24 10:47:22,572 [INFO] McuFinderGlobals:66 - Set McuFinderConnectedMode to true
2023-05-24 10:47:22,572 [INFO] ApiDb:448 - Save user favorites file C:\Users\james/.stm32cubeide/favorites.mcus.txt: 0 item(s)
2023-05-24 10:47:22,572 [INFO] ApiDb:452 - User favorites MCUs=[]
2023-05-24 15:25:41,335 [INFO] Activator:176 - 


2023-05-24 15:25:41,337 [INFO] Activator:177 - !SESSION log4j initialized
2023-05-24 15:25:46,483 [INFO] LogOutputStream:77 - [STDOUT_REDIRECT] 
2023-05-24 15:25:46,879 [ERROR] ConfigurationRetriever:142 - IOException on connection: sw-center.st.com
2023-05-24 15:25:46,880 [ERROR] ConfigurationRetriever:142 - IOException on connection: sw-center.st.com
2023-05-24 15:25:46,880 [ERROR] ConfigurationRetriever:142 - IOException on connection: sw-center.st.com
2023-05-24 15:26:08,288 [ERROR] LogOutputStream:75 - [STDERR_REDIRECT] SLF4J: Failed to load class "org.slf4j.impl.StaticLoggerBinder".
2023-05-24 15:26:08,289 [ERROR] LogOutputStream:75 - [STDERR_REDIRECT] SLF4J: Defaulting to no-operation (NOP) logger implementation
2023-05-24 15:26:08,291 [ERROR] LogOutputStream:75 - [STDERR_REDIRECT] SLF4J: See http://www.slf4j.org/codes.html#StaticLoggerBinder for further details.
